CRITICAL - 2022-05-27 12:40:31 --> Undefined variable: usuario
#0 C:\xampp\htdocs\ProyectoX\app\Views\back\CRUD\actualizarUsuario.php(7): CodeIgniter\Debug\Exceptions->errorHandler(8, 'Undefined varia...', 'C:\\xampp\\htdocs...', 7, Array)
#1 C:\xampp\htdocs\ProyectoX\system\View\View.php(210): include('C:\\xampp\\htdocs...')
#2 C:\xampp\htdocs\ProyectoX\system\View\View.php(213): CodeIgniter\View\View->CodeIgniter\View\{closure}()
#3 C:\xampp\htdocs\ProyectoX\system\Common.php(1089): CodeIgniter\View\View->render('back/CRUD/actua...', Array, true)
#4 C:\xampp\htdocs\ProyectoX\app\Controllers\crud_controller.php(28): view('back/CRUD/actua...')
#5 C:\xampp\htdocs\ProyectoX\system\CodeIgniter.php(832): App\Controllers\crud_controller->actualizar('3')
#6 C:\xampp\htdocs\ProyectoX\system\CodeIgniter.php(419): CodeIgniter\CodeIgniter->runController(Object(App\Controllers\crud_controller))
#7 C:\xampp\htdocs\ProyectoX\system\CodeIgniter.php(326): CodeIgniter\CodeIgniter->handleRequest(NULL, Object(Config\Cache), false)
#8 C:\xampp\htdocs\ProyectoX\index.php(37): CodeIgniter\CodeIgniter->run()
#9 {main}
CRITICAL - 2022-05-27 12:41:10 --> Undefined variable: usuario
#0 C:\xampp\htdocs\ProyectoX\app\Views\back\CRUD\actualizarUsuario.php(7): CodeIgniter\Debug\Exceptions->errorHandler(8, 'Undefined varia...', 'C:\\xampp\\htdocs...', 7, Array)
#1 C:\xampp\htdocs\ProyectoX\system\View\View.php(210): include('C:\\xampp\\htdocs...')
#2 C:\xampp\htdocs\ProyectoX\system\View\View.php(213): CodeIgniter\View\View->CodeIgniter\View\{closure}()
#3 C:\xampp\htdocs\ProyectoX\system\Common.php(1089): CodeIgniter\View\View->render('back/CRUD/actua...', Array, true)
#4 C:\xampp\htdocs\ProyectoX\app\Controllers\crud_controller.php(28): view('back/CRUD/actua...')
#5 C:\xampp\htdocs\ProyectoX\system\CodeIgniter.php(832): App\Controllers\crud_controller->actualizar('3')
#6 C:\xampp\htdocs\ProyectoX\system\CodeIgniter.php(419): CodeIgniter\CodeIgniter->runController(Object(App\Controllers\crud_controller))
#7 C:\xampp\htdocs\ProyectoX\system\CodeIgniter.php(326): CodeIgniter\CodeIgniter->handleRequest(NULL, Object(Config\Cache), false)
#8 C:\xampp\htdocs\ProyectoX\index.php(37): CodeIgniter\CodeIgniter->run()
#9 {main}
CRITICAL - 2022-05-27 12:41:11 --> Undefined variable: usuario
#0 C:\xampp\htdocs\ProyectoX\app\Views\back\CRUD\actualizarUsuario.php(7): CodeIgniter\Debug\Exceptions->errorHandler(8, 'Undefined varia...', 'C:\\xampp\\htdocs...', 7, Array)
#1 C:\xampp\htdocs\ProyectoX\system\View\View.php(210): include('C:\\xampp\\htdocs...')
#2 C:\xampp\htdocs\ProyectoX\system\View\View.php(213): CodeIgniter\View\View->CodeIgniter\View\{closure}()
#3 C:\xampp\htdocs\ProyectoX\system\Common.php(1089): CodeIgniter\View\View->render('back/CRUD/actua...', Array, true)
#4 C:\xampp\htdocs\ProyectoX\app\Controllers\crud_controller.php(28): view('back/CRUD/actua...')
#5 C:\xampp\htdocs\ProyectoX\system\CodeIgniter.php(832): App\Controllers\crud_controller->actualizar('3')
#6 C:\xampp\htdocs\ProyectoX\system\CodeIgniter.php(419): CodeIgniter\CodeIgniter->runController(Object(App\Controllers\crud_controller))
#7 C:\xampp\htdocs\ProyectoX\system\CodeIgniter.php(326): CodeIgniter\CodeIgniter->handleRequest(NULL, Object(Config\Cache), false)
#8 C:\xampp\htdocs\ProyectoX\index.php(37): CodeIgniter\CodeIgniter->run()
#9 {main}
CRITICAL - 2022-05-27 12:41:13 --> Undefined variable: usuario
#0 C:\xampp\htdocs\ProyectoX\app\Views\back\CRUD\actualizarUsuario.php(7): CodeIgniter\Debug\Exceptions->errorHandler(8, 'Undefined varia...', 'C:\\xampp\\htdocs...', 7, Array)
#1 C:\xampp\htdocs\ProyectoX\system\View\View.php(210): include('C:\\xampp\\htdocs...')
#2 C:\xampp\htdocs\ProyectoX\system\View\View.php(213): CodeIgniter\View\View->CodeIgniter\View\{closure}()
#3 C:\xampp\htdocs\ProyectoX\system\Common.php(1089): CodeIgniter\View\View->render('back/CRUD/actua...', Array, true)
#4 C:\xampp\htdocs\ProyectoX\app\Controllers\crud_controller.php(28): view('back/CRUD/actua...')
#5 C:\xampp\htdocs\ProyectoX\system\CodeIgniter.php(832): App\Controllers\crud_controller->actualizar('3')
#6 C:\xampp\htdocs\ProyectoX\system\CodeIgniter.php(419): CodeIgniter\CodeIgniter->runController(Object(App\Controllers\crud_controller))
#7 C:\xampp\htdocs\ProyectoX\system\CodeIgniter.php(326): CodeIgniter\CodeIgniter->handleRequest(NULL, Object(Config\Cache), false)
#8 C:\xampp\htdocs\ProyectoX\index.php(37): CodeIgniter\CodeIgniter->run()
#9 {main}
CRITICAL - 2022-05-27 12:41:45 --> Undefined variable: usuario
#0 C:\xampp\htdocs\ProyectoX\app\Views\back\CRUD\actualizarUsuario.php(7): CodeIgniter\Debug\Exceptions->errorHandler(8, 'Undefined varia...', 'C:\\xampp\\htdocs...', 7, Array)
#1 C:\xampp\htdocs\ProyectoX\system\View\View.php(210): include('C:\\xampp\\htdocs...')
#2 C:\xampp\htdocs\ProyectoX\system\View\View.php(213): CodeIgniter\View\View->CodeIgniter\View\{closure}()
#3 C:\xampp\htdocs\ProyectoX\system\Common.php(1089): CodeIgniter\View\View->render('back/CRUD/actua...', Array, true)
#4 C:\xampp\htdocs\ProyectoX\app\Controllers\crud_controller.php(28): view('back/CRUD/actua...')
#5 C:\xampp\htdocs\ProyectoX\system\CodeIgniter.php(832): App\Controllers\crud_controller->actualizar('4')
#6 C:\xampp\htdocs\ProyectoX\system\CodeIgniter.php(419): CodeIgniter\CodeIgniter->runController(Object(App\Controllers\crud_controller))
#7 C:\xampp\htdocs\ProyectoX\system\CodeIgniter.php(326): CodeIgniter\CodeIgniter->handleRequest(NULL, Object(Config\Cache), false)
#8 C:\xampp\htdocs\ProyectoX\index.php(37): CodeIgniter\CodeIgniter->run()
#9 {main}
CRITICAL - 2022-05-27 12:42:12 --> Undefined variable: datos
#0 C:\xampp\htdocs\ProyectoX\app\Views\back\CRUD\actualizarUsuario.php(7): CodeIgniter\Debug\Exceptions->errorHandler(8, 'Undefined varia...', 'C:\\xampp\\htdocs...', 7, Array)
#1 C:\xampp\htdocs\ProyectoX\system\View\View.php(210): include('C:\\xampp\\htdocs...')
#2 C:\xampp\htdocs\ProyectoX\system\View\View.php(213): CodeIgniter\View\View->CodeIgniter\View\{closure}()
#3 C:\xampp\htdocs\ProyectoX\system\Common.php(1089): CodeIgniter\View\View->render('back/CRUD/actua...', Array, true)
#4 C:\xampp\htdocs\ProyectoX\app\Controllers\crud_controller.php(28): view('back/CRUD/actua...')
#5 C:\xampp\htdocs\ProyectoX\system\CodeIgniter.php(832): App\Controllers\crud_controller->actualizar('4')
#6 C:\xampp\htdocs\ProyectoX\system\CodeIgniter.php(419): CodeIgniter\CodeIgniter->runController(Object(App\Controllers\crud_controller))
#7 C:\xampp\htdocs\ProyectoX\system\CodeIgniter.php(326): CodeIgniter\CodeIgniter->handleRequest(NULL, Object(Config\Cache), false)
#8 C:\xampp\htdocs\ProyectoX\index.php(37): CodeIgniter\CodeIgniter->run()
#9 {main}
CRITICAL - 2022-05-27 13:31:32 --> Undefined variable: usuario
#0 C:\xampp\htdocs\ProyectoX\app\Views\back\CRUD\actualizarUsuario.php(7): CodeIgniter\Debug\Exceptions->errorHandler(8, 'Undefined varia...', 'C:\\xampp\\htdocs...', 7, Array)
#1 C:\xampp\htdocs\ProyectoX\system\View\View.php(210): include('C:\\xampp\\htdocs...')
#2 C:\xampp\htdocs\ProyectoX\system\View\View.php(213): CodeIgniter\View\View->CodeIgniter\View\{closure}()
#3 C:\xampp\htdocs\ProyectoX\system\Common.php(1089): CodeIgniter\View\View->render('/back/CRUD/actu...', Array, true)
#4 C:\xampp\htdocs\ProyectoX\app\Controllers\crud_controller.php(90): view('/back/CRUD/actu...', Array)
#5 C:\xampp\htdocs\ProyectoX\system\CodeIgniter.php(832): App\Controllers\crud_controller->formValidationActualizacion()
#6 C:\xampp\htdocs\ProyectoX\system\CodeIgniter.php(419): CodeIgniter\CodeIgniter->runController(Object(App\Controllers\crud_controller))
#7 C:\xampp\htdocs\ProyectoX\system\CodeIgniter.php(326): CodeIgniter\CodeIgniter->handleRequest(NULL, Object(Config\Cache), false)
#8 C:\xampp\htdocs\ProyectoX\index.php(37): CodeIgniter\CodeIgniter->run()
#9 {main}
CRITICAL - 2022-05-27 13:32:39 --> Undefined variable: usuario
#0 C:\xampp\htdocs\ProyectoX\app\Views\back\CRUD\actualizarUsuario.php(9): CodeIgniter\Debug\Exceptions->errorHandler(8, 'Undefined varia...', 'C:\\xampp\\htdocs...', 9, Array)
#1 C:\xampp\htdocs\ProyectoX\system\View\View.php(210): include('C:\\xampp\\htdocs...')
#2 C:\xampp\htdocs\ProyectoX\system\View\View.php(213): CodeIgniter\View\View->CodeIgniter\View\{closure}()
#3 C:\xampp\htdocs\ProyectoX\system\Common.php(1089): CodeIgniter\View\View->render('/back/CRUD/actu...', Array, true)
#4 C:\xampp\htdocs\ProyectoX\app\Controllers\crud_controller.php(90): view('/back/CRUD/actu...', Array)
#5 C:\xampp\htdocs\ProyectoX\system\CodeIgniter.php(832): App\Controllers\crud_controller->formValidationActualizacion()
#6 C:\xampp\htdocs\ProyectoX\system\CodeIgniter.php(419): CodeIgniter\CodeIgniter->runController(Object(App\Controllers\crud_controller))
#7 C:\xampp\htdocs\ProyectoX\system\CodeIgniter.php(326): CodeIgniter\CodeIgniter->handleRequest(NULL, Object(Config\Cache), false)
#8 C:\xampp\htdocs\ProyectoX\index.php(37): CodeIgniter\CodeIgniter->run()
#9 {main}
CRITICAL - 2022-05-27 13:33:27 --> Undefined variable: usuario
#0 C:\xampp\htdocs\ProyectoX\app\Views\back\CRUD\actualizarUsuario.php(9): CodeIgniter\Debug\Exceptions->errorHandler(8, 'Undefined varia...', 'C:\\xampp\\htdocs...', 9, Array)
#1 C:\xampp\htdocs\ProyectoX\system\View\View.php(210): include('C:\\xampp\\htdocs...')
#2 C:\xampp\htdocs\ProyectoX\system\View\View.php(213): CodeIgniter\View\View->CodeIgniter\View\{closure}()
#3 C:\xampp\htdocs\ProyectoX\system\Common.php(1089): CodeIgniter\View\View->render('/back/CRUD/actu...', Array, true)
#4 C:\xampp\htdocs\ProyectoX\app\Controllers\crud_controller.php(90): view('/back/CRUD/actu...', Array)
#5 C:\xampp\htdocs\ProyectoX\system\CodeIgniter.php(832): App\Controllers\crud_controller->formValidationActualizacion()
#6 C:\xampp\htdocs\ProyectoX\system\CodeIgniter.php(419): CodeIgniter\CodeIgniter->runController(Object(App\Controllers\crud_controller))
#7 C:\xampp\htdocs\ProyectoX\system\CodeIgniter.php(326): CodeIgniter\CodeIgniter->handleRequest(NULL, Object(Config\Cache), false)
#8 C:\xampp\htdocs\ProyectoX\index.php(37): CodeIgniter\CodeIgniter->run()
#9 {main}
CRITICAL - 2022-05-27 13:39:32 --> Undefined variable: usuario
#0 C:\xampp\htdocs\ProyectoX\app\Views\back\CRUD\actualizarUsuario.php(7): CodeIgniter\Debug\Exceptions->errorHandler(8, 'Undefined varia...', 'C:\\xampp\\htdocs...', 7, Array)
#1 C:\xampp\htdocs\ProyectoX\system\View\View.php(210): include('C:\\xampp\\htdocs...')
#2 C:\xampp\htdocs\ProyectoX\system\View\View.php(213): CodeIgniter\View\View->CodeIgniter\View\{closure}()
#3 C:\xampp\htdocs\ProyectoX\system\Common.php(1089): CodeIgniter\View\View->render('/back/CRUD/actu...', Array, true)
#4 C:\xampp\htdocs\ProyectoX\app\Controllers\crud_controller.php(90): view('/back/CRUD/actu...', Array)
#5 C:\xampp\htdocs\ProyectoX\system\CodeIgniter.php(832): App\Controllers\crud_controller->formValidationActualizacion()
#6 C:\xampp\htdocs\ProyectoX\system\CodeIgniter.php(419): CodeIgniter\CodeIgniter->runController(Object(App\Controllers\crud_controller))
#7 C:\xampp\htdocs\ProyectoX\system\CodeIgniter.php(326): CodeIgniter\CodeIgniter->handleRequest(NULL, Object(Config\Cache), false)
#8 C:\xampp\htdocs\ProyectoX\index.php(37): CodeIgniter\CodeIgniter->run()
#9 {main}
CRITICAL - 2022-05-27 13:40:30 --> Undefined variable: usuario
#0 C:\xampp\htdocs\ProyectoX\app\Views\back\CRUD\actualizarUsuario.php(7): CodeIgniter\Debug\Exceptions->errorHandler(8, 'Undefined varia...', 'C:\\xampp\\htdocs...', 7, Array)
#1 C:\xampp\htdocs\ProyectoX\system\View\View.php(210): include('C:\\xampp\\htdocs...')
#2 C:\xampp\htdocs\ProyectoX\system\View\View.php(213): CodeIgniter\View\View->CodeIgniter\View\{closure}()
#3 C:\xampp\htdocs\ProyectoX\system\Common.php(1089): CodeIgniter\View\View->render('/back/CRUD/actu...', Array, true)
#4 C:\xampp\htdocs\ProyectoX\app\Controllers\crud_controller.php(90): view('/back/CRUD/actu...', Array)
#5 C:\xampp\htdocs\ProyectoX\system\CodeIgniter.php(832): App\Controllers\crud_controller->formValidationActualizacion()
#6 C:\xampp\htdocs\ProyectoX\system\CodeIgniter.php(419): CodeIgniter\CodeIgniter->runController(Object(App\Controllers\crud_controller))
#7 C:\xampp\htdocs\ProyectoX\system\CodeIgniter.php(326): CodeIgniter\CodeIgniter->handleRequest(NULL, Object(Config\Cache), false)
#8 C:\xampp\htdocs\ProyectoX\index.php(37): CodeIgniter\CodeIgniter->run()
#9 {main}
CRITICAL - 2022-05-27 13:43:33 --> Undefined variable: usuario
#0 C:\xampp\htdocs\ProyectoX\app\Views\back\CRUD\actualizarUsuario.php(7): CodeIgniter\Debug\Exceptions->errorHandler(8, 'Undefined varia...', 'C:\\xampp\\htdocs...', 7, Array)
#1 C:\xampp\htdocs\ProyectoX\system\View\View.php(210): include('C:\\xampp\\htdocs...')
#2 C:\xampp\htdocs\ProyectoX\system\View\View.php(213): CodeIgniter\View\View->CodeIgniter\View\{closure}()
#3 C:\xampp\htdocs\ProyectoX\system\Common.php(1089): CodeIgniter\View\View->render('/back/CRUD/actu...', Array, true)
#4 C:\xampp\htdocs\ProyectoX\app\Controllers\crud_controller.php(90): view('/back/CRUD/actu...', Array)
#5 C:\xampp\htdocs\ProyectoX\system\CodeIgniter.php(832): App\Controllers\crud_controller->formValidationActualizacion()
#6 C:\xampp\htdocs\ProyectoX\system\CodeIgniter.php(419): CodeIgniter\CodeIgniter->runController(Object(App\Controllers\crud_controller))
#7 C:\xampp\htdocs\ProyectoX\system\CodeIgniter.php(326): CodeIgniter\CodeIgniter->handleRequest(NULL, Object(Config\Cache), false)
#8 C:\xampp\htdocs\ProyectoX\index.php(37): CodeIgniter\CodeIgniter->run()
#9 {main}
CRITICAL - 2022-05-27 13:48:41 --> Undefined variable: usuario
#0 C:\xampp\htdocs\ProyectoX\app\Views\back\CRUD\actualizarUsuario.php(7): CodeIgniter\Debug\Exceptions->errorHandler(8, 'Undefined varia...', 'C:\\xampp\\htdocs...', 7, Array)
#1 C:\xampp\htdocs\ProyectoX\system\View\View.php(210): include('C:\\xampp\\htdocs...')
#2 C:\xampp\htdocs\ProyectoX\system\View\View.php(213): CodeIgniter\View\View->CodeIgniter\View\{closure}()
#3 C:\xampp\htdocs\ProyectoX\system\Common.php(1089): CodeIgniter\View\View->render('/back/CRUD/actu...', Array, true)
#4 C:\xampp\htdocs\ProyectoX\app\Controllers\crud_controller.php(90): view('/back/CRUD/actu...', Array)
#5 C:\xampp\htdocs\ProyectoX\system\CodeIgniter.php(832): App\Controllers\crud_controller->formValidationActualizacion()
#6 C:\xampp\htdocs\ProyectoX\system\CodeIgniter.php(419): CodeIgniter\CodeIgniter->runController(Object(App\Controllers\crud_controller))
#7 C:\xampp\htdocs\ProyectoX\system\CodeIgniter.php(326): CodeIgniter\CodeIgniter->handleRequest(NULL, Object(Config\Cache), false)
#8 C:\xampp\htdocs\ProyectoX\index.php(37): CodeIgniter\CodeIgniter->run()
#9 {main}
CRITICAL - 2022-05-27 13:50:16 --> Undefined variable: usuario
#0 C:\xampp\htdocs\ProyectoX\app\Views\back\CRUD\actualizarUsuario.php(7): CodeIgniter\Debug\Exceptions->errorHandler(8, 'Undefined varia...', 'C:\\xampp\\htdocs...', 7, Array)
#1 C:\xampp\htdocs\ProyectoX\system\View\View.php(210): include('C:\\xampp\\htdocs...')
#2 C:\xampp\htdocs\ProyectoX\system\View\View.php(213): CodeIgniter\View\View->CodeIgniter\View\{closure}()
#3 C:\xampp\htdocs\ProyectoX\system\Common.php(1089): CodeIgniter\View\View->render('/back/CRUD/actu...', Array, true)
#4 C:\xampp\htdocs\ProyectoX\app\Controllers\crud_controller.php(90): view('/back/CRUD/actu...', Array)
#5 C:\xampp\htdocs\ProyectoX\system\CodeIgniter.php(832): App\Controllers\crud_controller->formValidationActualizacion()
#6 C:\xampp\htdocs\ProyectoX\system\CodeIgniter.php(419): CodeIgniter\CodeIgniter->runController(Object(App\Controllers\crud_controller))
#7 C:\xampp\htdocs\ProyectoX\system\CodeIgniter.php(326): CodeIgniter\CodeIgniter->handleRequest(NULL, Object(Config\Cache), false)
#8 C:\xampp\htdocs\ProyectoX\index.php(37): CodeIgniter\CodeIgniter->run()
#9 {main}
CRITICAL - 2022-05-27 13:52:20 --> Undefined variable: usuario
#0 C:\xampp\htdocs\ProyectoX\app\Views\back\CRUD\actualizarUsuario.php(7): CodeIgniter\Debug\Exceptions->errorHandler(8, 'Undefined varia...', 'C:\\xampp\\htdocs...', 7, Array)
#1 C:\xampp\htdocs\ProyectoX\system\View\View.php(210): include('C:\\xampp\\htdocs...')
#2 C:\xampp\htdocs\ProyectoX\system\View\View.php(213): CodeIgniter\View\View->CodeIgniter\View\{closure}()
#3 C:\xampp\htdocs\ProyectoX\system\Common.php(1089): CodeIgniter\View\View->render('/back/CRUD/actu...', Array, true)
#4 C:\xampp\htdocs\ProyectoX\app\Controllers\crud_controller.php(90): view('/back/CRUD/actu...', Array)
#5 C:\xampp\htdocs\ProyectoX\system\CodeIgniter.php(832): App\Controllers\crud_controller->Actualizar()
#6 C:\xampp\htdocs\ProyectoX\system\CodeIgniter.php(419): CodeIgniter\CodeIgniter->runController(Object(App\Controllers\crud_controller))
#7 C:\xampp\htdocs\ProyectoX\system\CodeIgniter.php(326): CodeIgniter\CodeIgniter->handleRequest(NULL, Object(Config\Cache), false)
#8 C:\xampp\htdocs\ProyectoX\index.php(37): CodeIgniter\CodeIgniter->run()
#9 {main}
CRITICAL - 2022-05-27 13:55:03 --> Undefined variable: usuario
#0 C:\xampp\htdocs\ProyectoX\app\Views\back\CRUD\actualizarUsuario.php(7): CodeIgniter\Debug\Exceptions->errorHandler(8, 'Undefined varia...', 'C:\\xampp\\htdocs...', 7, Array)
#1 C:\xampp\htdocs\ProyectoX\system\View\View.php(210): include('C:\\xampp\\htdocs...')
#2 C:\xampp\htdocs\ProyectoX\system\View\View.php(213): CodeIgniter\View\View->CodeIgniter\View\{closure}()
#3 C:\xampp\htdocs\ProyectoX\system\Common.php(1089): CodeIgniter\View\View->render('/back/CRUD/actu...', Array, true)
#4 C:\xampp\htdocs\ProyectoX\app\Controllers\crud_controller.php(90): view('/back/CRUD/actu...', Array)
#5 C:\xampp\htdocs\ProyectoX\system\CodeIgniter.php(832): App\Controllers\crud_controller->Actualizar()
#6 C:\xampp\htdocs\ProyectoX\system\CodeIgniter.php(419): CodeIgniter\CodeIgniter->runController(Object(App\Controllers\crud_controller))
#7 C:\xampp\htdocs\ProyectoX\system\CodeIgniter.php(326): CodeIgniter\CodeIgniter->handleRequest(NULL, Object(Config\Cache), false)
#8 C:\xampp\htdocs\ProyectoX\index.php(37): CodeIgniter\CodeIgniter->run()
#9 {main}
CRITICAL - 2022-05-27 14:06:44 --> Undefined variable: usuario
#0 C:\xampp\htdocs\ProyectoX\app\Views\back\CRUD\actualizarUsuario.php(7): CodeIgniter\Debug\Exceptions->errorHandler(8, 'Undefined varia...', 'C:\\xampp\\htdocs...', 7, Array)
#1 C:\xampp\htdocs\ProyectoX\system\View\View.php(210): include('C:\\xampp\\htdocs...')
#2 C:\xampp\htdocs\ProyectoX\system\View\View.php(213): CodeIgniter\View\View->CodeIgniter\View\{closure}()
#3 C:\xampp\htdocs\ProyectoX\system\Common.php(1089): CodeIgniter\View\View->render('/back/CRUD/actu...', Array, true)
#4 C:\xampp\htdocs\ProyectoX\app\Controllers\crud_controller.php(90): view('/back/CRUD/actu...', Array)
#5 C:\xampp\htdocs\ProyectoX\system\CodeIgniter.php(832): App\Controllers\crud_controller->Actualizar()
#6 C:\xampp\htdocs\ProyectoX\system\CodeIgniter.php(419): CodeIgniter\CodeIgniter->runController(Object(App\Controllers\crud_controller))
#7 C:\xampp\htdocs\ProyectoX\system\CodeIgniter.php(326): CodeIgniter\CodeIgniter->handleRequest(NULL, Object(Config\Cache), false)
#8 C:\xampp\htdocs\ProyectoX\index.php(37): CodeIgniter\CodeIgniter->run()
#9 {main}
CRITICAL - 2022-05-27 14:07:55 --> Undefined variable: id
#0 C:\xampp\htdocs\ProyectoX\app\Controllers\crud_controller.php(76): CodeIgniter\Debug\Exceptions->errorHandler(8, 'Undefined varia...', 'C:\\xampp\\htdocs...', 76, Array)
#1 C:\xampp\htdocs\ProyectoX\system\CodeIgniter.php(832): App\Controllers\crud_controller->Actualizar()
#2 C:\xampp\htdocs\ProyectoX\system\CodeIgniter.php(419): CodeIgniter\CodeIgniter->runController(Object(App\Controllers\crud_controller))
#3 C:\xampp\htdocs\ProyectoX\system\CodeIgniter.php(326): CodeIgniter\CodeIgniter->handleRequest(NULL, Object(Config\Cache), false)
#4 C:\xampp\htdocs\ProyectoX\index.php(37): CodeIgniter\CodeIgniter->run()
#5 {main}
CRITICAL - 2022-05-27 14:08:17 --> Undefined variable: usuario
#0 C:\xampp\htdocs\ProyectoX\app\Views\back\CRUD\actualizarUsuario.php(7): CodeIgniter\Debug\Exceptions->errorHandler(8, 'Undefined varia...', 'C:\\xampp\\htdocs...', 7, Array)
#1 C:\xampp\htdocs\ProyectoX\system\View\View.php(210): include('C:\\xampp\\htdocs...')
#2 C:\xampp\htdocs\ProyectoX\system\View\View.php(213): CodeIgniter\View\View->CodeIgniter\View\{closure}()
#3 C:\xampp\htdocs\ProyectoX\system\Common.php(1089): CodeIgniter\View\View->render('/back/CRUD/actu...', Array, true)
#4 C:\xampp\htdocs\ProyectoX\app\Controllers\crud_controller.php(90): view('/back/CRUD/actu...', Array)
#5 C:\xampp\htdocs\ProyectoX\system\CodeIgniter.php(832): App\Controllers\crud_controller->Actualizar()
#6 C:\xampp\htdocs\ProyectoX\system\CodeIgniter.php(419): CodeIgniter\CodeIgniter->runController(Object(App\Controllers\crud_controller))
#7 C:\xampp\htdocs\ProyectoX\system\CodeIgniter.php(326): CodeIgniter\CodeIgniter->handleRequest(NULL, Object(Config\Cache), false)
#8 C:\xampp\htdocs\ProyectoX\index.php(37): CodeIgniter\CodeIgniter->run()
#9 {main}
