CRITICAL - 2022-06-15 13:06:07 --> Undefined index: rwoid
#0 C:\xampp\htdocs\ProyectoX\app\Views\back\carrito.php(30): CodeIgniter\Debug\Exceptions->errorHandler(8, 'Undefined index...', 'C:\\xampp\\htdocs...', 30, Array)
#1 C:\xampp\htdocs\ProyectoX\system\View\View.php(210): include('C:\\xampp\\htdocs...')
#2 C:\xampp\htdocs\ProyectoX\system\View\View.php(213): CodeIgniter\View\View->CodeIgniter\View\{closure}()
#3 C:\xampp\htdocs\ProyectoX\system\Common.php(1089): CodeIgniter\View\View->render('back/carrito', Array, true)
#4 C:\xampp\htdocs\ProyectoX\app\Controllers\carrito_controller.php(14): view('back/carrito', Array)
#5 C:\xampp\htdocs\ProyectoX\system\CodeIgniter.php(832): App\Controllers\carrito_controller->index()
#6 C:\xampp\htdocs\ProyectoX\system\CodeIgniter.php(419): CodeIgniter\CodeIgniter->runController(Object(App\Controllers\carrito_controller))
#7 C:\xampp\htdocs\ProyectoX\system\CodeIgniter.php(326): CodeIgniter\CodeIgniter->handleRequest(NULL, Object(Config\Cache), false)
#8 C:\xampp\htdocs\ProyectoX\index.php(37): CodeIgniter\CodeIgniter->run()
#9 {main}
CRITICAL - 2022-06-15 13:16:24 --> Function name must be a string
#0 C:\xampp\htdocs\ProyectoX\system\CodeIgniter.php(832): App\Controllers\carrito_controller->borrar_prod_carrito('3')
#1 C:\xampp\htdocs\ProyectoX\system\CodeIgniter.php(419): CodeIgniter\CodeIgniter->runController(Object(App\Controllers\carrito_controller))
#2 C:\xampp\htdocs\ProyectoX\system\CodeIgniter.php(326): CodeIgniter\CodeIgniter->handleRequest(NULL, Object(Config\Cache), false)
#3 C:\xampp\htdocs\ProyectoX\index.php(37): CodeIgniter\CodeIgniter->run()
#4 {main}
CRITICAL - 2022-06-15 13:23:20 --> Undefined variable: rowid
#0 C:\xampp\htdocs\ProyectoX\app\Controllers\carrito_controller.php(53): CodeIgniter\Debug\Exceptions->errorHandler(8, 'Undefined varia...', 'C:\\xampp\\htdocs...', 53, Array)
#1 C:\xampp\htdocs\ProyectoX\system\CodeIgniter.php(832): App\Controllers\carrito_controller->borrar_prod_carrito('3')
#2 C:\xampp\htdocs\ProyectoX\system\CodeIgniter.php(419): CodeIgniter\CodeIgniter->runController(Object(App\Controllers\carrito_controller))
#3 C:\xampp\htdocs\ProyectoX\system\CodeIgniter.php(326): CodeIgniter\CodeIgniter->handleRequest(NULL, Object(Config\Cache), false)
#4 C:\xampp\htdocs\ProyectoX\index.php(37): CodeIgniter\CodeIgniter->run()
#5 {main}
CRITICAL - 2022-06-15 13:27:34 --> Call to undefined method CodeIgniterCart\Cart::where()
#0 C:\xampp\htdocs\ProyectoX\system\CodeIgniter.php(832): App\Controllers\carrito_controller->borrar_prod_carrito('3')
#1 C:\xampp\htdocs\ProyectoX\system\CodeIgniter.php(419): CodeIgniter\CodeIgniter->runController(Object(App\Controllers\carrito_controller))
#2 C:\xampp\htdocs\ProyectoX\system\CodeIgniter.php(326): CodeIgniter\CodeIgniter->handleRequest(NULL, Object(Config\Cache), false)
#3 C:\xampp\htdocs\ProyectoX\index.php(37): CodeIgniter\CodeIgniter->run()
#4 {main}
CRITICAL - 2022-06-15 13:28:48 --> Call to a member function where() on array
#0 C:\xampp\htdocs\ProyectoX\system\CodeIgniter.php(832): App\Controllers\carrito_controller->borrar_prod_carrito('3')
#1 C:\xampp\htdocs\ProyectoX\system\CodeIgniter.php(419): CodeIgniter\CodeIgniter->runController(Object(App\Controllers\carrito_controller))
#2 C:\xampp\htdocs\ProyectoX\system\CodeIgniter.php(326): CodeIgniter\CodeIgniter->handleRequest(NULL, Object(Config\Cache), false)
#3 C:\xampp\htdocs\ProyectoX\index.php(37): CodeIgniter\CodeIgniter->run()
#4 {main}
CRITICAL - 2022-06-15 13:28:54 --> Call to a member function where() on array
#0 C:\xampp\htdocs\ProyectoX\system\CodeIgniter.php(832): App\Controllers\carrito_controller->borrar_prod_carrito('3')
#1 C:\xampp\htdocs\ProyectoX\system\CodeIgniter.php(419): CodeIgniter\CodeIgniter->runController(Object(App\Controllers\carrito_controller))
#2 C:\xampp\htdocs\ProyectoX\system\CodeIgniter.php(326): CodeIgniter\CodeIgniter->handleRequest(NULL, Object(Config\Cache), false)
#3 C:\xampp\htdocs\ProyectoX\index.php(37): CodeIgniter\CodeIgniter->run()
#4 {main}
CRITICAL - 2022-06-15 13:29:14 --> Call to undefined method CodeIgniterCart\Cart::where()
#0 C:\xampp\htdocs\ProyectoX\system\CodeIgniter.php(832): App\Controllers\carrito_controller->borrar_prod_carrito('3')
#1 C:\xampp\htdocs\ProyectoX\system\CodeIgniter.php(419): CodeIgniter\CodeIgniter->runController(Object(App\Controllers\carrito_controller))
#2 C:\xampp\htdocs\ProyectoX\system\CodeIgniter.php(326): CodeIgniter\CodeIgniter->handleRequest(NULL, Object(Config\Cache), false)
#3 C:\xampp\htdocs\ProyectoX\index.php(37): CodeIgniter\CodeIgniter->run()
#4 {main}
CRITICAL - 2022-06-15 13:29:41 --> Call to a member function where() on array
#0 C:\xampp\htdocs\ProyectoX\system\CodeIgniter.php(832): App\Controllers\carrito_controller->borrar_prod_carrito('3')
#1 C:\xampp\htdocs\ProyectoX\system\CodeIgniter.php(419): CodeIgniter\CodeIgniter->runController(Object(App\Controllers\carrito_controller))
#2 C:\xampp\htdocs\ProyectoX\system\CodeIgniter.php(326): CodeIgniter\CodeIgniter->handleRequest(NULL, Object(Config\Cache), false)
#3 C:\xampp\htdocs\ProyectoX\index.php(37): CodeIgniter\CodeIgniter->run()
#4 {main}
CRITICAL - 2022-06-15 13:31:36 --> Cannot use object of type CodeIgniterCart\Cart as array
#0 C:\xampp\htdocs\ProyectoX\system\CodeIgniter.php(832): App\Controllers\carrito_controller->borrar_prod_carrito('3')
#1 C:\xampp\htdocs\ProyectoX\system\CodeIgniter.php(419): CodeIgniter\CodeIgniter->runController(Object(App\Controllers\carrito_controller))
#2 C:\xampp\htdocs\ProyectoX\system\CodeIgniter.php(326): CodeIgniter\CodeIgniter->handleRequest(NULL, Object(Config\Cache), false)
#3 C:\xampp\htdocs\ProyectoX\index.php(37): CodeIgniter\CodeIgniter->run()
#4 {main}
CRITICAL - 2022-06-15 13:31:51 --> Function name must be a string
#0 C:\xampp\htdocs\ProyectoX\system\CodeIgniter.php(832): App\Controllers\carrito_controller->borrar_prod_carrito('3')
#1 C:\xampp\htdocs\ProyectoX\system\CodeIgniter.php(419): CodeIgniter\CodeIgniter->runController(Object(App\Controllers\carrito_controller))
#2 C:\xampp\htdocs\ProyectoX\system\CodeIgniter.php(326): CodeIgniter\CodeIgniter->handleRequest(NULL, Object(Config\Cache), false)
#3 C:\xampp\htdocs\ProyectoX\index.php(37): CodeIgniter\CodeIgniter->run()
#4 {main}
CRITICAL - 2022-06-15 13:32:09 --> Cannot use object of type CodeIgniterCart\Cart as array
#0 C:\xampp\htdocs\ProyectoX\system\CodeIgniter.php(832): App\Controllers\carrito_controller->borrar_prod_carrito('3')
#1 C:\xampp\htdocs\ProyectoX\system\CodeIgniter.php(419): CodeIgniter\CodeIgniter->runController(Object(App\Controllers\carrito_controller))
#2 C:\xampp\htdocs\ProyectoX\system\CodeIgniter.php(326): CodeIgniter\CodeIgniter->handleRequest(NULL, Object(Config\Cache), false)
#3 C:\xampp\htdocs\ProyectoX\index.php(37): CodeIgniter\CodeIgniter->run()
#4 {main}
CRITICAL - 2022-06-15 13:32:30 --> Call to undefined method CodeIgniterCart\Cart::content()
#0 C:\xampp\htdocs\ProyectoX\system\CodeIgniter.php(832): App\Controllers\carrito_controller->borrar_prod_carrito('3')
#1 C:\xampp\htdocs\ProyectoX\system\CodeIgniter.php(419): CodeIgniter\CodeIgniter->runController(Object(App\Controllers\carrito_controller))
#2 C:\xampp\htdocs\ProyectoX\system\CodeIgniter.php(326): CodeIgniter\CodeIgniter->handleRequest(NULL, Object(Config\Cache), false)
#3 C:\xampp\htdocs\ProyectoX\index.php(37): CodeIgniter\CodeIgniter->run()
#4 {main}
CRITICAL - 2022-06-15 13:33:13 --> Undefined offset: 0
#0 C:\xampp\htdocs\ProyectoX\app\Controllers\carrito_controller.php(56): CodeIgniter\Debug\Exceptions->errorHandler(8, 'Undefined offse...', 'C:\\xampp\\htdocs...', 56, Array)
#1 C:\xampp\htdocs\ProyectoX\system\CodeIgniter.php(832): App\Controllers\carrito_controller->borrar_prod_carrito('3')
#2 C:\xampp\htdocs\ProyectoX\system\CodeIgniter.php(419): CodeIgniter\CodeIgniter->runController(Object(App\Controllers\carrito_controller))
#3 C:\xampp\htdocs\ProyectoX\system\CodeIgniter.php(326): CodeIgniter\CodeIgniter->handleRequest(NULL, Object(Config\Cache), false)
#4 C:\xampp\htdocs\ProyectoX\index.php(37): CodeIgniter\CodeIgniter->run()
#5 {main}
CRITICAL - 2022-06-15 13:33:55 --> syntax error, unexpected ''id'' (T_CONSTANT_ENCAPSED_STRING), expecting identifier (T_STRING) or variable (T_VARIABLE) or '{' or '$'
#0 C:\xampp\htdocs\ProyectoX\system\Autoloader\Autoloader.php(241): CodeIgniter\Autoloader\Autoloader->includeFile('C:\\xampp\\htdocs...')
#1 C:\xampp\htdocs\ProyectoX\system\Autoloader\Autoloader.php(219): CodeIgniter\Autoloader\Autoloader->loadInNamespace('App\\Controllers...')
#2 [internal function]: CodeIgniter\Autoloader\Autoloader->loadClass('App\\Controllers...')
#3 [internal function]: spl_autoload_call('App\\Controllers...')
#4 C:\xampp\htdocs\ProyectoX\system\CodeIgniter.php(797): class_exists('\\App\\Controller...', true)
#5 C:\xampp\htdocs\ProyectoX\system\CodeIgniter.php(406): CodeIgniter\CodeIgniter->startController()
#6 C:\xampp\htdocs\ProyectoX\system\CodeIgniter.php(326): CodeIgniter\CodeIgniter->handleRequest(NULL, Object(Config\Cache), false)
#7 C:\xampp\htdocs\ProyectoX\index.php(37): CodeIgniter\CodeIgniter->run()
#8 {main}
CRITICAL - 2022-06-15 13:34:22 --> Array callback has to contain indices 0 and 1
#0 C:\xampp\htdocs\ProyectoX\system\CodeIgniter.php(832): App\Controllers\carrito_controller->borrar_prod_carrito('3')
#1 C:\xampp\htdocs\ProyectoX\system\CodeIgniter.php(419): CodeIgniter\CodeIgniter->runController(Object(App\Controllers\carrito_controller))
#2 C:\xampp\htdocs\ProyectoX\system\CodeIgniter.php(326): CodeIgniter\CodeIgniter->handleRequest(NULL, Object(Config\Cache), false)
#3 C:\xampp\htdocs\ProyectoX\index.php(37): CodeIgniter\CodeIgniter->run()
#4 {main}
CRITICAL - 2022-06-15 13:35:37 --> Call to a member function get() on array
#0 C:\xampp\htdocs\ProyectoX\system\CodeIgniter.php(832): App\Controllers\carrito_controller->borrar_prod_carrito('3')
#1 C:\xampp\htdocs\ProyectoX\system\CodeIgniter.php(419): CodeIgniter\CodeIgniter->runController(Object(App\Controllers\carrito_controller))
#2 C:\xampp\htdocs\ProyectoX\system\CodeIgniter.php(326): CodeIgniter\CodeIgniter->handleRequest(NULL, Object(Config\Cache), false)
#3 C:\xampp\htdocs\ProyectoX\index.php(37): CodeIgniter\CodeIgniter->run()
#4 {main}
CRITICAL - 2022-06-15 13:49:28 --> Call to a member function get() on array
#0 C:\xampp\htdocs\ProyectoX\system\CodeIgniter.php(832): App\Controllers\carrito_controller->borrar_prod_carrito('3')
#1 C:\xampp\htdocs\ProyectoX\system\CodeIgniter.php(419): CodeIgniter\CodeIgniter->runController(Object(App\Controllers\carrito_controller))
#2 C:\xampp\htdocs\ProyectoX\system\CodeIgniter.php(326): CodeIgniter\CodeIgniter->handleRequest(NULL, Object(Config\Cache), false)
#3 C:\xampp\htdocs\ProyectoX\index.php(37): CodeIgniter\CodeIgniter->run()
#4 {main}
CRITICAL - 2022-06-15 14:08:19 --> Call to a member function get() on array
#0 C:\xampp\htdocs\ProyectoX\system\CodeIgniter.php(832): App\Controllers\carrito_controller->borrar_prod_carrito('3')
#1 C:\xampp\htdocs\ProyectoX\system\CodeIgniter.php(419): CodeIgniter\CodeIgniter->runController(Object(App\Controllers\carrito_controller))
#2 C:\xampp\htdocs\ProyectoX\system\CodeIgniter.php(326): CodeIgniter\CodeIgniter->handleRequest(NULL, Object(Config\Cache), false)
#3 C:\xampp\htdocs\ProyectoX\index.php(37): CodeIgniter\CodeIgniter->run()
#4 {main}
CRITICAL - 2022-06-15 14:08:31 --> print_r() expects at least 1 parameter, 0 given
#0 [internal function]: CodeIgniter\Debug\Exceptions->errorHandler(2, 'print_r() expec...', 'C:\\xampp\\htdocs...', 57, Array)
#1 C:\xampp\htdocs\ProyectoX\app\Controllers\carrito_controller.php(57): print_r()
#2 C:\xampp\htdocs\ProyectoX\system\CodeIgniter.php(832): App\Controllers\carrito_controller->borrar_prod_carrito('3')
#3 C:\xampp\htdocs\ProyectoX\system\CodeIgniter.php(419): CodeIgniter\CodeIgniter->runController(Object(App\Controllers\carrito_controller))
#4 C:\xampp\htdocs\ProyectoX\system\CodeIgniter.php(326): CodeIgniter\CodeIgniter->handleRequest(NULL, Object(Config\Cache), false)
#5 C:\xampp\htdocs\ProyectoX\index.php(37): CodeIgniter\CodeIgniter->run()
#6 {main}
CRITICAL - 2022-06-15 14:09:38 --> Undefined index: rowid
#0 C:\xampp\htdocs\ProyectoX\app\Controllers\carrito_controller.php(57): CodeIgniter\Debug\Exceptions->errorHandler(8, 'Undefined index...', 'C:\\xampp\\htdocs...', 57, Array)
#1 C:\xampp\htdocs\ProyectoX\system\CodeIgniter.php(832): App\Controllers\carrito_controller->borrar_prod_carrito('3')
#2 C:\xampp\htdocs\ProyectoX\system\CodeIgniter.php(419): CodeIgniter\CodeIgniter->runController(Object(App\Controllers\carrito_controller))
#3 C:\xampp\htdocs\ProyectoX\system\CodeIgniter.php(326): CodeIgniter\CodeIgniter->handleRequest(NULL, Object(Config\Cache), false)
#4 C:\xampp\htdocs\ProyectoX\index.php(37): CodeIgniter\CodeIgniter->run()
#5 {main}
CRITICAL - 2022-06-15 14:10:01 --> Undefined index: rowid
#0 C:\xampp\htdocs\ProyectoX\app\Controllers\carrito_controller.php(57): CodeIgniter\Debug\Exceptions->errorHandler(8, 'Undefined index...', 'C:\\xampp\\htdocs...', 57, Array)
#1 C:\xampp\htdocs\ProyectoX\system\CodeIgniter.php(832): App\Controllers\carrito_controller->borrar_prod_carrito('3')
#2 C:\xampp\htdocs\ProyectoX\system\CodeIgniter.php(419): CodeIgniter\CodeIgniter->runController(Object(App\Controllers\carrito_controller))
#3 C:\xampp\htdocs\ProyectoX\system\CodeIgniter.php(326): CodeIgniter\CodeIgniter->handleRequest(NULL, Object(Config\Cache), false)
#4 C:\xampp\htdocs\ProyectoX\index.php(37): CodeIgniter\CodeIgniter->run()
#5 {main}
CRITICAL - 2022-06-15 14:10:13 --> Undefined index: id
#0 C:\xampp\htdocs\ProyectoX\app\Controllers\carrito_controller.php(57): CodeIgniter\Debug\Exceptions->errorHandler(8, 'Undefined index...', 'C:\\xampp\\htdocs...', 57, Array)
#1 C:\xampp\htdocs\ProyectoX\system\CodeIgniter.php(832): App\Controllers\carrito_controller->borrar_prod_carrito('3')
#2 C:\xampp\htdocs\ProyectoX\system\CodeIgniter.php(419): CodeIgniter\CodeIgniter->runController(Object(App\Controllers\carrito_controller))
#3 C:\xampp\htdocs\ProyectoX\system\CodeIgniter.php(326): CodeIgniter\CodeIgniter->handleRequest(NULL, Object(Config\Cache), false)
#4 C:\xampp\htdocs\ProyectoX\index.php(37): CodeIgniter\CodeIgniter->run()
#5 {main}
CRITICAL - 2022-06-15 14:11:57 --> Undefined offset: 0
#0 C:\xampp\htdocs\ProyectoX\app\Controllers\carrito_controller.php(59): CodeIgniter\Debug\Exceptions->errorHandler(8, 'Undefined offse...', 'C:\\xampp\\htdocs...', 59, Array)
#1 C:\xampp\htdocs\ProyectoX\system\CodeIgniter.php(832): App\Controllers\carrito_controller->borrar_prod_carrito('3')
#2 C:\xampp\htdocs\ProyectoX\system\CodeIgniter.php(419): CodeIgniter\CodeIgniter->runController(Object(App\Controllers\carrito_controller))
#3 C:\xampp\htdocs\ProyectoX\system\CodeIgniter.php(326): CodeIgniter\CodeIgniter->handleRequest(NULL, Object(Config\Cache), false)
#4 C:\xampp\htdocs\ProyectoX\index.php(37): CodeIgniter\CodeIgniter->run()
#5 {main}
CRITICAL - 2022-06-15 14:12:00 --> Undefined offset: 0
#0 C:\xampp\htdocs\ProyectoX\app\Controllers\carrito_controller.php(59): CodeIgniter\Debug\Exceptions->errorHandler(8, 'Undefined offse...', 'C:\\xampp\\htdocs...', 59, Array)
#1 C:\xampp\htdocs\ProyectoX\system\CodeIgniter.php(832): App\Controllers\carrito_controller->borrar_prod_carrito('3')
#2 C:\xampp\htdocs\ProyectoX\system\CodeIgniter.php(419): CodeIgniter\CodeIgniter->runController(Object(App\Controllers\carrito_controller))
#3 C:\xampp\htdocs\ProyectoX\system\CodeIgniter.php(326): CodeIgniter\CodeIgniter->handleRequest(NULL, Object(Config\Cache), false)
#4 C:\xampp\htdocs\ProyectoX\index.php(37): CodeIgniter\CodeIgniter->run()
#5 {main}
CRITICAL - 2022-06-15 14:37:44 --> Undefined variable: id
#0 C:\xampp\htdocs\ProyectoX\app\Controllers\carrito_controller.php(55): CodeIgniter\Debug\Exceptions->errorHandler(8, 'Undefined varia...', 'C:\\xampp\\htdocs...', 55, Array)
#1 C:\xampp\htdocs\ProyectoX\system\CodeIgniter.php(832): App\Controllers\carrito_controller->borrar_prod_carrito('3')
#2 C:\xampp\htdocs\ProyectoX\system\CodeIgniter.php(419): CodeIgniter\CodeIgniter->runController(Object(App\Controllers\carrito_controller))
#3 C:\xampp\htdocs\ProyectoX\system\CodeIgniter.php(326): CodeIgniter\CodeIgniter->handleRequest(NULL, Object(Config\Cache), false)
#4 C:\xampp\htdocs\ProyectoX\index.php(37): CodeIgniter\CodeIgniter->run()
#5 {main}
CRITICAL - 2022-06-15 18:09:16 --> syntax error, unexpected '->' (T_OBJECT_OPERATOR)
#0 C:\xampp\htdocs\ProyectoX\system\Autoloader\Autoloader.php(241): CodeIgniter\Autoloader\Autoloader->includeFile('C:\\xampp\\htdocs...')
#1 C:\xampp\htdocs\ProyectoX\system\Autoloader\Autoloader.php(219): CodeIgniter\Autoloader\Autoloader->loadInNamespace('App\\Controllers...')
#2 [internal function]: CodeIgniter\Autoloader\Autoloader->loadClass('App\\Controllers...')
#3 [internal function]: spl_autoload_call('App\\Controllers...')
#4 C:\xampp\htdocs\ProyectoX\system\CodeIgniter.php(797): class_exists('\\App\\Controller...', true)
#5 C:\xampp\htdocs\ProyectoX\system\CodeIgniter.php(406): CodeIgniter\CodeIgniter->startController()
#6 C:\xampp\htdocs\ProyectoX\system\CodeIgniter.php(326): CodeIgniter\CodeIgniter->handleRequest(NULL, Object(Config\Cache), false)
#7 C:\xampp\htdocs\ProyectoX\index.php(37): CodeIgniter\CodeIgniter->run()
#8 {main}
CRITICAL - 2022-06-15 18:09:26 --> syntax error, unexpected '->' (T_OBJECT_OPERATOR)
#0 C:\xampp\htdocs\ProyectoX\system\Autoloader\Autoloader.php(241): CodeIgniter\Autoloader\Autoloader->includeFile('C:\\xampp\\htdocs...')
#1 C:\xampp\htdocs\ProyectoX\system\Autoloader\Autoloader.php(219): CodeIgniter\Autoloader\Autoloader->loadInNamespace('App\\Controllers...')
#2 [internal function]: CodeIgniter\Autoloader\Autoloader->loadClass('App\\Controllers...')
#3 [internal function]: spl_autoload_call('App\\Controllers...')
#4 C:\xampp\htdocs\ProyectoX\system\CodeIgniter.php(797): class_exists('\\App\\Controller...', true)
#5 C:\xampp\htdocs\ProyectoX\system\CodeIgniter.php(406): CodeIgniter\CodeIgniter->startController()
#6 C:\xampp\htdocs\ProyectoX\system\CodeIgniter.php(326): CodeIgniter\CodeIgniter->handleRequest(NULL, Object(Config\Cache), false)
#7 C:\xampp\htdocs\ProyectoX\index.php(37): CodeIgniter\CodeIgniter->run()
#8 {main}
CRITICAL - 2022-06-15 18:09:59 --> syntax error, unexpected '->' (T_OBJECT_OPERATOR)
#0 C:\xampp\htdocs\ProyectoX\system\Autoloader\Autoloader.php(241): CodeIgniter\Autoloader\Autoloader->includeFile('C:\\xampp\\htdocs...')
#1 C:\xampp\htdocs\ProyectoX\system\Autoloader\Autoloader.php(219): CodeIgniter\Autoloader\Autoloader->loadInNamespace('App\\Controllers...')
#2 [internal function]: CodeIgniter\Autoloader\Autoloader->loadClass('App\\Controllers...')
#3 [internal function]: spl_autoload_call('App\\Controllers...')
#4 C:\xampp\htdocs\ProyectoX\system\CodeIgniter.php(797): class_exists('\\App\\Controller...', true)
#5 C:\xampp\htdocs\ProyectoX\system\CodeIgniter.php(406): CodeIgniter\CodeIgniter->startController()
#6 C:\xampp\htdocs\ProyectoX\system\CodeIgniter.php(326): CodeIgniter\CodeIgniter->handleRequest(NULL, Object(Config\Cache), false)
#7 C:\xampp\htdocs\ProyectoX\index.php(37): CodeIgniter\CodeIgniter->run()
#8 {main}
CRITICAL - 2022-06-15 18:10:44 --> syntax error, unexpected '->' (T_OBJECT_OPERATOR)
#0 C:\xampp\htdocs\ProyectoX\system\Autoloader\Autoloader.php(241): CodeIgniter\Autoloader\Autoloader->includeFile('C:\\xampp\\htdocs...')
#1 C:\xampp\htdocs\ProyectoX\system\Autoloader\Autoloader.php(219): CodeIgniter\Autoloader\Autoloader->loadInNamespace('App\\Controllers...')
#2 [internal function]: CodeIgniter\Autoloader\Autoloader->loadClass('App\\Controllers...')
#3 [internal function]: spl_autoload_call('App\\Controllers...')
#4 C:\xampp\htdocs\ProyectoX\system\CodeIgniter.php(797): class_exists('\\App\\Controller...', true)
#5 C:\xampp\htdocs\ProyectoX\system\CodeIgniter.php(406): CodeIgniter\CodeIgniter->startController()
#6 C:\xampp\htdocs\ProyectoX\system\CodeIgniter.php(326): CodeIgniter\CodeIgniter->handleRequest(NULL, Object(Config\Cache), false)
#7 C:\xampp\htdocs\ProyectoX\index.php(37): CodeIgniter\CodeIgniter->run()
#8 {main}
CRITICAL - 2022-06-15 18:12:43 --> Undefined variable: rowid
#0 C:\xampp\htdocs\ProyectoX\app\Controllers\carrito_controller.php(58): CodeIgniter\Debug\Exceptions->errorHandler(8, 'Undefined varia...', 'C:\\xampp\\htdocs...', 58, Array)
#1 C:\xampp\htdocs\ProyectoX\system\CodeIgniter.php(832): App\Controllers\carrito_controller->borrar_prod_carrito('6')
#2 C:\xampp\htdocs\ProyectoX\system\CodeIgniter.php(419): CodeIgniter\CodeIgniter->runController(Object(App\Controllers\carrito_controller))
#3 C:\xampp\htdocs\ProyectoX\system\CodeIgniter.php(326): CodeIgniter\CodeIgniter->handleRequest(NULL, Object(Config\Cache), false)
#4 C:\xampp\htdocs\ProyectoX\index.php(37): CodeIgniter\CodeIgniter->run()
#5 {main}
CRITICAL - 2022-06-15 18:15:08 --> Undefined property: CodeIgniterCart\Cart::$contents
#0 C:\xampp\htdocs\ProyectoX\app\Controllers\carrito_controller.php(56): CodeIgniter\Debug\Exceptions->errorHandler(8, 'Undefined prope...', 'C:\\xampp\\htdocs...', 56, Array)
#1 C:\xampp\htdocs\ProyectoX\system\CodeIgniter.php(832): App\Controllers\carrito_controller->borrar_prod_carrito('6')
#2 C:\xampp\htdocs\ProyectoX\system\CodeIgniter.php(419): CodeIgniter\CodeIgniter->runController(Object(App\Controllers\carrito_controller))
#3 C:\xampp\htdocs\ProyectoX\system\CodeIgniter.php(326): CodeIgniter\CodeIgniter->handleRequest(NULL, Object(Config\Cache), false)
#4 C:\xampp\htdocs\ProyectoX\index.php(37): CodeIgniter\CodeIgniter->run()
#5 {main}
CRITICAL - 2022-06-15 18:22:24 --> Undefined variable: cart
#0 C:\xampp\htdocs\ProyectoX\app\Controllers\carrito_controller.php(65): CodeIgniter\Debug\Exceptions->errorHandler(8, 'Undefined varia...', 'C:\\xampp\\htdocs...', 65, Array)
#1 C:\xampp\htdocs\ProyectoX\system\CodeIgniter.php(832): App\Controllers\carrito_controller->borrar_prod_carrito('36')
#2 C:\xampp\htdocs\ProyectoX\system\CodeIgniter.php(419): CodeIgniter\CodeIgniter->runController(Object(App\Controllers\carrito_controller))
#3 C:\xampp\htdocs\ProyectoX\system\CodeIgniter.php(326): CodeIgniter\CodeIgniter->handleRequest(NULL, Object(Config\Cache), false)
#4 C:\xampp\htdocs\ProyectoX\index.php(37): CodeIgniter\CodeIgniter->run()
#5 {main}
CRITICAL - 2022-06-15 18:51:06 --> A non-numeric value encountered
#0 C:\xampp\htdocs\ProyectoX\app\Controllers\carrito_controller.php(42): CodeIgniter\Debug\Exceptions->errorHandler(2, 'A non-numeric v...', 'C:\\xampp\\htdocs...', 42, Array)
#1 C:\xampp\htdocs\ProyectoX\system\CodeIgniter.php(832): App\Controllers\carrito_controller->actualizarCarrito('3')
#2 C:\xampp\htdocs\ProyectoX\system\CodeIgniter.php(419): CodeIgniter\CodeIgniter->runController(Object(App\Controllers\carrito_controller))
#3 C:\xampp\htdocs\ProyectoX\system\CodeIgniter.php(326): CodeIgniter\CodeIgniter->handleRequest(NULL, Object(Config\Cache), false)
#4 C:\xampp\htdocs\ProyectoX\index.php(37): CodeIgniter\CodeIgniter->run()
#5 {main}
CRITICAL - 2022-06-15 20:15:00 --> Class 'App\Controllers\ventas_user_model' not found
#0 C:\xampp\htdocs\ProyectoX\system\CodeIgniter.php(832): App\Controllers\ventas_controller->index()
#1 C:\xampp\htdocs\ProyectoX\system\CodeIgniter.php(419): CodeIgniter\CodeIgniter->runController(Object(App\Controllers\ventas_controller))
#2 C:\xampp\htdocs\ProyectoX\system\CodeIgniter.php(326): CodeIgniter\CodeIgniter->handleRequest(NULL, Object(Config\Cache), false)
#3 C:\xampp\htdocs\ProyectoX\index.php(37): CodeIgniter\CodeIgniter->run()
#4 {main}
CRITICAL - 2022-06-15 20:22:30 --> Undefined variable: ventas
#0 C:\xampp\htdocs\ProyectoX\app\Controllers\ventas_controller.php(12): CodeIgniter\Debug\Exceptions->errorHandler(8, 'Undefined varia...', 'C:\\xampp\\htdocs...', 12, Array)
#1 C:\xampp\htdocs\ProyectoX\system\CodeIgniter.php(832): App\Controllers\ventas_controller->index()
#2 C:\xampp\htdocs\ProyectoX\system\CodeIgniter.php(419): CodeIgniter\CodeIgniter->runController(Object(App\Controllers\ventas_controller))
#3 C:\xampp\htdocs\ProyectoX\system\CodeIgniter.php(326): CodeIgniter\CodeIgniter->handleRequest(NULL, Object(Config\Cache), false)
#4 C:\xampp\htdocs\ProyectoX\index.php(37): CodeIgniter\CodeIgniter->run()
#5 {main}
CRITICAL - 2022-06-15 20:24:13 --> Undefined index: nombre apellido
#0 C:\xampp\htdocs\ProyectoX\app\Views\back\CRUD\ventas\crudVentas.php(33): CodeIgniter\Debug\Exceptions->errorHandler(8, 'Undefined index...', 'C:\\xampp\\htdocs...', 33, Array)
#1 C:\xampp\htdocs\ProyectoX\system\View\View.php(210): include('C:\\xampp\\htdocs...')
#2 C:\xampp\htdocs\ProyectoX\system\View\View.php(213): CodeIgniter\View\View->CodeIgniter\View\{closure}()
#3 C:\xampp\htdocs\ProyectoX\system\Common.php(1089): CodeIgniter\View\View->render('/back/CRUD/vent...', Array, true)
#4 C:\xampp\htdocs\ProyectoX\app\Controllers\ventas_controller.php(15): view('/back/CRUD/vent...', Array)
#5 C:\xampp\htdocs\ProyectoX\system\CodeIgniter.php(832): App\Controllers\ventas_controller->index()
#6 C:\xampp\htdocs\ProyectoX\system\CodeIgniter.php(419): CodeIgniter\CodeIgniter->runController(Object(App\Controllers\ventas_controller))
#7 C:\xampp\htdocs\ProyectoX\system\CodeIgniter.php(326): CodeIgniter\CodeIgniter->handleRequest(NULL, Object(Config\Cache), false)
#8 C:\xampp\htdocs\ProyectoX\index.php(37): CodeIgniter\CodeIgniter->run()
#9 {main}
CRITICAL - 2022-06-15 21:18:16 --> Class 'App\Controllers\ventas_prod_model' not found
#0 C:\xampp\htdocs\ProyectoX\system\CodeIgniter.php(832): App\Controllers\ventas_controller->vistaDetalle()
#1 C:\xampp\htdocs\ProyectoX\system\CodeIgniter.php(419): CodeIgniter\CodeIgniter->runController(Object(App\Controllers\ventas_controller))
#2 C:\xampp\htdocs\ProyectoX\system\CodeIgniter.php(326): CodeIgniter\CodeIgniter->handleRequest(NULL, Object(Config\Cache), false)
#3 C:\xampp\htdocs\ProyectoX\index.php(37): CodeIgniter\CodeIgniter->run()
#4 {main}
CRITICAL - 2022-06-15 21:18:38 --> Invalid file: /back/CRUD/ventas/crudDetalles.php
#0 C:\xampp\htdocs\ProyectoX\system\View\View.php(198): CodeIgniter\Exceptions\FrameworkException::forInvalidFile('/back/CRUD/vent...')
#1 C:\xampp\htdocs\ProyectoX\system\Common.php(1089): CodeIgniter\View\View->render('/back/CRUD/vent...', Array, true)
#2 C:\xampp\htdocs\ProyectoX\app\Controllers\ventas_controller.php(26): view('/back/CRUD/vent...', Array)
#3 C:\xampp\htdocs\ProyectoX\system\CodeIgniter.php(832): App\Controllers\ventas_controller->vistaDetalle()
#4 C:\xampp\htdocs\ProyectoX\system\CodeIgniter.php(419): CodeIgniter\CodeIgniter->runController(Object(App\Controllers\ventas_controller))
#5 C:\xampp\htdocs\ProyectoX\system\CodeIgniter.php(326): CodeIgniter\CodeIgniter->handleRequest(NULL, Object(Config\Cache), false)
#6 C:\xampp\htdocs\ProyectoX\index.php(37): CodeIgniter\CodeIgniter->run()
#7 {main}
CRITICAL - 2022-06-15 21:20:05 --> Invalid file: /back/CRUD/ventas/crudDetalles.php
#0 C:\xampp\htdocs\ProyectoX\system\View\View.php(198): CodeIgniter\Exceptions\FrameworkException::forInvalidFile('/back/CRUD/vent...')
#1 C:\xampp\htdocs\ProyectoX\system\Common.php(1089): CodeIgniter\View\View->render('/back/CRUD/vent...', Array, true)
#2 C:\xampp\htdocs\ProyectoX\app\Controllers\ventas_controller.php(26): view('/back/CRUD/vent...', Array)
#3 C:\xampp\htdocs\ProyectoX\system\CodeIgniter.php(832): App\Controllers\ventas_controller->vistaDetalle()
#4 C:\xampp\htdocs\ProyectoX\system\CodeIgniter.php(419): CodeIgniter\CodeIgniter->runController(Object(App\Controllers\ventas_controller))
#5 C:\xampp\htdocs\ProyectoX\system\CodeIgniter.php(326): CodeIgniter\CodeIgniter->handleRequest(NULL, Object(Config\Cache), false)
#6 C:\xampp\htdocs\ProyectoX\index.php(37): CodeIgniter\CodeIgniter->run()
#7 {main}
CRITICAL - 2022-06-15 21:20:37 --> Invalid file: /back/CRUD/ventas/crudDetalles.php
#0 C:\xampp\htdocs\ProyectoX\system\View\View.php(198): CodeIgniter\Exceptions\FrameworkException::forInvalidFile('/back/CRUD/vent...')
#1 C:\xampp\htdocs\ProyectoX\system\Common.php(1089): CodeIgniter\View\View->render('/back/CRUD/vent...', Array, true)
#2 C:\xampp\htdocs\ProyectoX\app\Controllers\ventas_controller.php(26): view('/back/CRUD/vent...', Array)
#3 C:\xampp\htdocs\ProyectoX\system\CodeIgniter.php(832): App\Controllers\ventas_controller->vistaDetalle()
#4 C:\xampp\htdocs\ProyectoX\system\CodeIgniter.php(419): CodeIgniter\CodeIgniter->runController(Object(App\Controllers\ventas_controller))
#5 C:\xampp\htdocs\ProyectoX\system\CodeIgniter.php(326): CodeIgniter\CodeIgniter->handleRequest(NULL, Object(Config\Cache), false)
#6 C:\xampp\htdocs\ProyectoX\index.php(37): CodeIgniter\CodeIgniter->run()
#7 {main}
CRITICAL - 2022-06-15 21:20:38 --> Invalid file: /back/CRUD/ventas/crudDetalles.php
#0 C:\xampp\htdocs\ProyectoX\system\View\View.php(198): CodeIgniter\Exceptions\FrameworkException::forInvalidFile('/back/CRUD/vent...')
#1 C:\xampp\htdocs\ProyectoX\system\Common.php(1089): CodeIgniter\View\View->render('/back/CRUD/vent...', Array, true)
#2 C:\xampp\htdocs\ProyectoX\app\Controllers\ventas_controller.php(26): view('/back/CRUD/vent...', Array)
#3 C:\xampp\htdocs\ProyectoX\system\CodeIgniter.php(832): App\Controllers\ventas_controller->vistaDetalle()
#4 C:\xampp\htdocs\ProyectoX\system\CodeIgniter.php(419): CodeIgniter\CodeIgniter->runController(Object(App\Controllers\ventas_controller))
#5 C:\xampp\htdocs\ProyectoX\system\CodeIgniter.php(326): CodeIgniter\CodeIgniter->handleRequest(NULL, Object(Config\Cache), false)
#6 C:\xampp\htdocs\ProyectoX\index.php(37): CodeIgniter\CodeIgniter->run()
#7 {main}
CRITICAL - 2022-06-15 21:22:06 --> Undefined index: nombre_prod
#0 C:\xampp\htdocs\ProyectoX\app\Views\back\CRUD\ventas\crudDetalle.php(33): CodeIgniter\Debug\Exceptions->errorHandler(8, 'Undefined index...', 'C:\\xampp\\htdocs...', 33, Array)
#1 C:\xampp\htdocs\ProyectoX\system\View\View.php(210): include('C:\\xampp\\htdocs...')
#2 C:\xampp\htdocs\ProyectoX\system\View\View.php(213): CodeIgniter\View\View->CodeIgniter\View\{closure}()
#3 C:\xampp\htdocs\ProyectoX\system\Common.php(1089): CodeIgniter\View\View->render('/back/CRUD/vent...', Array, true)
#4 C:\xampp\htdocs\ProyectoX\app\Controllers\ventas_controller.php(26): view('/back/CRUD/vent...', Array)
#5 C:\xampp\htdocs\ProyectoX\system\CodeIgniter.php(832): App\Controllers\ventas_controller->vistaDetalle()
#6 C:\xampp\htdocs\ProyectoX\system\CodeIgniter.php(419): CodeIgniter\CodeIgniter->runController(Object(App\Controllers\ventas_controller))
#7 C:\xampp\htdocs\ProyectoX\system\CodeIgniter.php(326): CodeIgniter\CodeIgniter->handleRequest(NULL, Object(Config\Cache), false)
#8 C:\xampp\htdocs\ProyectoX\index.php(37): CodeIgniter\CodeIgniter->run()
#9 {main}
CRITICAL - 2022-06-15 21:31:04 --> Undefined variable: venta
#0 C:\xampp\htdocs\ProyectoX\app\Views\back\CRUD\ventas\crudDetalle.php(9): CodeIgniter\Debug\Exceptions->errorHandler(8, 'Undefined varia...', 'C:\\xampp\\htdocs...', 9, Array)
#1 C:\xampp\htdocs\ProyectoX\system\View\View.php(210): include('C:\\xampp\\htdocs...')
#2 C:\xampp\htdocs\ProyectoX\system\View\View.php(213): CodeIgniter\View\View->CodeIgniter\View\{closure}()
#3 C:\xampp\htdocs\ProyectoX\system\Common.php(1089): CodeIgniter\View\View->render('/back/CRUD/vent...', Array, true)
#4 C:\xampp\htdocs\ProyectoX\app\Controllers\ventas_controller.php(26): view('/back/CRUD/vent...', Array)
#5 C:\xampp\htdocs\ProyectoX\system\CodeIgniter.php(832): App\Controllers\ventas_controller->vistaDetalle()
#6 C:\xampp\htdocs\ProyectoX\system\CodeIgniter.php(419): CodeIgniter\CodeIgniter->runController(Object(App\Controllers\ventas_controller))
#7 C:\xampp\htdocs\ProyectoX\system\CodeIgniter.php(326): CodeIgniter\CodeIgniter->handleRequest(NULL, Object(Config\Cache), false)
#8 C:\xampp\htdocs\ProyectoX\index.php(37): CodeIgniter\CodeIgniter->run()
#9 {main}
ERROR - 2022-06-15 21:33:18 --> Unknown column 'venta_producto.id_usuario' in 'on clause'
CRITICAL - 2022-06-15 21:33:18 --> Unknown column 'venta_producto.id_usuario' in 'on clause'
#0 C:\xampp\htdocs\ProyectoX\system\Database\MySQLi\Connection.php(292): mysqli->query('SELECT *\nFROM `...', 0)
#1 C:\xampp\htdocs\ProyectoX\system\Database\BaseConnection.php(670): CodeIgniter\Database\MySQLi\Connection->execute('SELECT *\nFROM `...')
#2 C:\xampp\htdocs\ProyectoX\system\Database\BaseConnection.php(598): CodeIgniter\Database\BaseConnection->simpleQuery('SELECT *\nFROM `...')
#3 C:\xampp\htdocs\ProyectoX\system\Database\BaseBuilder.php(1455): CodeIgniter\Database\BaseConnection->query('SELECT *\nFROM `...', Array, false)
#4 C:\xampp\htdocs\ProyectoX\system\Model.php(183): CodeIgniter\Database\BaseBuilder->get()
#5 C:\xampp\htdocs\ProyectoX\system\BaseModel.php(584): CodeIgniter\Model->doFindAll(0, 0)
#6 C:\xampp\htdocs\ProyectoX\app\Controllers\ventas_controller.php(22): CodeIgniter\BaseModel->findAll()
#7 C:\xampp\htdocs\ProyectoX\system\CodeIgniter.php(832): App\Controllers\ventas_controller->vistaDetalle()
#8 C:\xampp\htdocs\ProyectoX\system\CodeIgniter.php(419): CodeIgniter\CodeIgniter->runController(Object(App\Controllers\ventas_controller))
#9 C:\xampp\htdocs\ProyectoX\system\CodeIgniter.php(326): CodeIgniter\CodeIgniter->handleRequest(NULL, Object(Config\Cache), false)
#10 C:\xampp\htdocs\ProyectoX\index.php(37): CodeIgniter\CodeIgniter->run()
#11 {main}
CRITICAL - 2022-06-15 21:34:11 --> Undefined variable: datos
#0 C:\xampp\htdocs\ProyectoX\app\Controllers\ventas_controller.php(20): CodeIgniter\Debug\Exceptions->errorHandler(8, 'Undefined varia...', 'C:\\xampp\\htdocs...', 20, Array)
#1 C:\xampp\htdocs\ProyectoX\system\CodeIgniter.php(832): App\Controllers\ventas_controller->vistaDetalle()
#2 C:\xampp\htdocs\ProyectoX\system\CodeIgniter.php(419): CodeIgniter\CodeIgniter->runController(Object(App\Controllers\ventas_controller))
#3 C:\xampp\htdocs\ProyectoX\system\CodeIgniter.php(326): CodeIgniter\CodeIgniter->handleRequest(NULL, Object(Config\Cache), false)
#4 C:\xampp\htdocs\ProyectoX\index.php(37): CodeIgniter\CodeIgniter->run()
#5 {main}
CRITICAL - 2022-06-15 21:34:26 --> Undefined variable: venta
#0 C:\xampp\htdocs\ProyectoX\app\Views\back\CRUD\ventas\crudDetalle.php(9): CodeIgniter\Debug\Exceptions->errorHandler(8, 'Undefined varia...', 'C:\\xampp\\htdocs...', 9, Array)
#1 C:\xampp\htdocs\ProyectoX\system\View\View.php(210): include('C:\\xampp\\htdocs...')
#2 C:\xampp\htdocs\ProyectoX\system\View\View.php(213): CodeIgniter\View\View->CodeIgniter\View\{closure}()
#3 C:\xampp\htdocs\ProyectoX\system\Common.php(1089): CodeIgniter\View\View->render('/back/CRUD/vent...', Array, true)
#4 C:\xampp\htdocs\ProyectoX\app\Controllers\ventas_controller.php(29): view('/back/CRUD/vent...', Array)
#5 C:\xampp\htdocs\ProyectoX\system\CodeIgniter.php(832): App\Controllers\ventas_controller->vistaDetalle()
#6 C:\xampp\htdocs\ProyectoX\system\CodeIgniter.php(419): CodeIgniter\CodeIgniter->runController(Object(App\Controllers\ventas_controller))
#7 C:\xampp\htdocs\ProyectoX\system\CodeIgniter.php(326): CodeIgniter\CodeIgniter->handleRequest(NULL, Object(Config\Cache), false)
#8 C:\xampp\htdocs\ProyectoX\index.php(37): CodeIgniter\CodeIgniter->run()
#9 {main}
ERROR - 2022-06-15 21:36:08 --> Unknown column 'venta_producto.id_usuario' in 'on clause'
CRITICAL - 2022-06-15 21:36:08 --> Unknown column 'venta_producto.id_usuario' in 'on clause'
#0 C:\xampp\htdocs\ProyectoX\system\Database\MySQLi\Connection.php(292): mysqli->query('SELECT *\nFROM `...', 0)
#1 C:\xampp\htdocs\ProyectoX\system\Database\BaseConnection.php(670): CodeIgniter\Database\MySQLi\Connection->execute('SELECT *\nFROM `...')
#2 C:\xampp\htdocs\ProyectoX\system\Database\BaseConnection.php(598): CodeIgniter\Database\BaseConnection->simpleQuery('SELECT *\nFROM `...')
#3 C:\xampp\htdocs\ProyectoX\system\Database\BaseBuilder.php(1455): CodeIgniter\Database\BaseConnection->query('SELECT *\nFROM `...', Array, false)
#4 C:\xampp\htdocs\ProyectoX\system\Model.php(183): CodeIgniter\Database\BaseBuilder->get()
#5 C:\xampp\htdocs\ProyectoX\system\BaseModel.php(584): CodeIgniter\Model->doFindAll(0, 0)
#6 C:\xampp\htdocs\ProyectoX\app\Controllers\ventas_controller.php(24): CodeIgniter\BaseModel->findAll()
#7 C:\xampp\htdocs\ProyectoX\system\CodeIgniter.php(832): App\Controllers\ventas_controller->vistaDetalle()
#8 C:\xampp\htdocs\ProyectoX\system\CodeIgniter.php(419): CodeIgniter\CodeIgniter->runController(Object(App\Controllers\ventas_controller))
#9 C:\xampp\htdocs\ProyectoX\system\CodeIgniter.php(326): CodeIgniter\CodeIgniter->handleRequest(NULL, Object(Config\Cache), false)
#10 C:\xampp\htdocs\ProyectoX\index.php(37): CodeIgniter\CodeIgniter->run()
#11 {main}
CRITICAL - 2022-06-15 21:38:57 --> Undefined variable: venta
#0 C:\xampp\htdocs\ProyectoX\app\Views\back\CRUD\ventas\crudDetalle.php(9): CodeIgniter\Debug\Exceptions->errorHandler(8, 'Undefined varia...', 'C:\\xampp\\htdocs...', 9, Array)
#1 C:\xampp\htdocs\ProyectoX\system\View\View.php(210): include('C:\\xampp\\htdocs...')
#2 C:\xampp\htdocs\ProyectoX\system\View\View.php(213): CodeIgniter\View\View->CodeIgniter\View\{closure}()
#3 C:\xampp\htdocs\ProyectoX\system\Common.php(1089): CodeIgniter\View\View->render('/back/CRUD/vent...', Array, true)
#4 C:\xampp\htdocs\ProyectoX\app\Controllers\ventas_controller.php(30): view('/back/CRUD/vent...', Array)
#5 C:\xampp\htdocs\ProyectoX\system\CodeIgniter.php(832): App\Controllers\ventas_controller->vistaDetalle()
#6 C:\xampp\htdocs\ProyectoX\system\CodeIgniter.php(419): CodeIgniter\CodeIgniter->runController(Object(App\Controllers\ventas_controller))
#7 C:\xampp\htdocs\ProyectoX\system\CodeIgniter.php(326): CodeIgniter\CodeIgniter->handleRequest(NULL, Object(Config\Cache), false)
#8 C:\xampp\htdocs\ProyectoX\index.php(37): CodeIgniter\CodeIgniter->run()
#9 {main}
CRITICAL - 2022-06-15 21:39:24 --> Undefined variable: venta
#0 C:\xampp\htdocs\ProyectoX\app\Views\back\CRUD\ventas\crudDetalle.php(9): CodeIgniter\Debug\Exceptions->errorHandler(8, 'Undefined varia...', 'C:\\xampp\\htdocs...', 9, Array)
#1 C:\xampp\htdocs\ProyectoX\system\View\View.php(210): include('C:\\xampp\\htdocs...')
#2 C:\xampp\htdocs\ProyectoX\system\View\View.php(213): CodeIgniter\View\View->CodeIgniter\View\{closure}()
#3 C:\xampp\htdocs\ProyectoX\system\Common.php(1089): CodeIgniter\View\View->render('/back/CRUD/vent...', Array, true)
#4 C:\xampp\htdocs\ProyectoX\app\Controllers\ventas_controller.php(29): view('/back/CRUD/vent...', Array)
#5 C:\xampp\htdocs\ProyectoX\system\CodeIgniter.php(832): App\Controllers\ventas_controller->vistaDetalle()
#6 C:\xampp\htdocs\ProyectoX\system\CodeIgniter.php(419): CodeIgniter\CodeIgniter->runController(Object(App\Controllers\ventas_controller))
#7 C:\xampp\htdocs\ProyectoX\system\CodeIgniter.php(326): CodeIgniter\CodeIgniter->handleRequest(NULL, Object(Config\Cache), false)
#8 C:\xampp\htdocs\ProyectoX\index.php(37): CodeIgniter\CodeIgniter->run()
#9 {main}
CRITICAL - 2022-06-15 21:44:43 --> Undefined variable: venta
#0 C:\xampp\htdocs\ProyectoX\app\Views\back\CRUD\ventas\crudDetalle.php(9): CodeIgniter\Debug\Exceptions->errorHandler(8, 'Undefined varia...', 'C:\\xampp\\htdocs...', 9, Array)
#1 C:\xampp\htdocs\ProyectoX\system\View\View.php(210): include('C:\\xampp\\htdocs...')
#2 C:\xampp\htdocs\ProyectoX\system\View\View.php(213): CodeIgniter\View\View->CodeIgniter\View\{closure}()
#3 C:\xampp\htdocs\ProyectoX\system\Common.php(1089): CodeIgniter\View\View->render('/back/CRUD/vent...', Array, true)
#4 C:\xampp\htdocs\ProyectoX\app\Controllers\ventas_controller.php(29): view('/back/CRUD/vent...', Array)
#5 C:\xampp\htdocs\ProyectoX\system\CodeIgniter.php(832): App\Controllers\ventas_controller->vistaDetalle()
#6 C:\xampp\htdocs\ProyectoX\system\CodeIgniter.php(419): CodeIgniter\CodeIgniter->runController(Object(App\Controllers\ventas_controller))
#7 C:\xampp\htdocs\ProyectoX\system\CodeIgniter.php(326): CodeIgniter\CodeIgniter->handleRequest(NULL, Object(Config\Cache), false)
#8 C:\xampp\htdocs\ProyectoX\index.php(37): CodeIgniter\CodeIgniter->run()
#9 {main}
CRITICAL - 2022-06-15 21:45:57 --> Undefined variable: venta
#0 C:\xampp\htdocs\ProyectoX\app\Views\back\CRUD\ventas\crudDetalle.php(12): CodeIgniter\Debug\Exceptions->errorHandler(8, 'Undefined varia...', 'C:\\xampp\\htdocs...', 12, Array)
#1 C:\xampp\htdocs\ProyectoX\system\View\View.php(210): include('C:\\xampp\\htdocs...')
#2 C:\xampp\htdocs\ProyectoX\system\View\View.php(213): CodeIgniter\View\View->CodeIgniter\View\{closure}()
#3 C:\xampp\htdocs\ProyectoX\system\Common.php(1089): CodeIgniter\View\View->render('/back/CRUD/vent...', Array, true)
#4 C:\xampp\htdocs\ProyectoX\app\Controllers\ventas_controller.php(29): view('/back/CRUD/vent...', Array)
#5 C:\xampp\htdocs\ProyectoX\system\CodeIgniter.php(832): App\Controllers\ventas_controller->vistaDetalle()
#6 C:\xampp\htdocs\ProyectoX\system\CodeIgniter.php(419): CodeIgniter\CodeIgniter->runController(Object(App\Controllers\ventas_controller))
#7 C:\xampp\htdocs\ProyectoX\system\CodeIgniter.php(326): CodeIgniter\CodeIgniter->handleRequest(NULL, Object(Config\Cache), false)
#8 C:\xampp\htdocs\ProyectoX\index.php(37): CodeIgniter\CodeIgniter->run()
#9 {main}
CRITICAL - 2022-06-15 21:46:07 --> Undefined index: nombre
#0 C:\xampp\htdocs\ProyectoX\app\Views\back\CRUD\ventas\crudDetalle.php(12): CodeIgniter\Debug\Exceptions->errorHandler(8, 'Undefined index...', 'C:\\xampp\\htdocs...', 12, Array)
#1 C:\xampp\htdocs\ProyectoX\system\View\View.php(210): include('C:\\xampp\\htdocs...')
#2 C:\xampp\htdocs\ProyectoX\system\View\View.php(213): CodeIgniter\View\View->CodeIgniter\View\{closure}()
#3 C:\xampp\htdocs\ProyectoX\system\Common.php(1089): CodeIgniter\View\View->render('/back/CRUD/vent...', Array, true)
#4 C:\xampp\htdocs\ProyectoX\app\Controllers\ventas_controller.php(29): view('/back/CRUD/vent...', Array)
#5 C:\xampp\htdocs\ProyectoX\system\CodeIgniter.php(832): App\Controllers\ventas_controller->vistaDetalle()
#6 C:\xampp\htdocs\ProyectoX\system\CodeIgniter.php(419): CodeIgniter\CodeIgniter->runController(Object(App\Controllers\ventas_controller))
#7 C:\xampp\htdocs\ProyectoX\system\CodeIgniter.php(326): CodeIgniter\CodeIgniter->handleRequest(NULL, Object(Config\Cache), false)
#8 C:\xampp\htdocs\ProyectoX\index.php(37): CodeIgniter\CodeIgniter->run()
#9 {main}
