CRITICAL - 2022-05-30 01:39:39 --> Undefined variable: usuario
#0 C:\xampp\htdocs\ProyectoX\app\Views\back\CRUD\actualizarUsuario.php(7): CodeIgniter\Debug\Exceptions->errorHandler(8, 'Undefined varia...', 'C:\\xampp\\htdocs...', 7, Array)
#1 C:\xampp\htdocs\ProyectoX\system\View\View.php(210): include('C:\\xampp\\htdocs...')
#2 C:\xampp\htdocs\ProyectoX\system\View\View.php(213): CodeIgniter\View\View->CodeIgniter\View\{closure}()
#3 C:\xampp\htdocs\ProyectoX\system\Common.php(1089): CodeIgniter\View\View->render('/back/CRUD/actu...', Array, true)
#4 C:\xampp\htdocs\ProyectoX\app\Controllers\crud_controller.php(90): view('/back/CRUD/actu...', Array)
#5 C:\xampp\htdocs\ProyectoX\system\CodeIgniter.php(832): App\Controllers\crud_controller->Actualizar()
#6 C:\xampp\htdocs\ProyectoX\system\CodeIgniter.php(419): CodeIgniter\CodeIgniter->runController(Object(App\Controllers\crud_controller))
#7 C:\xampp\htdocs\ProyectoX\system\CodeIgniter.php(326): CodeIgniter\CodeIgniter->handleRequest(NULL, Object(Config\Cache), false)
#8 C:\xampp\htdocs\ProyectoX\index.php(37): CodeIgniter\CodeIgniter->run()
#9 {main}
CRITICAL - 2022-05-30 01:40:35 --> Undefined variable: usuario
#0 C:\xampp\htdocs\ProyectoX\app\Views\back\CRUD\actualizarUsuario.php(7): CodeIgniter\Debug\Exceptions->errorHandler(8, 'Undefined varia...', 'C:\\xampp\\htdocs...', 7, Array)
#1 C:\xampp\htdocs\ProyectoX\system\View\View.php(210): include('C:\\xampp\\htdocs...')
#2 C:\xampp\htdocs\ProyectoX\system\View\View.php(213): CodeIgniter\View\View->CodeIgniter\View\{closure}()
#3 C:\xampp\htdocs\ProyectoX\system\Common.php(1089): CodeIgniter\View\View->render('/back/CRUD/actu...', Array, true)
#4 C:\xampp\htdocs\ProyectoX\app\Controllers\crud_controller.php(90): view('/back/CRUD/actu...', Array)
#5 C:\xampp\htdocs\ProyectoX\system\CodeIgniter.php(832): App\Controllers\crud_controller->Actualizar()
#6 C:\xampp\htdocs\ProyectoX\system\CodeIgniter.php(419): CodeIgniter\CodeIgniter->runController(Object(App\Controllers\crud_controller))
#7 C:\xampp\htdocs\ProyectoX\system\CodeIgniter.php(326): CodeIgniter\CodeIgniter->handleRequest(NULL, Object(Config\Cache), false)
#8 C:\xampp\htdocs\ProyectoX\index.php(37): CodeIgniter\CodeIgniter->run()
#9 {main}
CRITICAL - 2022-05-30 01:42:49 --> Undefined variable: datos
#0 C:\xampp\htdocs\ProyectoX\app\Views\back\CRUD\actualizarUsuario.php(9): CodeIgniter\Debug\Exceptions->errorHandler(8, 'Undefined varia...', 'C:\\xampp\\htdocs...', 9, Array)
#1 C:\xampp\htdocs\ProyectoX\system\View\View.php(210): include('C:\\xampp\\htdocs...')
#2 C:\xampp\htdocs\ProyectoX\system\View\View.php(213): CodeIgniter\View\View->CodeIgniter\View\{closure}()
#3 C:\xampp\htdocs\ProyectoX\system\Common.php(1089): CodeIgniter\View\View->render('back/CRUD/actua...', Array, true)
#4 C:\xampp\htdocs\ProyectoX\app\Controllers\crud_controller.php(71): view('back/CRUD/actua...', Array)
#5 C:\xampp\htdocs\ProyectoX\system\CodeIgniter.php(832): App\Controllers\crud_controller->editar('3')
#6 C:\xampp\htdocs\ProyectoX\system\CodeIgniter.php(419): CodeIgniter\CodeIgniter->runController(Object(App\Controllers\crud_controller))
#7 C:\xampp\htdocs\ProyectoX\system\CodeIgniter.php(326): CodeIgniter\CodeIgniter->handleRequest(NULL, Object(Config\Cache), false)
#8 C:\xampp\htdocs\ProyectoX\index.php(37): CodeIgniter\CodeIgniter->run()
#9 {main}
CRITICAL - 2022-05-30 01:44:02 --> Undefined variable: usuario
#0 C:\xampp\htdocs\ProyectoX\app\Views\back\CRUD\actualizarUsuario.php(3): CodeIgniter\Debug\Exceptions->errorHandler(8, 'Undefined varia...', 'C:\\xampp\\htdocs...', 3, Array)
#1 C:\xampp\htdocs\ProyectoX\system\View\View.php(210): include('C:\\xampp\\htdocs...')
#2 C:\xampp\htdocs\ProyectoX\system\View\View.php(213): CodeIgniter\View\View->CodeIgniter\View\{closure}()
#3 C:\xampp\htdocs\ProyectoX\system\Common.php(1089): CodeIgniter\View\View->render('/back/CRUD/actu...', Array, true)
#4 C:\xampp\htdocs\ProyectoX\app\Controllers\crud_controller.php(90): view('/back/CRUD/actu...', Array)
#5 C:\xampp\htdocs\ProyectoX\system\CodeIgniter.php(832): App\Controllers\crud_controller->Actualizar()
#6 C:\xampp\htdocs\ProyectoX\system\CodeIgniter.php(419): CodeIgniter\CodeIgniter->runController(Object(App\Controllers\crud_controller))
#7 C:\xampp\htdocs\ProyectoX\system\CodeIgniter.php(326): CodeIgniter\CodeIgniter->handleRequest(NULL, Object(Config\Cache), false)
#8 C:\xampp\htdocs\ProyectoX\index.php(37): CodeIgniter\CodeIgniter->run()
#9 {main}
CRITICAL - 2022-05-30 01:46:30 --> Undefined variable: usuario
#0 C:\xampp\htdocs\ProyectoX\app\Views\back\CRUD\actualizarUsuario.php(3): CodeIgniter\Debug\Exceptions->errorHandler(8, 'Undefined varia...', 'C:\\xampp\\htdocs...', 3, Array)
#1 C:\xampp\htdocs\ProyectoX\system\View\View.php(210): include('C:\\xampp\\htdocs...')
#2 C:\xampp\htdocs\ProyectoX\system\View\View.php(213): CodeIgniter\View\View->CodeIgniter\View\{closure}()
#3 C:\xampp\htdocs\ProyectoX\system\Common.php(1089): CodeIgniter\View\View->render('/back/CRUD/actu...', Array, true)
#4 C:\xampp\htdocs\ProyectoX\app\Controllers\crud_controller.php(90): view('/back/CRUD/actu...', Array)
#5 C:\xampp\htdocs\ProyectoX\system\CodeIgniter.php(832): App\Controllers\crud_controller->Actualizar()
#6 C:\xampp\htdocs\ProyectoX\system\CodeIgniter.php(419): CodeIgniter\CodeIgniter->runController(Object(App\Controllers\crud_controller))
#7 C:\xampp\htdocs\ProyectoX\system\CodeIgniter.php(326): CodeIgniter\CodeIgniter->handleRequest(NULL, Object(Config\Cache), false)
#8 C:\xampp\htdocs\ProyectoX\index.php(37): CodeIgniter\CodeIgniter->run()
#9 {main}
CRITICAL - 2022-05-30 01:46:43 --> Undefined variable: usuario
#0 C:\xampp\htdocs\ProyectoX\app\Views\back\CRUD\actualizarUsuario.php(7): CodeIgniter\Debug\Exceptions->errorHandler(8, 'Undefined varia...', 'C:\\xampp\\htdocs...', 7, Array)
#1 C:\xampp\htdocs\ProyectoX\system\View\View.php(210): include('C:\\xampp\\htdocs...')
#2 C:\xampp\htdocs\ProyectoX\system\View\View.php(213): CodeIgniter\View\View->CodeIgniter\View\{closure}()
#3 C:\xampp\htdocs\ProyectoX\system\Common.php(1089): CodeIgniter\View\View->render('/back/CRUD/actu...', Array, true)
#4 C:\xampp\htdocs\ProyectoX\app\Controllers\crud_controller.php(90): view('/back/CRUD/actu...', Array)
#5 C:\xampp\htdocs\ProyectoX\system\CodeIgniter.php(832): App\Controllers\crud_controller->Actualizar()
#6 C:\xampp\htdocs\ProyectoX\system\CodeIgniter.php(419): CodeIgniter\CodeIgniter->runController(Object(App\Controllers\crud_controller))
#7 C:\xampp\htdocs\ProyectoX\system\CodeIgniter.php(326): CodeIgniter\CodeIgniter->handleRequest(NULL, Object(Config\Cache), false)
#8 C:\xampp\htdocs\ProyectoX\index.php(37): CodeIgniter\CodeIgniter->run()
#9 {main}
CRITICAL - 2022-05-30 01:47:58 --> Undefined variable: usuario
#0 C:\xampp\htdocs\ProyectoX\app\Views\back\CRUD\actualizarUsuario.php(7): CodeIgniter\Debug\Exceptions->errorHandler(8, 'Undefined varia...', 'C:\\xampp\\htdocs...', 7, Array)
#1 C:\xampp\htdocs\ProyectoX\system\View\View.php(210): include('C:\\xampp\\htdocs...')
#2 C:\xampp\htdocs\ProyectoX\system\View\View.php(213): CodeIgniter\View\View->CodeIgniter\View\{closure}()
#3 C:\xampp\htdocs\ProyectoX\system\Common.php(1089): CodeIgniter\View\View->render('/back/CRUD/actu...', Array, true)
#4 C:\xampp\htdocs\ProyectoX\app\Controllers\crud_controller.php(90): view('/back/CRUD/actu...', Array)
#5 C:\xampp\htdocs\ProyectoX\system\CodeIgniter.php(832): App\Controllers\crud_controller->Actualizar()
#6 C:\xampp\htdocs\ProyectoX\system\CodeIgniter.php(419): CodeIgniter\CodeIgniter->runController(Object(App\Controllers\crud_controller))
#7 C:\xampp\htdocs\ProyectoX\system\CodeIgniter.php(326): CodeIgniter\CodeIgniter->handleRequest(NULL, Object(Config\Cache), false)
#8 C:\xampp\htdocs\ProyectoX\index.php(37): CodeIgniter\CodeIgniter->run()
#9 {main}
CRITICAL - 2022-05-30 01:56:20 --> Undefined variable: usuario
#0 C:\xampp\htdocs\ProyectoX\app\Views\back\CRUD\actualizarUsuario.php(7): CodeIgniter\Debug\Exceptions->errorHandler(8, 'Undefined varia...', 'C:\\xampp\\htdocs...', 7, Array)
#1 C:\xampp\htdocs\ProyectoX\system\View\View.php(210): include('C:\\xampp\\htdocs...')
#2 C:\xampp\htdocs\ProyectoX\system\View\View.php(213): CodeIgniter\View\View->CodeIgniter\View\{closure}()
#3 C:\xampp\htdocs\ProyectoX\system\Common.php(1089): CodeIgniter\View\View->render('/back/CRUD/actu...', Array, true)
#4 C:\xampp\htdocs\ProyectoX\app\Controllers\crud_controller.php(89): view('/back/CRUD/actu...', Array)
#5 C:\xampp\htdocs\ProyectoX\system\CodeIgniter.php(832): App\Controllers\crud_controller->Actualizar()
#6 C:\xampp\htdocs\ProyectoX\system\CodeIgniter.php(419): CodeIgniter\CodeIgniter->runController(Object(App\Controllers\crud_controller))
#7 C:\xampp\htdocs\ProyectoX\system\CodeIgniter.php(326): CodeIgniter\CodeIgniter->handleRequest(NULL, Object(Config\Cache), false)
#8 C:\xampp\htdocs\ProyectoX\index.php(37): CodeIgniter\CodeIgniter->run()
#9 {main}
CRITICAL - 2022-05-30 02:31:36 --> Undefined variable: session
#0 C:\xampp\htdocs\ProyectoX\app\Controllers\crud_controller.php(51): CodeIgniter\Debug\Exceptions->errorHandler(8, 'Undefined varia...', 'C:\\xampp\\htdocs...', 51, Array)
#1 C:\xampp\htdocs\ProyectoX\system\CodeIgniter.php(832): App\Controllers\crud_controller->formValidation()
#2 C:\xampp\htdocs\ProyectoX\system\CodeIgniter.php(419): CodeIgniter\CodeIgniter->runController(Object(App\Controllers\crud_controller))
#3 C:\xampp\htdocs\ProyectoX\system\CodeIgniter.php(326): CodeIgniter\CodeIgniter->handleRequest(NULL, Object(Config\Cache), false)
#4 C:\xampp\htdocs\ProyectoX\index.php(37): CodeIgniter\CodeIgniter->run()
#5 {main}
CRITICAL - 2022-05-30 02:32:33 --> Undefined variable: session
#0 C:\xampp\htdocs\ProyectoX\app\Controllers\crud_controller.php(51): CodeIgniter\Debug\Exceptions->errorHandler(8, 'Undefined varia...', 'C:\\xampp\\htdocs...', 51, Array)
#1 C:\xampp\htdocs\ProyectoX\system\CodeIgniter.php(832): App\Controllers\crud_controller->formValidation()
#2 C:\xampp\htdocs\ProyectoX\system\CodeIgniter.php(419): CodeIgniter\CodeIgniter->runController(Object(App\Controllers\crud_controller))
#3 C:\xampp\htdocs\ProyectoX\system\CodeIgniter.php(326): CodeIgniter\CodeIgniter->handleRequest(NULL, Object(Config\Cache), false)
#4 C:\xampp\htdocs\ProyectoX\index.php(37): CodeIgniter\CodeIgniter->run()
#5 {main}
CRITICAL - 2022-05-30 02:44:46 --> Undefined variable: usuario
#0 C:\xampp\htdocs\ProyectoX\app\Views\back\CRUD\actualizarUsuario.php(6): CodeIgniter\Debug\Exceptions->errorHandler(8, 'Undefined varia...', 'C:\\xampp\\htdocs...', 6, Array)
#1 C:\xampp\htdocs\ProyectoX\system\View\View.php(210): include('C:\\xampp\\htdocs...')
#2 C:\xampp\htdocs\ProyectoX\system\View\View.php(213): CodeIgniter\View\View->CodeIgniter\View\{closure}()
#3 C:\xampp\htdocs\ProyectoX\system\Common.php(1089): CodeIgniter\View\View->render('/back/CRUD/actu...', Array, true)
#4 C:\xampp\htdocs\ProyectoX\app\Controllers\crud_controller.php(91): view('/back/CRUD/actu...', Array)
#5 C:\xampp\htdocs\ProyectoX\system\CodeIgniter.php(832): App\Controllers\crud_controller->Actualizar()
#6 C:\xampp\htdocs\ProyectoX\system\CodeIgniter.php(419): CodeIgniter\CodeIgniter->runController(Object(App\Controllers\crud_controller))
#7 C:\xampp\htdocs\ProyectoX\system\CodeIgniter.php(326): CodeIgniter\CodeIgniter->handleRequest(NULL, Object(Config\Cache), false)
#8 C:\xampp\htdocs\ProyectoX\index.php(37): CodeIgniter\CodeIgniter->run()
#9 {main}
CRITICAL - 2022-05-30 02:51:28 --> syntax error, unexpected end of file, expecting elseif (T_ELSEIF) or else (T_ELSE) or endif (T_ENDIF)
#0 C:\xampp\htdocs\ProyectoX\system\View\View.php(213): CodeIgniter\View\View->CodeIgniter\View\{closure}()
#1 C:\xampp\htdocs\ProyectoX\system\Common.php(1089): CodeIgniter\View\View->render('back/CRUD/actua...', Array, true)
#2 C:\xampp\htdocs\ProyectoX\app\Controllers\crud_controller.php(73): view('back/CRUD/actua...', Array)
#3 C:\xampp\htdocs\ProyectoX\system\CodeIgniter.php(832): App\Controllers\crud_controller->editar('4')
#4 C:\xampp\htdocs\ProyectoX\system\CodeIgniter.php(419): CodeIgniter\CodeIgniter->runController(Object(App\Controllers\crud_controller))
#5 C:\xampp\htdocs\ProyectoX\system\CodeIgniter.php(326): CodeIgniter\CodeIgniter->handleRequest(NULL, Object(Config\Cache), false)
#6 C:\xampp\htdocs\ProyectoX\index.php(37): CodeIgniter\CodeIgniter->run()
#7 {main}
CRITICAL - 2022-05-30 02:51:30 --> syntax error, unexpected end of file, expecting elseif (T_ELSEIF) or else (T_ELSE) or endif (T_ENDIF)
#0 C:\xampp\htdocs\ProyectoX\system\View\View.php(213): CodeIgniter\View\View->CodeIgniter\View\{closure}()
#1 C:\xampp\htdocs\ProyectoX\system\Common.php(1089): CodeIgniter\View\View->render('back/CRUD/actua...', Array, true)
#2 C:\xampp\htdocs\ProyectoX\app\Controllers\crud_controller.php(73): view('back/CRUD/actua...', Array)
#3 C:\xampp\htdocs\ProyectoX\system\CodeIgniter.php(832): App\Controllers\crud_controller->editar('4')
#4 C:\xampp\htdocs\ProyectoX\system\CodeIgniter.php(419): CodeIgniter\CodeIgniter->runController(Object(App\Controllers\crud_controller))
#5 C:\xampp\htdocs\ProyectoX\system\CodeIgniter.php(326): CodeIgniter\CodeIgniter->handleRequest(NULL, Object(Config\Cache), false)
#6 C:\xampp\htdocs\ProyectoX\index.php(37): CodeIgniter\CodeIgniter->run()
#7 {main}
CRITICAL - 2022-05-30 02:51:37 --> syntax error, unexpected end of file, expecting elseif (T_ELSEIF) or else (T_ELSE) or endif (T_ENDIF)
#0 C:\xampp\htdocs\ProyectoX\system\View\View.php(213): CodeIgniter\View\View->CodeIgniter\View\{closure}()
#1 C:\xampp\htdocs\ProyectoX\system\Common.php(1089): CodeIgniter\View\View->render('back/CRUD/actua...', Array, true)
#2 C:\xampp\htdocs\ProyectoX\app\Controllers\crud_controller.php(73): view('back/CRUD/actua...', Array)
#3 C:\xampp\htdocs\ProyectoX\system\CodeIgniter.php(832): App\Controllers\crud_controller->editar('4')
#4 C:\xampp\htdocs\ProyectoX\system\CodeIgniter.php(419): CodeIgniter\CodeIgniter->runController(Object(App\Controllers\crud_controller))
#5 C:\xampp\htdocs\ProyectoX\system\CodeIgniter.php(326): CodeIgniter\CodeIgniter->handleRequest(NULL, Object(Config\Cache), false)
#6 C:\xampp\htdocs\ProyectoX\index.php(37): CodeIgniter\CodeIgniter->run()
#7 {main}
CRITICAL - 2022-05-30 03:26:48 --> auth3 filter must have a matching alias defined.
#0 C:\xampp\htdocs\ProyectoX\system\Filters\Filters.php(340): CodeIgniter\Filters\Exceptions\FilterException::forNoAlias('auth3')
#1 C:\xampp\htdocs\ProyectoX\system\CodeIgniter.php(384): CodeIgniter\Filters\Filters->enableFilter('auth3', 'before')
#2 C:\xampp\htdocs\ProyectoX\system\CodeIgniter.php(326): CodeIgniter\CodeIgniter->handleRequest(NULL, Object(Config\Cache), false)
#3 C:\xampp\htdocs\ProyectoX\index.php(37): CodeIgniter\CodeIgniter->run()
#4 {main}
CRITICAL - 2022-05-30 03:27:44 --> Auth3 filter must have a matching alias defined.
#0 C:\xampp\htdocs\ProyectoX\system\Filters\Filters.php(340): CodeIgniter\Filters\Exceptions\FilterException::forNoAlias('Auth3')
#1 C:\xampp\htdocs\ProyectoX\system\CodeIgniter.php(384): CodeIgniter\Filters\Filters->enableFilter('Auth3', 'before')
#2 C:\xampp\htdocs\ProyectoX\system\CodeIgniter.php(326): CodeIgniter\CodeIgniter->handleRequest(NULL, Object(Config\Cache), false)
#3 C:\xampp\htdocs\ProyectoX\index.php(37): CodeIgniter\CodeIgniter->run()
#4 {main}
CRITICAL - 2022-05-30 03:27:44 --> Auth3 filter must have a matching alias defined.
#0 C:\xampp\htdocs\ProyectoX\system\Filters\Filters.php(340): CodeIgniter\Filters\Exceptions\FilterException::forNoAlias('Auth3')
#1 C:\xampp\htdocs\ProyectoX\system\CodeIgniter.php(384): CodeIgniter\Filters\Filters->enableFilter('Auth3', 'before')
#2 C:\xampp\htdocs\ProyectoX\system\CodeIgniter.php(326): CodeIgniter\CodeIgniter->handleRequest(NULL, Object(Config\Cache), false)
#3 C:\xampp\htdocs\ProyectoX\index.php(37): CodeIgniter\CodeIgniter->run()
#4 {main}
CRITICAL - 2022-05-30 03:27:45 --> Auth3 filter must have a matching alias defined.
#0 C:\xampp\htdocs\ProyectoX\system\Filters\Filters.php(340): CodeIgniter\Filters\Exceptions\FilterException::forNoAlias('Auth3')
#1 C:\xampp\htdocs\ProyectoX\system\CodeIgniter.php(384): CodeIgniter\Filters\Filters->enableFilter('Auth3', 'before')
#2 C:\xampp\htdocs\ProyectoX\system\CodeIgniter.php(326): CodeIgniter\CodeIgniter->handleRequest(NULL, Object(Config\Cache), false)
#3 C:\xampp\htdocs\ProyectoX\index.php(37): CodeIgniter\CodeIgniter->run()
#4 {main}
