CRITICAL - 2022-06-10 13:59:09 --> Call to undefined function form_open()
#0 C:\xampp\htdocs\ProyectoX\system\View\View.php(210): include()
#1 C:\xampp\htdocs\ProyectoX\system\View\View.php(213): CodeIgniter\View\View->CodeIgniter\View\{closure}()
#2 C:\xampp\htdocs\ProyectoX\system\Common.php(1089): CodeIgniter\View\View->render('/front/catalogo', Array, true)
#3 C:\xampp\htdocs\ProyectoX\app\Controllers\Home.php(61): view('/front/catalogo', Array)
#4 C:\xampp\htdocs\ProyectoX\system\CodeIgniter.php(832): App\Controllers\Home->catalogo()
#5 C:\xampp\htdocs\ProyectoX\system\CodeIgniter.php(419): CodeIgniter\CodeIgniter->runController(Object(App\Controllers\Home))
#6 C:\xampp\htdocs\ProyectoX\system\CodeIgniter.php(326): CodeIgniter\CodeIgniter->handleRequest(NULL, Object(Config\Cache), false)
#7 C:\xampp\htdocs\ProyectoX\index.php(37): CodeIgniter\CodeIgniter->run()
#8 {main}
CRITICAL - 2022-06-10 14:00:23 --> Call to undefined function form_open()
#0 C:\xampp\htdocs\ProyectoX\system\View\View.php(210): include()
#1 C:\xampp\htdocs\ProyectoX\system\View\View.php(213): CodeIgniter\View\View->CodeIgniter\View\{closure}()
#2 C:\xampp\htdocs\ProyectoX\system\Common.php(1089): CodeIgniter\View\View->render('/front/catalogo', Array, true)
#3 C:\xampp\htdocs\ProyectoX\app\Controllers\Home.php(61): view('/front/catalogo', Array)
#4 C:\xampp\htdocs\ProyectoX\system\CodeIgniter.php(832): App\Controllers\Home->catalogo()
#5 C:\xampp\htdocs\ProyectoX\system\CodeIgniter.php(419): CodeIgniter\CodeIgniter->runController(Object(App\Controllers\Home))
#6 C:\xampp\htdocs\ProyectoX\system\CodeIgniter.php(326): CodeIgniter\CodeIgniter->handleRequest(NULL, Object(Config\Cache), false)
#7 C:\xampp\htdocs\ProyectoX\index.php(37): CodeIgniter\CodeIgniter->run()
#8 {main}
CRITICAL - 2022-06-10 14:00:26 --> Call to undefined function form_open()
#0 C:\xampp\htdocs\ProyectoX\system\View\View.php(210): include()
#1 C:\xampp\htdocs\ProyectoX\system\View\View.php(213): CodeIgniter\View\View->CodeIgniter\View\{closure}()
#2 C:\xampp\htdocs\ProyectoX\system\Common.php(1089): CodeIgniter\View\View->render('/front/catalogo', Array, true)
#3 C:\xampp\htdocs\ProyectoX\app\Controllers\Home.php(61): view('/front/catalogo', Array)
#4 C:\xampp\htdocs\ProyectoX\system\CodeIgniter.php(832): App\Controllers\Home->catalogo()
#5 C:\xampp\htdocs\ProyectoX\system\CodeIgniter.php(419): CodeIgniter\CodeIgniter->runController(Object(App\Controllers\Home))
#6 C:\xampp\htdocs\ProyectoX\system\CodeIgniter.php(326): CodeIgniter\CodeIgniter->handleRequest(NULL, Object(Config\Cache), false)
#7 C:\xampp\htdocs\ProyectoX\index.php(37): CodeIgniter\CodeIgniter->run()
#8 {main}
CRITICAL - 2022-06-10 14:00:27 --> Call to undefined function form_open()
#0 C:\xampp\htdocs\ProyectoX\system\View\View.php(210): include()
#1 C:\xampp\htdocs\ProyectoX\system\View\View.php(213): CodeIgniter\View\View->CodeIgniter\View\{closure}()
#2 C:\xampp\htdocs\ProyectoX\system\Common.php(1089): CodeIgniter\View\View->render('/front/catalogo', Array, true)
#3 C:\xampp\htdocs\ProyectoX\app\Controllers\Home.php(61): view('/front/catalogo', Array)
#4 C:\xampp\htdocs\ProyectoX\system\CodeIgniter.php(832): App\Controllers\Home->catalogo()
#5 C:\xampp\htdocs\ProyectoX\system\CodeIgniter.php(419): CodeIgniter\CodeIgniter->runController(Object(App\Controllers\Home))
#6 C:\xampp\htdocs\ProyectoX\system\CodeIgniter.php(326): CodeIgniter\CodeIgniter->handleRequest(NULL, Object(Config\Cache), false)
#7 C:\xampp\htdocs\ProyectoX\index.php(37): CodeIgniter\CodeIgniter->run()
#8 {main}
CRITICAL - 2022-06-10 14:00:27 --> Call to undefined function form_open()
#0 C:\xampp\htdocs\ProyectoX\system\View\View.php(210): include()
#1 C:\xampp\htdocs\ProyectoX\system\View\View.php(213): CodeIgniter\View\View->CodeIgniter\View\{closure}()
#2 C:\xampp\htdocs\ProyectoX\system\Common.php(1089): CodeIgniter\View\View->render('/front/catalogo', Array, true)
#3 C:\xampp\htdocs\ProyectoX\app\Controllers\Home.php(61): view('/front/catalogo', Array)
#4 C:\xampp\htdocs\ProyectoX\system\CodeIgniter.php(832): App\Controllers\Home->catalogo()
#5 C:\xampp\htdocs\ProyectoX\system\CodeIgniter.php(419): CodeIgniter\CodeIgniter->runController(Object(App\Controllers\Home))
#6 C:\xampp\htdocs\ProyectoX\system\CodeIgniter.php(326): CodeIgniter\CodeIgniter->handleRequest(NULL, Object(Config\Cache), false)
#7 C:\xampp\htdocs\ProyectoX\index.php(37): CodeIgniter\CodeIgniter->run()
#8 {main}
CRITICAL - 2022-06-10 14:00:28 --> Call to undefined function form_open()
#0 C:\xampp\htdocs\ProyectoX\system\View\View.php(210): include()
#1 C:\xampp\htdocs\ProyectoX\system\View\View.php(213): CodeIgniter\View\View->CodeIgniter\View\{closure}()
#2 C:\xampp\htdocs\ProyectoX\system\Common.php(1089): CodeIgniter\View\View->render('/front/catalogo', Array, true)
#3 C:\xampp\htdocs\ProyectoX\app\Controllers\Home.php(61): view('/front/catalogo', Array)
#4 C:\xampp\htdocs\ProyectoX\system\CodeIgniter.php(832): App\Controllers\Home->catalogo()
#5 C:\xampp\htdocs\ProyectoX\system\CodeIgniter.php(419): CodeIgniter\CodeIgniter->runController(Object(App\Controllers\Home))
#6 C:\xampp\htdocs\ProyectoX\system\CodeIgniter.php(326): CodeIgniter\CodeIgniter->handleRequest(NULL, Object(Config\Cache), false)
#7 C:\xampp\htdocs\ProyectoX\index.php(37): CodeIgniter\CodeIgniter->run()
#8 {main}
CRITICAL - 2022-06-10 14:00:49 --> Call to undefined function form_open()
#0 C:\xampp\htdocs\ProyectoX\system\View\View.php(210): include()
#1 C:\xampp\htdocs\ProyectoX\system\View\View.php(213): CodeIgniter\View\View->CodeIgniter\View\{closure}()
#2 C:\xampp\htdocs\ProyectoX\system\Common.php(1089): CodeIgniter\View\View->render('/front/catalogo', Array, true)
#3 C:\xampp\htdocs\ProyectoX\app\Controllers\Home.php(61): view('/front/catalogo', Array)
#4 C:\xampp\htdocs\ProyectoX\system\CodeIgniter.php(832): App\Controllers\Home->catalogo()
#5 C:\xampp\htdocs\ProyectoX\system\CodeIgniter.php(419): CodeIgniter\CodeIgniter->runController(Object(App\Controllers\Home))
#6 C:\xampp\htdocs\ProyectoX\system\CodeIgniter.php(326): CodeIgniter\CodeIgniter->handleRequest(NULL, Object(Config\Cache), false)
#7 C:\xampp\htdocs\ProyectoX\index.php(37): CodeIgniter\CodeIgniter->run()
#8 {main}
CRITICAL - 2022-06-10 14:00:50 --> Call to undefined function form_open()
#0 C:\xampp\htdocs\ProyectoX\system\View\View.php(210): include()
#1 C:\xampp\htdocs\ProyectoX\system\View\View.php(213): CodeIgniter\View\View->CodeIgniter\View\{closure}()
#2 C:\xampp\htdocs\ProyectoX\system\Common.php(1089): CodeIgniter\View\View->render('/front/catalogo', Array, true)
#3 C:\xampp\htdocs\ProyectoX\app\Controllers\Home.php(61): view('/front/catalogo', Array)
#4 C:\xampp\htdocs\ProyectoX\system\CodeIgniter.php(832): App\Controllers\Home->catalogo()
#5 C:\xampp\htdocs\ProyectoX\system\CodeIgniter.php(419): CodeIgniter\CodeIgniter->runController(Object(App\Controllers\Home))
#6 C:\xampp\htdocs\ProyectoX\system\CodeIgniter.php(326): CodeIgniter\CodeIgniter->handleRequest(NULL, Object(Config\Cache), false)
#7 C:\xampp\htdocs\ProyectoX\index.php(37): CodeIgniter\CodeIgniter->run()
#8 {main}
CRITICAL - 2022-06-10 14:02:03 --> Undefined property: CodeIgniter\View\View::$load
#0 C:\xampp\htdocs\ProyectoX\app\Views\front\catalogo.php(39): CodeIgniter\Debug\Exceptions->errorHandler(8, 'Undefined prope...', 'C:\\xampp\\htdocs...', 39, Array)
#1 C:\xampp\htdocs\ProyectoX\system\View\View.php(210): include('C:\\xampp\\htdocs...')
#2 C:\xampp\htdocs\ProyectoX\system\View\View.php(213): CodeIgniter\View\View->CodeIgniter\View\{closure}()
#3 C:\xampp\htdocs\ProyectoX\system\Common.php(1089): CodeIgniter\View\View->render('/front/catalogo', Array, true)
#4 C:\xampp\htdocs\ProyectoX\app\Controllers\Home.php(61): view('/front/catalogo', Array)
#5 C:\xampp\htdocs\ProyectoX\system\CodeIgniter.php(832): App\Controllers\Home->catalogo()
#6 C:\xampp\htdocs\ProyectoX\system\CodeIgniter.php(419): CodeIgniter\CodeIgniter->runController(Object(App\Controllers\Home))
#7 C:\xampp\htdocs\ProyectoX\system\CodeIgniter.php(326): CodeIgniter\CodeIgniter->handleRequest(NULL, Object(Config\Cache), false)
#8 C:\xampp\htdocs\ProyectoX\index.php(37): CodeIgniter\CodeIgniter->run()
#9 {main}
CRITICAL - 2022-06-10 14:02:05 --> Undefined property: CodeIgniter\View\View::$load
#0 C:\xampp\htdocs\ProyectoX\app\Views\front\catalogo.php(39): CodeIgniter\Debug\Exceptions->errorHandler(8, 'Undefined prope...', 'C:\\xampp\\htdocs...', 39, Array)
#1 C:\xampp\htdocs\ProyectoX\system\View\View.php(210): include('C:\\xampp\\htdocs...')
#2 C:\xampp\htdocs\ProyectoX\system\View\View.php(213): CodeIgniter\View\View->CodeIgniter\View\{closure}()
#3 C:\xampp\htdocs\ProyectoX\system\Common.php(1089): CodeIgniter\View\View->render('/front/catalogo', Array, true)
#4 C:\xampp\htdocs\ProyectoX\app\Controllers\Home.php(61): view('/front/catalogo', Array)
#5 C:\xampp\htdocs\ProyectoX\system\CodeIgniter.php(832): App\Controllers\Home->catalogo()
#6 C:\xampp\htdocs\ProyectoX\system\CodeIgniter.php(419): CodeIgniter\CodeIgniter->runController(Object(App\Controllers\Home))
#7 C:\xampp\htdocs\ProyectoX\system\CodeIgniter.php(326): CodeIgniter\CodeIgniter->handleRequest(NULL, Object(Config\Cache), false)
#8 C:\xampp\htdocs\ProyectoX\index.php(37): CodeIgniter\CodeIgniter->run()
#9 {main}
CRITICAL - 2022-06-10 14:06:16 --> Undefined property: CodeIgniter\View\View::$load
#0 C:\xampp\htdocs\ProyectoX\app\Views\front\catalogo.php(40): CodeIgniter\Debug\Exceptions->errorHandler(8, 'Undefined prope...', 'C:\\xampp\\htdocs...', 40, Array)
#1 C:\xampp\htdocs\ProyectoX\system\View\View.php(210): include('C:\\xampp\\htdocs...')
#2 C:\xampp\htdocs\ProyectoX\system\View\View.php(213): CodeIgniter\View\View->CodeIgniter\View\{closure}()
#3 C:\xampp\htdocs\ProyectoX\system\Common.php(1089): CodeIgniter\View\View->render('/front/catalogo', Array, true)
#4 C:\xampp\htdocs\ProyectoX\app\Controllers\Home.php(61): view('/front/catalogo', Array)
#5 C:\xampp\htdocs\ProyectoX\system\CodeIgniter.php(832): App\Controllers\Home->catalogo()
#6 C:\xampp\htdocs\ProyectoX\system\CodeIgniter.php(419): CodeIgniter\CodeIgniter->runController(Object(App\Controllers\Home))
#7 C:\xampp\htdocs\ProyectoX\system\CodeIgniter.php(326): CodeIgniter\CodeIgniter->handleRequest(NULL, Object(Config\Cache), false)
#8 C:\xampp\htdocs\ProyectoX\index.php(37): CodeIgniter\CodeIgniter->run()
#9 {main}
CRITICAL - 2022-06-10 14:06:17 --> Undefined property: CodeIgniter\View\View::$load
#0 C:\xampp\htdocs\ProyectoX\app\Views\front\catalogo.php(40): CodeIgniter\Debug\Exceptions->errorHandler(8, 'Undefined prope...', 'C:\\xampp\\htdocs...', 40, Array)
#1 C:\xampp\htdocs\ProyectoX\system\View\View.php(210): include('C:\\xampp\\htdocs...')
#2 C:\xampp\htdocs\ProyectoX\system\View\View.php(213): CodeIgniter\View\View->CodeIgniter\View\{closure}()
#3 C:\xampp\htdocs\ProyectoX\system\Common.php(1089): CodeIgniter\View\View->render('/front/catalogo', Array, true)
#4 C:\xampp\htdocs\ProyectoX\app\Controllers\Home.php(61): view('/front/catalogo', Array)
#5 C:\xampp\htdocs\ProyectoX\system\CodeIgniter.php(832): App\Controllers\Home->catalogo()
#6 C:\xampp\htdocs\ProyectoX\system\CodeIgniter.php(419): CodeIgniter\CodeIgniter->runController(Object(App\Controllers\Home))
#7 C:\xampp\htdocs\ProyectoX\system\CodeIgniter.php(326): CodeIgniter\CodeIgniter->handleRequest(NULL, Object(Config\Cache), false)
#8 C:\xampp\htdocs\ProyectoX\index.php(37): CodeIgniter\CodeIgniter->run()
#9 {main}
CRITICAL - 2022-06-10 14:07:27 --> Undefined property: App\Controllers\Home::$load
#0 C:\xampp\htdocs\ProyectoX\app\Controllers\Home.php(59): CodeIgniter\Debug\Exceptions->errorHandler(8, 'Undefined prope...', 'C:\\xampp\\htdocs...', 59, Array)
#1 C:\xampp\htdocs\ProyectoX\system\CodeIgniter.php(832): App\Controllers\Home->catalogo()
#2 C:\xampp\htdocs\ProyectoX\system\CodeIgniter.php(419): CodeIgniter\CodeIgniter->runController(Object(App\Controllers\Home))
#3 C:\xampp\htdocs\ProyectoX\system\CodeIgniter.php(326): CodeIgniter\CodeIgniter->handleRequest(NULL, Object(Config\Cache), false)
#4 C:\xampp\htdocs\ProyectoX\index.php(37): CodeIgniter\CodeIgniter->run()
#5 {main}
CRITICAL - 2022-06-10 14:07:28 --> Undefined property: App\Controllers\Home::$load
#0 C:\xampp\htdocs\ProyectoX\app\Controllers\Home.php(59): CodeIgniter\Debug\Exceptions->errorHandler(8, 'Undefined prope...', 'C:\\xampp\\htdocs...', 59, Array)
#1 C:\xampp\htdocs\ProyectoX\system\CodeIgniter.php(832): App\Controllers\Home->catalogo()
#2 C:\xampp\htdocs\ProyectoX\system\CodeIgniter.php(419): CodeIgniter\CodeIgniter->runController(Object(App\Controllers\Home))
#3 C:\xampp\htdocs\ProyectoX\system\CodeIgniter.php(326): CodeIgniter\CodeIgniter->handleRequest(NULL, Object(Config\Cache), false)
#4 C:\xampp\htdocs\ProyectoX\index.php(37): CodeIgniter\CodeIgniter->run()
#5 {main}
CRITICAL - 2022-06-10 14:07:29 --> Undefined property: App\Controllers\Home::$load
#0 C:\xampp\htdocs\ProyectoX\app\Controllers\Home.php(59): CodeIgniter\Debug\Exceptions->errorHandler(8, 'Undefined prope...', 'C:\\xampp\\htdocs...', 59, Array)
#1 C:\xampp\htdocs\ProyectoX\system\CodeIgniter.php(832): App\Controllers\Home->catalogo()
#2 C:\xampp\htdocs\ProyectoX\system\CodeIgniter.php(419): CodeIgniter\CodeIgniter->runController(Object(App\Controllers\Home))
#3 C:\xampp\htdocs\ProyectoX\system\CodeIgniter.php(326): CodeIgniter\CodeIgniter->handleRequest(NULL, Object(Config\Cache), false)
#4 C:\xampp\htdocs\ProyectoX\index.php(37): CodeIgniter\CodeIgniter->run()
#5 {main}
CRITICAL - 2022-06-10 14:07:29 --> Undefined property: App\Controllers\Home::$load
#0 C:\xampp\htdocs\ProyectoX\app\Controllers\Home.php(59): CodeIgniter\Debug\Exceptions->errorHandler(8, 'Undefined prope...', 'C:\\xampp\\htdocs...', 59, Array)
#1 C:\xampp\htdocs\ProyectoX\system\CodeIgniter.php(832): App\Controllers\Home->catalogo()
#2 C:\xampp\htdocs\ProyectoX\system\CodeIgniter.php(419): CodeIgniter\CodeIgniter->runController(Object(App\Controllers\Home))
#3 C:\xampp\htdocs\ProyectoX\system\CodeIgniter.php(326): CodeIgniter\CodeIgniter->handleRequest(NULL, Object(Config\Cache), false)
#4 C:\xampp\htdocs\ProyectoX\index.php(37): CodeIgniter\CodeIgniter->run()
#5 {main}
CRITICAL - 2022-06-10 14:07:30 --> Undefined property: App\Controllers\Home::$load
#0 C:\xampp\htdocs\ProyectoX\app\Controllers\Home.php(59): CodeIgniter\Debug\Exceptions->errorHandler(8, 'Undefined prope...', 'C:\\xampp\\htdocs...', 59, Array)
#1 C:\xampp\htdocs\ProyectoX\system\CodeIgniter.php(832): App\Controllers\Home->catalogo()
#2 C:\xampp\htdocs\ProyectoX\system\CodeIgniter.php(419): CodeIgniter\CodeIgniter->runController(Object(App\Controllers\Home))
#3 C:\xampp\htdocs\ProyectoX\system\CodeIgniter.php(326): CodeIgniter\CodeIgniter->handleRequest(NULL, Object(Config\Cache), false)
#4 C:\xampp\htdocs\ProyectoX\index.php(37): CodeIgniter\CodeIgniter->run()
#5 {main}
CRITICAL - 2022-06-10 14:07:30 --> Undefined property: App\Controllers\Home::$load
#0 C:\xampp\htdocs\ProyectoX\app\Controllers\Home.php(59): CodeIgniter\Debug\Exceptions->errorHandler(8, 'Undefined prope...', 'C:\\xampp\\htdocs...', 59, Array)
#1 C:\xampp\htdocs\ProyectoX\system\CodeIgniter.php(832): App\Controllers\Home->catalogo()
#2 C:\xampp\htdocs\ProyectoX\system\CodeIgniter.php(419): CodeIgniter\CodeIgniter->runController(Object(App\Controllers\Home))
#3 C:\xampp\htdocs\ProyectoX\system\CodeIgniter.php(326): CodeIgniter\CodeIgniter->handleRequest(NULL, Object(Config\Cache), false)
#4 C:\xampp\htdocs\ProyectoX\index.php(37): CodeIgniter\CodeIgniter->run()
#5 {main}
CRITICAL - 2022-06-10 14:07:57 --> Call to undefined method App\Controllers\Home::helper()
#0 C:\xampp\htdocs\ProyectoX\system\CodeIgniter.php(832): App\Controllers\Home->catalogo()
#1 C:\xampp\htdocs\ProyectoX\system\CodeIgniter.php(419): CodeIgniter\CodeIgniter->runController(Object(App\Controllers\Home))
#2 C:\xampp\htdocs\ProyectoX\system\CodeIgniter.php(326): CodeIgniter\CodeIgniter->handleRequest(NULL, Object(Config\Cache), false)
#3 C:\xampp\htdocs\ProyectoX\index.php(37): CodeIgniter\CodeIgniter->run()
#4 {main}
CRITICAL - 2022-06-10 14:07:58 --> Call to undefined method App\Controllers\Home::helper()
#0 C:\xampp\htdocs\ProyectoX\system\CodeIgniter.php(832): App\Controllers\Home->catalogo()
#1 C:\xampp\htdocs\ProyectoX\system\CodeIgniter.php(419): CodeIgniter\CodeIgniter->runController(Object(App\Controllers\Home))
#2 C:\xampp\htdocs\ProyectoX\system\CodeIgniter.php(326): CodeIgniter\CodeIgniter->handleRequest(NULL, Object(Config\Cache), false)
#3 C:\xampp\htdocs\ProyectoX\index.php(37): CodeIgniter\CodeIgniter->run()
#4 {main}
CRITICAL - 2022-06-10 14:09:28 --> Undefined variable: row
#0 C:\xampp\htdocs\ProyectoX\app\Views\front\catalogo.php(46): CodeIgniter\Debug\Exceptions->errorHandler(8, 'Undefined varia...', 'C:\\xampp\\htdocs...', 46, Array)
#1 C:\xampp\htdocs\ProyectoX\system\View\View.php(210): include('C:\\xampp\\htdocs...')
#2 C:\xampp\htdocs\ProyectoX\system\View\View.php(213): CodeIgniter\View\View->CodeIgniter\View\{closure}()
#3 C:\xampp\htdocs\ProyectoX\system\Common.php(1089): CodeIgniter\View\View->render('/front/catalogo', Array, true)
#4 C:\xampp\htdocs\ProyectoX\app\Controllers\Home.php(62): view('/front/catalogo', Array)
#5 C:\xampp\htdocs\ProyectoX\system\CodeIgniter.php(832): App\Controllers\Home->catalogo()
#6 C:\xampp\htdocs\ProyectoX\system\CodeIgniter.php(419): CodeIgniter\CodeIgniter->runController(Object(App\Controllers\Home))
#7 C:\xampp\htdocs\ProyectoX\system\CodeIgniter.php(326): CodeIgniter\CodeIgniter->handleRequest(NULL, Object(Config\Cache), false)
#8 C:\xampp\htdocs\ProyectoX\index.php(37): CodeIgniter\CodeIgniter->run()
#9 {main}
CRITICAL - 2022-06-10 14:09:29 --> Undefined variable: row
#0 C:\xampp\htdocs\ProyectoX\app\Views\front\catalogo.php(46): CodeIgniter\Debug\Exceptions->errorHandler(8, 'Undefined varia...', 'C:\\xampp\\htdocs...', 46, Array)
#1 C:\xampp\htdocs\ProyectoX\system\View\View.php(210): include('C:\\xampp\\htdocs...')
#2 C:\xampp\htdocs\ProyectoX\system\View\View.php(213): CodeIgniter\View\View->CodeIgniter\View\{closure}()
#3 C:\xampp\htdocs\ProyectoX\system\Common.php(1089): CodeIgniter\View\View->render('/front/catalogo', Array, true)
#4 C:\xampp\htdocs\ProyectoX\app\Controllers\Home.php(62): view('/front/catalogo', Array)
#5 C:\xampp\htdocs\ProyectoX\system\CodeIgniter.php(832): App\Controllers\Home->catalogo()
#6 C:\xampp\htdocs\ProyectoX\system\CodeIgniter.php(419): CodeIgniter\CodeIgniter->runController(Object(App\Controllers\Home))
#7 C:\xampp\htdocs\ProyectoX\system\CodeIgniter.php(326): CodeIgniter\CodeIgniter->handleRequest(NULL, Object(Config\Cache), false)
#8 C:\xampp\htdocs\ProyectoX\index.php(37): CodeIgniter\CodeIgniter->run()
#9 {main}
CRITICAL - 2022-06-10 14:10:07 --> Undefined variable: row
#0 C:\xampp\htdocs\ProyectoX\app\Views\front\catalogo.php(47): CodeIgniter\Debug\Exceptions->errorHandler(8, 'Undefined varia...', 'C:\\xampp\\htdocs...', 47, Array)
#1 C:\xampp\htdocs\ProyectoX\system\View\View.php(210): include('C:\\xampp\\htdocs...')
#2 C:\xampp\htdocs\ProyectoX\system\View\View.php(213): CodeIgniter\View\View->CodeIgniter\View\{closure}()
#3 C:\xampp\htdocs\ProyectoX\system\Common.php(1089): CodeIgniter\View\View->render('/front/catalogo', Array, true)
#4 C:\xampp\htdocs\ProyectoX\app\Controllers\Home.php(62): view('/front/catalogo', Array)
#5 C:\xampp\htdocs\ProyectoX\system\CodeIgniter.php(832): App\Controllers\Home->catalogo()
#6 C:\xampp\htdocs\ProyectoX\system\CodeIgniter.php(419): CodeIgniter\CodeIgniter->runController(Object(App\Controllers\Home))
#7 C:\xampp\htdocs\ProyectoX\system\CodeIgniter.php(326): CodeIgniter\CodeIgniter->handleRequest(NULL, Object(Config\Cache), false)
#8 C:\xampp\htdocs\ProyectoX\index.php(37): CodeIgniter\CodeIgniter->run()
#9 {main}
CRITICAL - 2022-06-10 14:13:56 --> Call to a member function insert() on null
#0 C:\xampp\htdocs\ProyectoX\system\CodeIgniter.php(832): App\Controllers\carrito_controller->agregarProd()
#1 C:\xampp\htdocs\ProyectoX\system\CodeIgniter.php(419): CodeIgniter\CodeIgniter->runController(Object(App\Controllers\carrito_controller))
#2 C:\xampp\htdocs\ProyectoX\system\CodeIgniter.php(326): CodeIgniter\CodeIgniter->handleRequest(NULL, Object(Config\Cache), false)
#3 C:\xampp\htdocs\ProyectoX\index.php(37): CodeIgniter\CodeIgniter->run()
#4 {main}
CRITICAL - 2022-06-10 14:16:53 --> Call to a member function insert() on null
#0 C:\xampp\htdocs\ProyectoX\system\CodeIgniter.php(832): App\Controllers\carrito_controller->agregarProd()
#1 C:\xampp\htdocs\ProyectoX\system\CodeIgniter.php(419): CodeIgniter\CodeIgniter->runController(Object(App\Controllers\carrito_controller))
#2 C:\xampp\htdocs\ProyectoX\system\CodeIgniter.php(326): CodeIgniter\CodeIgniter->handleRequest(NULL, Object(Config\Cache), false)
#3 C:\xampp\htdocs\ProyectoX\index.php(37): CodeIgniter\CodeIgniter->run()
#4 {main}
CRITICAL - 2022-06-10 14:17:57 --> Call to a member function insert() on null
#0 C:\xampp\htdocs\ProyectoX\system\CodeIgniter.php(832): App\Controllers\carrito_controller->agregarProd()
#1 C:\xampp\htdocs\ProyectoX\system\CodeIgniter.php(419): CodeIgniter\CodeIgniter->runController(Object(App\Controllers\carrito_controller))
#2 C:\xampp\htdocs\ProyectoX\system\CodeIgniter.php(326): CodeIgniter\CodeIgniter->handleRequest(NULL, Object(Config\Cache), false)
#3 C:\xampp\htdocs\ProyectoX\index.php(37): CodeIgniter\CodeIgniter->run()
#4 {main}
CRITICAL - 2022-06-10 14:18:00 --> Call to a member function insert() on null
#0 C:\xampp\htdocs\ProyectoX\system\CodeIgniter.php(832): App\Controllers\carrito_controller->agregarProd()
#1 C:\xampp\htdocs\ProyectoX\system\CodeIgniter.php(419): CodeIgniter\CodeIgniter->runController(Object(App\Controllers\carrito_controller))
#2 C:\xampp\htdocs\ProyectoX\system\CodeIgniter.php(326): CodeIgniter\CodeIgniter->handleRequest(NULL, Object(Config\Cache), false)
#3 C:\xampp\htdocs\ProyectoX\index.php(37): CodeIgniter\CodeIgniter->run()
#4 {main}
CRITICAL - 2022-06-10 14:19:48 --> Call to a member function insert() on null
#0 C:\xampp\htdocs\ProyectoX\system\CodeIgniter.php(832): App\Controllers\carrito_controller->agregarProd()
#1 C:\xampp\htdocs\ProyectoX\system\CodeIgniter.php(419): CodeIgniter\CodeIgniter->runController(Object(App\Controllers\carrito_controller))
#2 C:\xampp\htdocs\ProyectoX\system\CodeIgniter.php(326): CodeIgniter\CodeIgniter->handleRequest(NULL, Object(Config\Cache), false)
#3 C:\xampp\htdocs\ProyectoX\index.php(37): CodeIgniter\CodeIgniter->run()
#4 {main}
CRITICAL - 2022-06-10 14:19:59 --> Call to a member function insert() on null
#0 C:\xampp\htdocs\ProyectoX\system\CodeIgniter.php(832): App\Controllers\carrito_controller->agregarProd()
#1 C:\xampp\htdocs\ProyectoX\system\CodeIgniter.php(419): CodeIgniter\CodeIgniter->runController(Object(App\Controllers\carrito_controller))
#2 C:\xampp\htdocs\ProyectoX\system\CodeIgniter.php(326): CodeIgniter\CodeIgniter->handleRequest(NULL, Object(Config\Cache), false)
#3 C:\xampp\htdocs\ProyectoX\index.php(37): CodeIgniter\CodeIgniter->run()
#4 {main}
CRITICAL - 2022-06-10 14:20:23 --> Call to a member function insert() on null
#0 C:\xampp\htdocs\ProyectoX\system\CodeIgniter.php(832): App\Controllers\carrito_controller->agregarProd()
#1 C:\xampp\htdocs\ProyectoX\system\CodeIgniter.php(419): CodeIgniter\CodeIgniter->runController(Object(App\Controllers\carrito_controller))
#2 C:\xampp\htdocs\ProyectoX\system\CodeIgniter.php(326): CodeIgniter\CodeIgniter->handleRequest(NULL, Object(Config\Cache), false)
#3 C:\xampp\htdocs\ProyectoX\index.php(37): CodeIgniter\CodeIgniter->run()
#4 {main}
CRITICAL - 2022-06-10 14:22:01 --> Undefined property: App\Controllers\carrito_controller::$load
#0 C:\xampp\htdocs\ProyectoX\app\Controllers\carrito_controller.php(21): CodeIgniter\Debug\Exceptions->errorHandler(8, 'Undefined prope...', 'C:\\xampp\\htdocs...', 21, Array)
#1 C:\xampp\htdocs\ProyectoX\system\CodeIgniter.php(832): App\Controllers\carrito_controller->agregarProd()
#2 C:\xampp\htdocs\ProyectoX\system\CodeIgniter.php(419): CodeIgniter\CodeIgniter->runController(Object(App\Controllers\carrito_controller))
#3 C:\xampp\htdocs\ProyectoX\system\CodeIgniter.php(326): CodeIgniter\CodeIgniter->handleRequest(NULL, Object(Config\Cache), false)
#4 C:\xampp\htdocs\ProyectoX\index.php(37): CodeIgniter\CodeIgniter->run()
#5 {main}
CRITICAL - 2022-06-10 14:22:25 --> Call to a member function insert() on null
#0 C:\xampp\htdocs\ProyectoX\system\CodeIgniter.php(832): App\Controllers\carrito_controller->agregarProd()
#1 C:\xampp\htdocs\ProyectoX\system\CodeIgniter.php(419): CodeIgniter\CodeIgniter->runController(Object(App\Controllers\carrito_controller))
#2 C:\xampp\htdocs\ProyectoX\system\CodeIgniter.php(326): CodeIgniter\CodeIgniter->handleRequest(NULL, Object(Config\Cache), false)
#3 C:\xampp\htdocs\ProyectoX\index.php(37): CodeIgniter\CodeIgniter->run()
#4 {main}
CRITICAL - 2022-06-10 14:23:10 --> Undefined property: App\Controllers\carrito_controller::$
#0 C:\xampp\htdocs\ProyectoX\app\Controllers\carrito_controller.php(21): CodeIgniter\Debug\Exceptions->errorHandler(8, 'Undefined prope...', 'C:\\xampp\\htdocs...', 21, Array)
#1 C:\xampp\htdocs\ProyectoX\system\CodeIgniter.php(832): App\Controllers\carrito_controller->agregarProd()
#2 C:\xampp\htdocs\ProyectoX\system\CodeIgniter.php(419): CodeIgniter\CodeIgniter->runController(Object(App\Controllers\carrito_controller))
#3 C:\xampp\htdocs\ProyectoX\system\CodeIgniter.php(326): CodeIgniter\CodeIgniter->handleRequest(NULL, Object(Config\Cache), false)
#4 C:\xampp\htdocs\ProyectoX\index.php(37): CodeIgniter\CodeIgniter->run()
#5 {main}
CRITICAL - 2022-06-10 14:23:23 --> Call to a member function insert() on null
#0 C:\xampp\htdocs\ProyectoX\system\CodeIgniter.php(832): App\Controllers\carrito_controller->agregarProd()
#1 C:\xampp\htdocs\ProyectoX\system\CodeIgniter.php(419): CodeIgniter\CodeIgniter->runController(Object(App\Controllers\carrito_controller))
#2 C:\xampp\htdocs\ProyectoX\system\CodeIgniter.php(326): CodeIgniter\CodeIgniter->handleRequest(NULL, Object(Config\Cache), false)
#3 C:\xampp\htdocs\ProyectoX\index.php(37): CodeIgniter\CodeIgniter->run()
#4 {main}
CRITICAL - 2022-06-10 14:28:36 --> Call to undefined function form_open()
#0 C:\xampp\htdocs\ProyectoX\system\View\View.php(210): include()
#1 C:\xampp\htdocs\ProyectoX\system\View\View.php(213): CodeIgniter\View\View->CodeIgniter\View\{closure}()
#2 C:\xampp\htdocs\ProyectoX\system\Common.php(1089): CodeIgniter\View\View->render('back/carrito', Array, true)
#3 C:\xampp\htdocs\ProyectoX\app\Controllers\carrito_controller.php(15): view('back/carrito', Array)
#4 C:\xampp\htdocs\ProyectoX\system\CodeIgniter.php(832): App\Controllers\carrito_controller->index()
#5 C:\xampp\htdocs\ProyectoX\system\CodeIgniter.php(419): CodeIgniter\CodeIgniter->runController(Object(App\Controllers\carrito_controller))
#6 C:\xampp\htdocs\ProyectoX\system\CodeIgniter.php(326): CodeIgniter\CodeIgniter->handleRequest(NULL, Object(Config\Cache), false)
#7 C:\xampp\htdocs\ProyectoX\index.php(37): CodeIgniter\CodeIgniter->run()
#8 {main}
CRITICAL - 2022-06-10 14:29:08 --> Undefined property: CodeIgniter\View\View::$cart
#0 C:\xampp\htdocs\ProyectoX\app\Views\back\carrito.php(16): CodeIgniter\Debug\Exceptions->errorHandler(8, 'Undefined prope...', 'C:\\xampp\\htdocs...', 16, Array)
#1 C:\xampp\htdocs\ProyectoX\system\View\View.php(210): include('C:\\xampp\\htdocs...')
#2 C:\xampp\htdocs\ProyectoX\system\View\View.php(213): CodeIgniter\View\View->CodeIgniter\View\{closure}()
#3 C:\xampp\htdocs\ProyectoX\system\Common.php(1089): CodeIgniter\View\View->render('back/carrito', Array, true)
#4 C:\xampp\htdocs\ProyectoX\app\Controllers\carrito_controller.php(15): view('back/carrito', Array)
#5 C:\xampp\htdocs\ProyectoX\system\CodeIgniter.php(832): App\Controllers\carrito_controller->index()
#6 C:\xampp\htdocs\ProyectoX\system\CodeIgniter.php(419): CodeIgniter\CodeIgniter->runController(Object(App\Controllers\carrito_controller))
#7 C:\xampp\htdocs\ProyectoX\system\CodeIgniter.php(326): CodeIgniter\CodeIgniter->handleRequest(NULL, Object(Config\Cache), false)
#8 C:\xampp\htdocs\ProyectoX\index.php(37): CodeIgniter\CodeIgniter->run()
#9 {main}
CRITICAL - 2022-06-10 14:30:08 --> Undefined variable: cart
#0 C:\xampp\htdocs\ProyectoX\app\Views\back\carrito.php(16): CodeIgniter\Debug\Exceptions->errorHandler(8, 'Undefined varia...', 'C:\\xampp\\htdocs...', 16, Array)
#1 C:\xampp\htdocs\ProyectoX\system\View\View.php(210): include('C:\\xampp\\htdocs...')
#2 C:\xampp\htdocs\ProyectoX\system\View\View.php(213): CodeIgniter\View\View->CodeIgniter\View\{closure}()
#3 C:\xampp\htdocs\ProyectoX\system\Common.php(1089): CodeIgniter\View\View->render('back/carrito', Array, true)
#4 C:\xampp\htdocs\ProyectoX\app\Controllers\carrito_controller.php(15): view('back/carrito', Array)
#5 C:\xampp\htdocs\ProyectoX\system\CodeIgniter.php(832): App\Controllers\carrito_controller->index()
#6 C:\xampp\htdocs\ProyectoX\system\CodeIgniter.php(419): CodeIgniter\CodeIgniter->runController(Object(App\Controllers\carrito_controller))
#7 C:\xampp\htdocs\ProyectoX\system\CodeIgniter.php(326): CodeIgniter\CodeIgniter->handleRequest(NULL, Object(Config\Cache), false)
#8 C:\xampp\htdocs\ProyectoX\index.php(37): CodeIgniter\CodeIgniter->run()
#9 {main}
CRITICAL - 2022-06-10 14:31:26 --> syntax error, unexpected 'endforeach' (T_ENDFOREACH), expecting elseif (T_ELSEIF) or else (T_ELSE) or endif (T_ENDIF)
#0 C:\xampp\htdocs\ProyectoX\system\View\View.php(213): CodeIgniter\View\View->CodeIgniter\View\{closure}()
#1 C:\xampp\htdocs\ProyectoX\system\Common.php(1089): CodeIgniter\View\View->render('back/carrito', Array, true)
#2 C:\xampp\htdocs\ProyectoX\app\Controllers\carrito_controller.php(15): view('back/carrito', Array)
#3 C:\xampp\htdocs\ProyectoX\system\CodeIgniter.php(832): App\Controllers\carrito_controller->index()
#4 C:\xampp\htdocs\ProyectoX\system\CodeIgniter.php(419): CodeIgniter\CodeIgniter->runController(Object(App\Controllers\carrito_controller))
#5 C:\xampp\htdocs\ProyectoX\system\CodeIgniter.php(326): CodeIgniter\CodeIgniter->handleRequest(NULL, Object(Config\Cache), false)
#6 C:\xampp\htdocs\ProyectoX\index.php(37): CodeIgniter\CodeIgniter->run()
#7 {main}
CRITICAL - 2022-06-10 14:31:43 --> Undefined property: CodeIgniter\View\View::$cart
#0 C:\xampp\htdocs\ProyectoX\app\Views\back\carrito.php(16): CodeIgniter\Debug\Exceptions->errorHandler(8, 'Undefined prope...', 'C:\\xampp\\htdocs...', 16, Array)
#1 C:\xampp\htdocs\ProyectoX\system\View\View.php(210): include('C:\\xampp\\htdocs...')
#2 C:\xampp\htdocs\ProyectoX\system\View\View.php(213): CodeIgniter\View\View->CodeIgniter\View\{closure}()
#3 C:\xampp\htdocs\ProyectoX\system\Common.php(1089): CodeIgniter\View\View->render('back/carrito', Array, true)
#4 C:\xampp\htdocs\ProyectoX\app\Controllers\carrito_controller.php(15): view('back/carrito', Array)
#5 C:\xampp\htdocs\ProyectoX\system\CodeIgniter.php(832): App\Controllers\carrito_controller->index()
#6 C:\xampp\htdocs\ProyectoX\system\CodeIgniter.php(419): CodeIgniter\CodeIgniter->runController(Object(App\Controllers\carrito_controller))
#7 C:\xampp\htdocs\ProyectoX\system\CodeIgniter.php(326): CodeIgniter\CodeIgniter->handleRequest(NULL, Object(Config\Cache), false)
#8 C:\xampp\htdocs\ProyectoX\index.php(37): CodeIgniter\CodeIgniter->run()
#9 {main}
CRITICAL - 2022-06-10 14:31:59 --> Undefined property: CodeIgniter\View\View::$cart
#0 C:\xampp\htdocs\ProyectoX\app\Views\back\carrito.php(16): CodeIgniter\Debug\Exceptions->errorHandler(8, 'Undefined prope...', 'C:\\xampp\\htdocs...', 16, Array)
#1 C:\xampp\htdocs\ProyectoX\system\View\View.php(210): include('C:\\xampp\\htdocs...')
#2 C:\xampp\htdocs\ProyectoX\system\View\View.php(213): CodeIgniter\View\View->CodeIgniter\View\{closure}()
#3 C:\xampp\htdocs\ProyectoX\system\Common.php(1089): CodeIgniter\View\View->render('back/carrito', Array, true)
#4 C:\xampp\htdocs\ProyectoX\app\Controllers\carrito_controller.php(15): view('back/carrito', Array)
#5 C:\xampp\htdocs\ProyectoX\system\CodeIgniter.php(832): App\Controllers\carrito_controller->index()
#6 C:\xampp\htdocs\ProyectoX\system\CodeIgniter.php(419): CodeIgniter\CodeIgniter->runController(Object(App\Controllers\carrito_controller))
#7 C:\xampp\htdocs\ProyectoX\system\CodeIgniter.php(326): CodeIgniter\CodeIgniter->handleRequest(NULL, Object(Config\Cache), false)
#8 C:\xampp\htdocs\ProyectoX\index.php(37): CodeIgniter\CodeIgniter->run()
#9 {main}
CRITICAL - 2022-06-10 14:32:22 --> Undefined property: CodeIgniter\View\View::$cart
#0 C:\xampp\htdocs\ProyectoX\app\Views\back\carrito.php(16): CodeIgniter\Debug\Exceptions->errorHandler(8, 'Undefined prope...', 'C:\\xampp\\htdocs...', 16, Array)
#1 C:\xampp\htdocs\ProyectoX\system\View\View.php(210): include('C:\\xampp\\htdocs...')
#2 C:\xampp\htdocs\ProyectoX\system\View\View.php(213): CodeIgniter\View\View->CodeIgniter\View\{closure}()
#3 C:\xampp\htdocs\ProyectoX\system\Common.php(1089): CodeIgniter\View\View->render('back/carrito', Array, true)
#4 C:\xampp\htdocs\ProyectoX\app\Controllers\carrito_controller.php(15): view('back/carrito', Array)
#5 C:\xampp\htdocs\ProyectoX\system\CodeIgniter.php(832): App\Controllers\carrito_controller->index()
#6 C:\xampp\htdocs\ProyectoX\system\CodeIgniter.php(419): CodeIgniter\CodeIgniter->runController(Object(App\Controllers\carrito_controller))
#7 C:\xampp\htdocs\ProyectoX\system\CodeIgniter.php(326): CodeIgniter\CodeIgniter->handleRequest(NULL, Object(Config\Cache), false)
#8 C:\xampp\htdocs\ProyectoX\index.php(37): CodeIgniter\CodeIgniter->run()
#9 {main}
CRITICAL - 2022-06-10 14:32:33 --> Undefined variable: cart
#0 C:\xampp\htdocs\ProyectoX\app\Views\back\carrito.php(16): CodeIgniter\Debug\Exceptions->errorHandler(8, 'Undefined varia...', 'C:\\xampp\\htdocs...', 16, Array)
#1 C:\xampp\htdocs\ProyectoX\system\View\View.php(210): include('C:\\xampp\\htdocs...')
#2 C:\xampp\htdocs\ProyectoX\system\View\View.php(213): CodeIgniter\View\View->CodeIgniter\View\{closure}()
#3 C:\xampp\htdocs\ProyectoX\system\Common.php(1089): CodeIgniter\View\View->render('back/carrito', Array, true)
#4 C:\xampp\htdocs\ProyectoX\app\Controllers\carrito_controller.php(15): view('back/carrito', Array)
#5 C:\xampp\htdocs\ProyectoX\system\CodeIgniter.php(832): App\Controllers\carrito_controller->index()
#6 C:\xampp\htdocs\ProyectoX\system\CodeIgniter.php(419): CodeIgniter\CodeIgniter->runController(Object(App\Controllers\carrito_controller))
#7 C:\xampp\htdocs\ProyectoX\system\CodeIgniter.php(326): CodeIgniter\CodeIgniter->handleRequest(NULL, Object(Config\Cache), false)
#8 C:\xampp\htdocs\ProyectoX\index.php(37): CodeIgniter\CodeIgniter->run()
#9 {main}
CRITICAL - 2022-06-10 14:32:58 --> Undefined property: CodeIgniter\View\View::$cart
#0 C:\xampp\htdocs\ProyectoX\app\Views\back\carrito.php(16): CodeIgniter\Debug\Exceptions->errorHandler(8, 'Undefined prope...', 'C:\\xampp\\htdocs...', 16, Array)
#1 C:\xampp\htdocs\ProyectoX\system\View\View.php(210): include('C:\\xampp\\htdocs...')
#2 C:\xampp\htdocs\ProyectoX\system\View\View.php(213): CodeIgniter\View\View->CodeIgniter\View\{closure}()
#3 C:\xampp\htdocs\ProyectoX\system\Common.php(1089): CodeIgniter\View\View->render('back/carrito', Array, true)
#4 C:\xampp\htdocs\ProyectoX\app\Controllers\carrito_controller.php(15): view('back/carrito', Array)
#5 C:\xampp\htdocs\ProyectoX\system\CodeIgniter.php(832): App\Controllers\carrito_controller->index()
#6 C:\xampp\htdocs\ProyectoX\system\CodeIgniter.php(419): CodeIgniter\CodeIgniter->runController(Object(App\Controllers\carrito_controller))
#7 C:\xampp\htdocs\ProyectoX\system\CodeIgniter.php(326): CodeIgniter\CodeIgniter->handleRequest(NULL, Object(Config\Cache), false)
#8 C:\xampp\htdocs\ProyectoX\index.php(37): CodeIgniter\CodeIgniter->run()
#9 {main}
CRITICAL - 2022-06-10 14:33:35 --> Undefined property: CodeIgniter\View\View::$cart
#0 C:\xampp\htdocs\ProyectoX\app\Views\back\carrito.php(16): CodeIgniter\Debug\Exceptions->errorHandler(8, 'Undefined prope...', 'C:\\xampp\\htdocs...', 16, Array)
#1 C:\xampp\htdocs\ProyectoX\system\View\View.php(210): include('C:\\xampp\\htdocs...')
#2 C:\xampp\htdocs\ProyectoX\system\View\View.php(213): CodeIgniter\View\View->CodeIgniter\View\{closure}()
#3 C:\xampp\htdocs\ProyectoX\system\Common.php(1089): CodeIgniter\View\View->render('back/carrito', Array, true)
#4 C:\xampp\htdocs\ProyectoX\app\Controllers\carrito_controller.php(15): view('back/carrito', Array)
#5 C:\xampp\htdocs\ProyectoX\system\CodeIgniter.php(832): App\Controllers\carrito_controller->index()
#6 C:\xampp\htdocs\ProyectoX\system\CodeIgniter.php(419): CodeIgniter\CodeIgniter->runController(Object(App\Controllers\carrito_controller))
#7 C:\xampp\htdocs\ProyectoX\system\CodeIgniter.php(326): CodeIgniter\CodeIgniter->handleRequest(NULL, Object(Config\Cache), false)
#8 C:\xampp\htdocs\ProyectoX\index.php(37): CodeIgniter\CodeIgniter->run()
#9 {main}
CRITICAL - 2022-06-10 14:34:06 --> Undefined property: CodeIgniter\View\View::$cart
#0 C:\xampp\htdocs\ProyectoX\app\Views\back\carrito.php(17): CodeIgniter\Debug\Exceptions->errorHandler(8, 'Undefined prope...', 'C:\\xampp\\htdocs...', 17, Array)
#1 C:\xampp\htdocs\ProyectoX\system\View\View.php(210): include('C:\\xampp\\htdocs...')
#2 C:\xampp\htdocs\ProyectoX\system\View\View.php(213): CodeIgniter\View\View->CodeIgniter\View\{closure}()
#3 C:\xampp\htdocs\ProyectoX\system\Common.php(1089): CodeIgniter\View\View->render('back/carrito', Array, true)
#4 C:\xampp\htdocs\ProyectoX\app\Controllers\carrito_controller.php(15): view('back/carrito', Array)
#5 C:\xampp\htdocs\ProyectoX\system\CodeIgniter.php(832): App\Controllers\carrito_controller->index()
#6 C:\xampp\htdocs\ProyectoX\system\CodeIgniter.php(419): CodeIgniter\CodeIgniter->runController(Object(App\Controllers\carrito_controller))
#7 C:\xampp\htdocs\ProyectoX\system\CodeIgniter.php(326): CodeIgniter\CodeIgniter->handleRequest(NULL, Object(Config\Cache), false)
#8 C:\xampp\htdocs\ProyectoX\index.php(37): CodeIgniter\CodeIgniter->run()
#9 {main}
CRITICAL - 2022-06-10 14:35:47 --> Undefined variable: cart
#0 C:\xampp\htdocs\ProyectoX\app\Views\back\carrito.php(16): CodeIgniter\Debug\Exceptions->errorHandler(8, 'Undefined varia...', 'C:\\xampp\\htdocs...', 16, Array)
#1 C:\xampp\htdocs\ProyectoX\system\View\View.php(210): include('C:\\xampp\\htdocs...')
#2 C:\xampp\htdocs\ProyectoX\system\View\View.php(213): CodeIgniter\View\View->CodeIgniter\View\{closure}()
#3 C:\xampp\htdocs\ProyectoX\system\Common.php(1089): CodeIgniter\View\View->render('back/carrito', Array, true)
#4 C:\xampp\htdocs\ProyectoX\app\Controllers\carrito_controller.php(15): view('back/carrito', Array)
#5 C:\xampp\htdocs\ProyectoX\system\CodeIgniter.php(832): App\Controllers\carrito_controller->index()
#6 C:\xampp\htdocs\ProyectoX\system\CodeIgniter.php(419): CodeIgniter\CodeIgniter->runController(Object(App\Controllers\carrito_controller))
#7 C:\xampp\htdocs\ProyectoX\system\CodeIgniter.php(326): CodeIgniter\CodeIgniter->handleRequest(NULL, Object(Config\Cache), false)
#8 C:\xampp\htdocs\ProyectoX\index.php(37): CodeIgniter\CodeIgniter->run()
#9 {main}
CRITICAL - 2022-06-10 14:36:11 --> Undefined variable: items
#0 C:\xampp\htdocs\ProyectoX\app\Views\back\carrito.php(19): CodeIgniter\Debug\Exceptions->errorHandler(8, 'Undefined varia...', 'C:\\xampp\\htdocs...', 19, Array)
#1 C:\xampp\htdocs\ProyectoX\system\View\View.php(210): include('C:\\xampp\\htdocs...')
#2 C:\xampp\htdocs\ProyectoX\system\View\View.php(213): CodeIgniter\View\View->CodeIgniter\View\{closure}()
#3 C:\xampp\htdocs\ProyectoX\system\Common.php(1089): CodeIgniter\View\View->render('back/carrito', Array, true)
#4 C:\xampp\htdocs\ProyectoX\app\Controllers\carrito_controller.php(15): view('back/carrito', Array)
#5 C:\xampp\htdocs\ProyectoX\system\CodeIgniter.php(832): App\Controllers\carrito_controller->index()
#6 C:\xampp\htdocs\ProyectoX\system\CodeIgniter.php(419): CodeIgniter\CodeIgniter->runController(Object(App\Controllers\carrito_controller))
#7 C:\xampp\htdocs\ProyectoX\system\CodeIgniter.php(326): CodeIgniter\CodeIgniter->handleRequest(NULL, Object(Config\Cache), false)
#8 C:\xampp\htdocs\ProyectoX\index.php(37): CodeIgniter\CodeIgniter->run()
#9 {main}
CRITICAL - 2022-06-10 14:36:12 --> Undefined variable: items
#0 C:\xampp\htdocs\ProyectoX\app\Views\back\carrito.php(19): CodeIgniter\Debug\Exceptions->errorHandler(8, 'Undefined varia...', 'C:\\xampp\\htdocs...', 19, Array)
#1 C:\xampp\htdocs\ProyectoX\system\View\View.php(210): include('C:\\xampp\\htdocs...')
#2 C:\xampp\htdocs\ProyectoX\system\View\View.php(213): CodeIgniter\View\View->CodeIgniter\View\{closure}()
#3 C:\xampp\htdocs\ProyectoX\system\Common.php(1089): CodeIgniter\View\View->render('back/carrito', Array, true)
#4 C:\xampp\htdocs\ProyectoX\app\Controllers\carrito_controller.php(15): view('back/carrito', Array)
#5 C:\xampp\htdocs\ProyectoX\system\CodeIgniter.php(832): App\Controllers\carrito_controller->index()
#6 C:\xampp\htdocs\ProyectoX\system\CodeIgniter.php(419): CodeIgniter\CodeIgniter->runController(Object(App\Controllers\carrito_controller))
#7 C:\xampp\htdocs\ProyectoX\system\CodeIgniter.php(326): CodeIgniter\CodeIgniter->handleRequest(NULL, Object(Config\Cache), false)
#8 C:\xampp\htdocs\ProyectoX\index.php(37): CodeIgniter\CodeIgniter->run()
#9 {main}
CRITICAL - 2022-06-10 14:38:00 --> Undefined variable: i
#0 C:\xampp\htdocs\ProyectoX\app\Views\back\carrito.php(19): CodeIgniter\Debug\Exceptions->errorHandler(8, 'Undefined varia...', 'C:\\xampp\\htdocs...', 19, Array)
#1 C:\xampp\htdocs\ProyectoX\system\View\View.php(210): include('C:\\xampp\\htdocs...')
#2 C:\xampp\htdocs\ProyectoX\system\View\View.php(213): CodeIgniter\View\View->CodeIgniter\View\{closure}()
#3 C:\xampp\htdocs\ProyectoX\system\Common.php(1089): CodeIgniter\View\View->render('back/carrito', Array, true)
#4 C:\xampp\htdocs\ProyectoX\app\Controllers\carrito_controller.php(15): view('back/carrito', Array)
#5 C:\xampp\htdocs\ProyectoX\system\CodeIgniter.php(832): App\Controllers\carrito_controller->index()
#6 C:\xampp\htdocs\ProyectoX\system\CodeIgniter.php(419): CodeIgniter\CodeIgniter->runController(Object(App\Controllers\carrito_controller))
#7 C:\xampp\htdocs\ProyectoX\system\CodeIgniter.php(326): CodeIgniter\CodeIgniter->handleRequest(NULL, Object(Config\Cache), false)
#8 C:\xampp\htdocs\ProyectoX\index.php(37): CodeIgniter\CodeIgniter->run()
#9 {main}
CRITICAL - 2022-06-10 14:59:56 --> Call to undefined function form_open()
#0 C:\xampp\htdocs\ProyectoX\system\View\View.php(210): include()
#1 C:\xampp\htdocs\ProyectoX\system\View\View.php(213): CodeIgniter\View\View->CodeIgniter\View\{closure}()
#2 C:\xampp\htdocs\ProyectoX\system\Common.php(1089): CodeIgniter\View\View->render('back/carrito', Array, true)
#3 C:\xampp\htdocs\ProyectoX\app\Controllers\carrito_controller.php(15): view('back/carrito', Array)
#4 C:\xampp\htdocs\ProyectoX\system\CodeIgniter.php(832): App\Controllers\carrito_controller->index()
#5 C:\xampp\htdocs\ProyectoX\system\CodeIgniter.php(419): CodeIgniter\CodeIgniter->runController(Object(App\Controllers\carrito_controller))
#6 C:\xampp\htdocs\ProyectoX\system\CodeIgniter.php(326): CodeIgniter\CodeIgniter->handleRequest(NULL, Object(Config\Cache), false)
#7 C:\xampp\htdocs\ProyectoX\index.php(37): CodeIgniter\CodeIgniter->run()
#8 {main}
CRITICAL - 2022-06-10 15:00:43 --> Undefined variable: cart
#0 C:\xampp\htdocs\ProyectoX\app\Views\back\carrito.php(16): CodeIgniter\Debug\Exceptions->errorHandler(8, 'Undefined varia...', 'C:\\xampp\\htdocs...', 16, Array)
#1 C:\xampp\htdocs\ProyectoX\system\View\View.php(210): include('C:\\xampp\\htdocs...')
#2 C:\xampp\htdocs\ProyectoX\system\View\View.php(213): CodeIgniter\View\View->CodeIgniter\View\{closure}()
#3 C:\xampp\htdocs\ProyectoX\system\Common.php(1089): CodeIgniter\View\View->render('back/carrito', Array, true)
#4 C:\xampp\htdocs\ProyectoX\app\Controllers\carrito_controller.php(15): view('back/carrito', Array)
#5 C:\xampp\htdocs\ProyectoX\system\CodeIgniter.php(832): App\Controllers\carrito_controller->index()
#6 C:\xampp\htdocs\ProyectoX\system\CodeIgniter.php(419): CodeIgniter\CodeIgniter->runController(Object(App\Controllers\carrito_controller))
#7 C:\xampp\htdocs\ProyectoX\system\CodeIgniter.php(326): CodeIgniter\CodeIgniter->handleRequest(NULL, Object(Config\Cache), false)
#8 C:\xampp\htdocs\ProyectoX\index.php(37): CodeIgniter\CodeIgniter->run()
#9 {main}
CRITICAL - 2022-06-10 15:01:02 --> Undefined property: CodeIgniter\View\View::$cart
#0 C:\xampp\htdocs\ProyectoX\app\Views\back\carrito.php(26): CodeIgniter\Debug\Exceptions->errorHandler(8, 'Undefined prope...', 'C:\\xampp\\htdocs...', 26, Array)
#1 C:\xampp\htdocs\ProyectoX\system\View\View.php(210): include('C:\\xampp\\htdocs...')
#2 C:\xampp\htdocs\ProyectoX\system\View\View.php(213): CodeIgniter\View\View->CodeIgniter\View\{closure}()
#3 C:\xampp\htdocs\ProyectoX\system\Common.php(1089): CodeIgniter\View\View->render('back/carrito', Array, true)
#4 C:\xampp\htdocs\ProyectoX\app\Controllers\carrito_controller.php(15): view('back/carrito', Array)
#5 C:\xampp\htdocs\ProyectoX\system\CodeIgniter.php(832): App\Controllers\carrito_controller->index()
#6 C:\xampp\htdocs\ProyectoX\system\CodeIgniter.php(419): CodeIgniter\CodeIgniter->runController(Object(App\Controllers\carrito_controller))
#7 C:\xampp\htdocs\ProyectoX\system\CodeIgniter.php(326): CodeIgniter\CodeIgniter->handleRequest(NULL, Object(Config\Cache), false)
#8 C:\xampp\htdocs\ProyectoX\index.php(37): CodeIgniter\CodeIgniter->run()
#9 {main}
CRITICAL - 2022-06-10 15:02:53 --> Undefined property: CodeIgniter\View\View::$cart
#0 C:\xampp\htdocs\ProyectoX\app\Views\back\carrito.php(29): CodeIgniter\Debug\Exceptions->errorHandler(8, 'Undefined prope...', 'C:\\xampp\\htdocs...', 29, Array)
#1 C:\xampp\htdocs\ProyectoX\system\View\View.php(210): include('C:\\xampp\\htdocs...')
#2 C:\xampp\htdocs\ProyectoX\system\View\View.php(213): CodeIgniter\View\View->CodeIgniter\View\{closure}()
#3 C:\xampp\htdocs\ProyectoX\system\Common.php(1089): CodeIgniter\View\View->render('back/carrito', Array, true)
#4 C:\xampp\htdocs\ProyectoX\app\Controllers\carrito_controller.php(15): view('back/carrito', Array)
#5 C:\xampp\htdocs\ProyectoX\system\CodeIgniter.php(832): App\Controllers\carrito_controller->index()
#6 C:\xampp\htdocs\ProyectoX\system\CodeIgniter.php(419): CodeIgniter\CodeIgniter->runController(Object(App\Controllers\carrito_controller))
#7 C:\xampp\htdocs\ProyectoX\system\CodeIgniter.php(326): CodeIgniter\CodeIgniter->handleRequest(NULL, Object(Config\Cache), false)
#8 C:\xampp\htdocs\ProyectoX\index.php(37): CodeIgniter\CodeIgniter->run()
#9 {main}
CRITICAL - 2022-06-10 15:03:19 --> Call to undefined method CodeIgniterCart\Cart::has_options()
#0 C:\xampp\htdocs\ProyectoX\system\View\View.php(210): include()
#1 C:\xampp\htdocs\ProyectoX\system\View\View.php(213): CodeIgniter\View\View->CodeIgniter\View\{closure}()
#2 C:\xampp\htdocs\ProyectoX\system\Common.php(1089): CodeIgniter\View\View->render('back/carrito', Array, true)
#3 C:\xampp\htdocs\ProyectoX\app\Controllers\carrito_controller.php(15): view('back/carrito', Array)
#4 C:\xampp\htdocs\ProyectoX\system\CodeIgniter.php(832): App\Controllers\carrito_controller->index()
#5 C:\xampp\htdocs\ProyectoX\system\CodeIgniter.php(419): CodeIgniter\CodeIgniter->runController(Object(App\Controllers\carrito_controller))
#6 C:\xampp\htdocs\ProyectoX\system\CodeIgniter.php(326): CodeIgniter\CodeIgniter->handleRequest(NULL, Object(Config\Cache), false)
#7 C:\xampp\htdocs\ProyectoX\index.php(37): CodeIgniter\CodeIgniter->run()
#8 {main}
CRITICAL - 2022-06-10 15:04:01 --> Call to undefined method CodeIgniterCart\Cart::has_options()
#0 C:\xampp\htdocs\ProyectoX\system\View\View.php(210): include()
#1 C:\xampp\htdocs\ProyectoX\system\View\View.php(213): CodeIgniter\View\View->CodeIgniter\View\{closure}()
#2 C:\xampp\htdocs\ProyectoX\system\Common.php(1089): CodeIgniter\View\View->render('back/carrito', Array, true)
#3 C:\xampp\htdocs\ProyectoX\app\Controllers\carrito_controller.php(15): view('back/carrito', Array)
#4 C:\xampp\htdocs\ProyectoX\system\CodeIgniter.php(832): App\Controllers\carrito_controller->index()
#5 C:\xampp\htdocs\ProyectoX\system\CodeIgniter.php(419): CodeIgniter\CodeIgniter->runController(Object(App\Controllers\carrito_controller))
#6 C:\xampp\htdocs\ProyectoX\system\CodeIgniter.php(326): CodeIgniter\CodeIgniter->handleRequest(NULL, Object(Config\Cache), false)
#7 C:\xampp\htdocs\ProyectoX\index.php(37): CodeIgniter\CodeIgniter->run()
#8 {main}
CRITICAL - 2022-06-10 15:05:54 --> syntax error, unexpected 'endif' (T_ENDIF)
#0 C:\xampp\htdocs\ProyectoX\system\View\View.php(213): CodeIgniter\View\View->CodeIgniter\View\{closure}()
#1 C:\xampp\htdocs\ProyectoX\system\Common.php(1089): CodeIgniter\View\View->render('back/carrito', Array, true)
#2 C:\xampp\htdocs\ProyectoX\app\Controllers\carrito_controller.php(15): view('back/carrito', Array)
#3 C:\xampp\htdocs\ProyectoX\system\CodeIgniter.php(832): App\Controllers\carrito_controller->index()
#4 C:\xampp\htdocs\ProyectoX\system\CodeIgniter.php(419): CodeIgniter\CodeIgniter->runController(Object(App\Controllers\carrito_controller))
#5 C:\xampp\htdocs\ProyectoX\system\CodeIgniter.php(326): CodeIgniter\CodeIgniter->handleRequest(NULL, Object(Config\Cache), false)
#6 C:\xampp\htdocs\ProyectoX\index.php(37): CodeIgniter\CodeIgniter->run()
#7 {main}
CRITICAL - 2022-06-10 15:06:06 --> Call to undefined method CodeIgniterCart\Cart::product_options()
#0 C:\xampp\htdocs\ProyectoX\system\View\View.php(210): include()
#1 C:\xampp\htdocs\ProyectoX\system\View\View.php(213): CodeIgniter\View\View->CodeIgniter\View\{closure}()
#2 C:\xampp\htdocs\ProyectoX\system\Common.php(1089): CodeIgniter\View\View->render('back/carrito', Array, true)
#3 C:\xampp\htdocs\ProyectoX\app\Controllers\carrito_controller.php(15): view('back/carrito', Array)
#4 C:\xampp\htdocs\ProyectoX\system\CodeIgniter.php(832): App\Controllers\carrito_controller->index()
#5 C:\xampp\htdocs\ProyectoX\system\CodeIgniter.php(419): CodeIgniter\CodeIgniter->runController(Object(App\Controllers\carrito_controller))
#6 C:\xampp\htdocs\ProyectoX\system\CodeIgniter.php(326): CodeIgniter\CodeIgniter->handleRequest(NULL, Object(Config\Cache), false)
#7 C:\xampp\htdocs\ProyectoX\index.php(37): CodeIgniter\CodeIgniter->run()
#8 {main}
CRITICAL - 2022-06-10 15:15:26 --> Call to undefined method CodeIgniterCart\Cart::product_options()
#0 C:\xampp\htdocs\ProyectoX\system\View\View.php(210): include()
#1 C:\xampp\htdocs\ProyectoX\system\View\View.php(213): CodeIgniter\View\View->CodeIgniter\View\{closure}()
#2 C:\xampp\htdocs\ProyectoX\system\Common.php(1089): CodeIgniter\View\View->render('back/carrito', Array, true)
#3 C:\xampp\htdocs\ProyectoX\app\Controllers\carrito_controller.php(15): view('back/carrito', Array)
#4 C:\xampp\htdocs\ProyectoX\system\CodeIgniter.php(832): App\Controllers\carrito_controller->index()
#5 C:\xampp\htdocs\ProyectoX\system\CodeIgniter.php(419): CodeIgniter\CodeIgniter->runController(Object(App\Controllers\carrito_controller))
#6 C:\xampp\htdocs\ProyectoX\system\CodeIgniter.php(326): CodeIgniter\CodeIgniter->handleRequest(NULL, Object(Config\Cache), false)
#7 C:\xampp\htdocs\ProyectoX\index.php(37): CodeIgniter\CodeIgniter->run()
#8 {main}
CRITICAL - 2022-06-10 15:18:04 --> Call to undefined method CodeIgniterCart\Cart::product_options()
#0 C:\xampp\htdocs\ProyectoX\system\View\View.php(210): include()
#1 C:\xampp\htdocs\ProyectoX\system\View\View.php(213): CodeIgniter\View\View->CodeIgniter\View\{closure}()
#2 C:\xampp\htdocs\ProyectoX\system\Common.php(1089): CodeIgniter\View\View->render('back/carrito', Array, true)
#3 C:\xampp\htdocs\ProyectoX\app\Controllers\carrito_controller.php(15): view('back/carrito', Array)
#4 C:\xampp\htdocs\ProyectoX\system\CodeIgniter.php(832): App\Controllers\carrito_controller->index()
#5 C:\xampp\htdocs\ProyectoX\system\CodeIgniter.php(419): CodeIgniter\CodeIgniter->runController(Object(App\Controllers\carrito_controller))
#6 C:\xampp\htdocs\ProyectoX\system\CodeIgniter.php(326): CodeIgniter\CodeIgniter->handleRequest(NULL, Object(Config\Cache), false)
#7 C:\xampp\htdocs\ProyectoX\index.php(37): CodeIgniter\CodeIgniter->run()
#8 {main}
CRITICAL - 2022-06-10 15:19:38 --> Undefined property: CodeIgniter\View\View::$cart
#0 C:\xampp\htdocs\ProyectoX\app\Views\back\carrito.php(38): CodeIgniter\Debug\Exceptions->errorHandler(8, 'Undefined prope...', 'C:\\xampp\\htdocs...', 38, Array)
#1 C:\xampp\htdocs\ProyectoX\system\View\View.php(210): include('C:\\xampp\\htdocs...')
#2 C:\xampp\htdocs\ProyectoX\system\View\View.php(213): CodeIgniter\View\View->CodeIgniter\View\{closure}()
#3 C:\xampp\htdocs\ProyectoX\system\Common.php(1089): CodeIgniter\View\View->render('back/carrito', Array, true)
#4 C:\xampp\htdocs\ProyectoX\app\Controllers\carrito_controller.php(15): view('back/carrito', Array)
#5 C:\xampp\htdocs\ProyectoX\system\CodeIgniter.php(832): App\Controllers\carrito_controller->index()
#6 C:\xampp\htdocs\ProyectoX\system\CodeIgniter.php(419): CodeIgniter\CodeIgniter->runController(Object(App\Controllers\carrito_controller))
#7 C:\xampp\htdocs\ProyectoX\system\CodeIgniter.php(326): CodeIgniter\CodeIgniter->handleRequest(NULL, Object(Config\Cache), false)
#8 C:\xampp\htdocs\ProyectoX\index.php(37): CodeIgniter\CodeIgniter->run()
#9 {main}
CRITICAL - 2022-06-10 15:19:50 --> Call to undefined method CodeIgniterCart\Cart::format_number()
#0 C:\xampp\htdocs\ProyectoX\system\View\View.php(210): include()
#1 C:\xampp\htdocs\ProyectoX\system\View\View.php(213): CodeIgniter\View\View->CodeIgniter\View\{closure}()
#2 C:\xampp\htdocs\ProyectoX\system\Common.php(1089): CodeIgniter\View\View->render('back/carrito', Array, true)
#3 C:\xampp\htdocs\ProyectoX\app\Controllers\carrito_controller.php(15): view('back/carrito', Array)
#4 C:\xampp\htdocs\ProyectoX\system\CodeIgniter.php(832): App\Controllers\carrito_controller->index()
#5 C:\xampp\htdocs\ProyectoX\system\CodeIgniter.php(419): CodeIgniter\CodeIgniter->runController(Object(App\Controllers\carrito_controller))
#6 C:\xampp\htdocs\ProyectoX\system\CodeIgniter.php(326): CodeIgniter\CodeIgniter->handleRequest(NULL, Object(Config\Cache), false)
#7 C:\xampp\htdocs\ProyectoX\index.php(37): CodeIgniter\CodeIgniter->run()
#8 {main}
CRITICAL - 2022-06-10 15:20:41 --> syntax error, unexpected '(', expecting identifier (T_STRING) or variable (T_VARIABLE) or '{' or '$'
#0 C:\xampp\htdocs\ProyectoX\system\View\View.php(213): CodeIgniter\View\View->CodeIgniter\View\{closure}()
#1 C:\xampp\htdocs\ProyectoX\system\Common.php(1089): CodeIgniter\View\View->render('back/carrito', Array, true)
#2 C:\xampp\htdocs\ProyectoX\app\Controllers\carrito_controller.php(15): view('back/carrito', Array)
#3 C:\xampp\htdocs\ProyectoX\system\CodeIgniter.php(832): App\Controllers\carrito_controller->index()
#4 C:\xampp\htdocs\ProyectoX\system\CodeIgniter.php(419): CodeIgniter\CodeIgniter->runController(Object(App\Controllers\carrito_controller))
#5 C:\xampp\htdocs\ProyectoX\system\CodeIgniter.php(326): CodeIgniter\CodeIgniter->handleRequest(NULL, Object(Config\Cache), false)
#6 C:\xampp\htdocs\ProyectoX\index.php(37): CodeIgniter\CodeIgniter->run()
#7 {main}
CRITICAL - 2022-06-10 15:20:53 --> syntax error, unexpected '(', expecting identifier (T_STRING) or variable (T_VARIABLE) or '{' or '$'
#0 C:\xampp\htdocs\ProyectoX\system\View\View.php(213): CodeIgniter\View\View->CodeIgniter\View\{closure}()
#1 C:\xampp\htdocs\ProyectoX\system\Common.php(1089): CodeIgniter\View\View->render('back/carrito', Array, true)
#2 C:\xampp\htdocs\ProyectoX\app\Controllers\carrito_controller.php(15): view('back/carrito', Array)
#3 C:\xampp\htdocs\ProyectoX\system\CodeIgniter.php(832): App\Controllers\carrito_controller->index()
#4 C:\xampp\htdocs\ProyectoX\system\CodeIgniter.php(419): CodeIgniter\CodeIgniter->runController(Object(App\Controllers\carrito_controller))
#5 C:\xampp\htdocs\ProyectoX\system\CodeIgniter.php(326): CodeIgniter\CodeIgniter->handleRequest(NULL, Object(Config\Cache), false)
#6 C:\xampp\htdocs\ProyectoX\index.php(37): CodeIgniter\CodeIgniter->run()
#7 {main}
CRITICAL - 2022-06-10 15:24:49 --> Undefined property: CodeIgniter\View\View::$cart
#0 C:\xampp\htdocs\ProyectoX\app\Views\back\carrito.php(27): CodeIgniter\Debug\Exceptions->errorHandler(8, 'Undefined prope...', 'C:\\xampp\\htdocs...', 27, Array)
#1 C:\xampp\htdocs\ProyectoX\system\View\View.php(210): include('C:\\xampp\\htdocs...')
#2 C:\xampp\htdocs\ProyectoX\system\View\View.php(213): CodeIgniter\View\View->CodeIgniter\View\{closure}()
#3 C:\xampp\htdocs\ProyectoX\system\Common.php(1089): CodeIgniter\View\View->render('back/carrito', Array, true)
#4 C:\xampp\htdocs\ProyectoX\app\Controllers\carrito_controller.php(15): view('back/carrito', Array)
#5 C:\xampp\htdocs\ProyectoX\system\CodeIgniter.php(832): App\Controllers\carrito_controller->index()
#6 C:\xampp\htdocs\ProyectoX\system\CodeIgniter.php(419): CodeIgniter\CodeIgniter->runController(Object(App\Controllers\carrito_controller))
#7 C:\xampp\htdocs\ProyectoX\system\CodeIgniter.php(326): CodeIgniter\CodeIgniter->handleRequest(NULL, Object(Config\Cache), false)
#8 C:\xampp\htdocs\ProyectoX\index.php(37): CodeIgniter\CodeIgniter->run()
#9 {main}
CRITICAL - 2022-06-10 15:25:03 --> Undefined property: CodeIgniter\View\View::$cart
#0 C:\xampp\htdocs\ProyectoX\app\Views\back\carrito.php(27): CodeIgniter\Debug\Exceptions->errorHandler(8, 'Undefined prope...', 'C:\\xampp\\htdocs...', 27, Array)
#1 C:\xampp\htdocs\ProyectoX\system\View\View.php(210): include('C:\\xampp\\htdocs...')
#2 C:\xampp\htdocs\ProyectoX\system\View\View.php(213): CodeIgniter\View\View->CodeIgniter\View\{closure}()
#3 C:\xampp\htdocs\ProyectoX\system\Common.php(1089): CodeIgniter\View\View->render('back/carrito', Array, true)
#4 C:\xampp\htdocs\ProyectoX\app\Controllers\carrito_controller.php(15): view('back/carrito', Array)
#5 C:\xampp\htdocs\ProyectoX\system\CodeIgniter.php(832): App\Controllers\carrito_controller->index()
#6 C:\xampp\htdocs\ProyectoX\system\CodeIgniter.php(419): CodeIgniter\CodeIgniter->runController(Object(App\Controllers\carrito_controller))
#7 C:\xampp\htdocs\ProyectoX\system\CodeIgniter.php(326): CodeIgniter\CodeIgniter->handleRequest(NULL, Object(Config\Cache), false)
#8 C:\xampp\htdocs\ProyectoX\index.php(37): CodeIgniter\CodeIgniter->run()
#9 {main}
CRITICAL - 2022-06-10 15:25:18 --> Call to undefined method CodeIgniterCart\Cart::format_number()
#0 C:\xampp\htdocs\ProyectoX\system\View\View.php(210): include()
#1 C:\xampp\htdocs\ProyectoX\system\View\View.php(213): CodeIgniter\View\View->CodeIgniter\View\{closure}()
#2 C:\xampp\htdocs\ProyectoX\system\Common.php(1089): CodeIgniter\View\View->render('back/carrito', Array, true)
#3 C:\xampp\htdocs\ProyectoX\app\Controllers\carrito_controller.php(15): view('back/carrito', Array)
#4 C:\xampp\htdocs\ProyectoX\system\CodeIgniter.php(832): App\Controllers\carrito_controller->index()
#5 C:\xampp\htdocs\ProyectoX\system\CodeIgniter.php(419): CodeIgniter\CodeIgniter->runController(Object(App\Controllers\carrito_controller))
#6 C:\xampp\htdocs\ProyectoX\system\CodeIgniter.php(326): CodeIgniter\CodeIgniter->handleRequest(NULL, Object(Config\Cache), false)
#7 C:\xampp\htdocs\ProyectoX\index.php(37): CodeIgniter\CodeIgniter->run()
#8 {main}
CRITICAL - 2022-06-10 15:25:40 --> Array to string conversion
#0 C:\xampp\htdocs\ProyectoX\app\Views\back\carrito.php(27): CodeIgniter\Debug\Exceptions->errorHandler(8, 'Array to string...', 'C:\\xampp\\htdocs...', 27, Array)
#1 C:\xampp\htdocs\ProyectoX\system\View\View.php(210): include('C:\\xampp\\htdocs...')
#2 C:\xampp\htdocs\ProyectoX\system\View\View.php(213): CodeIgniter\View\View->CodeIgniter\View\{closure}()
#3 C:\xampp\htdocs\ProyectoX\system\Common.php(1089): CodeIgniter\View\View->render('back/carrito', Array, true)
#4 C:\xampp\htdocs\ProyectoX\app\Controllers\carrito_controller.php(15): view('back/carrito', Array)
#5 C:\xampp\htdocs\ProyectoX\system\CodeIgniter.php(832): App\Controllers\carrito_controller->index()
#6 C:\xampp\htdocs\ProyectoX\system\CodeIgniter.php(419): CodeIgniter\CodeIgniter->runController(Object(App\Controllers\carrito_controller))
#7 C:\xampp\htdocs\ProyectoX\system\CodeIgniter.php(326): CodeIgniter\CodeIgniter->handleRequest(NULL, Object(Config\Cache), false)
#8 C:\xampp\htdocs\ProyectoX\index.php(37): CodeIgniter\CodeIgniter->run()
#9 {main}
CRITICAL - 2022-06-10 15:28:50 --> syntax error, unexpected ';', expecting ')'
#0 C:\xampp\htdocs\ProyectoX\system\View\View.php(213): CodeIgniter\View\View->CodeIgniter\View\{closure}()
#1 C:\xampp\htdocs\ProyectoX\system\Common.php(1089): CodeIgniter\View\View->render('back/carrito', Array, true)
#2 C:\xampp\htdocs\ProyectoX\app\Controllers\carrito_controller.php(15): view('back/carrito', Array)
#3 C:\xampp\htdocs\ProyectoX\system\CodeIgniter.php(832): App\Controllers\carrito_controller->index()
#4 C:\xampp\htdocs\ProyectoX\system\CodeIgniter.php(419): CodeIgniter\CodeIgniter->runController(Object(App\Controllers\carrito_controller))
#5 C:\xampp\htdocs\ProyectoX\system\CodeIgniter.php(326): CodeIgniter\CodeIgniter->handleRequest(NULL, Object(Config\Cache), false)
#6 C:\xampp\htdocs\ProyectoX\index.php(37): CodeIgniter\CodeIgniter->run()
#7 {main}
CRITICAL - 2022-06-10 15:28:50 --> syntax error, unexpected ';', expecting ')'
#0 C:\xampp\htdocs\ProyectoX\system\View\View.php(213): CodeIgniter\View\View->CodeIgniter\View\{closure}()
#1 C:\xampp\htdocs\ProyectoX\system\Common.php(1089): CodeIgniter\View\View->render('back/carrito', Array, true)
#2 C:\xampp\htdocs\ProyectoX\app\Controllers\carrito_controller.php(15): view('back/carrito', Array)
#3 C:\xampp\htdocs\ProyectoX\system\CodeIgniter.php(832): App\Controllers\carrito_controller->index()
#4 C:\xampp\htdocs\ProyectoX\system\CodeIgniter.php(419): CodeIgniter\CodeIgniter->runController(Object(App\Controllers\carrito_controller))
#5 C:\xampp\htdocs\ProyectoX\system\CodeIgniter.php(326): CodeIgniter\CodeIgniter->handleRequest(NULL, Object(Config\Cache), false)
#6 C:\xampp\htdocs\ProyectoX\index.php(37): CodeIgniter\CodeIgniter->run()
#7 {main}
CRITICAL - 2022-06-10 15:29:01 --> Array to string conversion
#0 C:\xampp\htdocs\ProyectoX\app\Views\back\carrito.php(27): CodeIgniter\Debug\Exceptions->errorHandler(8, 'Array to string...', 'C:\\xampp\\htdocs...', 27, Array)
#1 C:\xampp\htdocs\ProyectoX\system\View\View.php(210): include('C:\\xampp\\htdocs...')
#2 C:\xampp\htdocs\ProyectoX\system\View\View.php(213): CodeIgniter\View\View->CodeIgniter\View\{closure}()
#3 C:\xampp\htdocs\ProyectoX\system\Common.php(1089): CodeIgniter\View\View->render('back/carrito', Array, true)
#4 C:\xampp\htdocs\ProyectoX\app\Controllers\carrito_controller.php(15): view('back/carrito', Array)
#5 C:\xampp\htdocs\ProyectoX\system\CodeIgniter.php(832): App\Controllers\carrito_controller->index()
#6 C:\xampp\htdocs\ProyectoX\system\CodeIgniter.php(419): CodeIgniter\CodeIgniter->runController(Object(App\Controllers\carrito_controller))
#7 C:\xampp\htdocs\ProyectoX\system\CodeIgniter.php(326): CodeIgniter\CodeIgniter->handleRequest(NULL, Object(Config\Cache), false)
#8 C:\xampp\htdocs\ProyectoX\index.php(37): CodeIgniter\CodeIgniter->run()
#9 {main}
