CRITICAL - 2022-05-18 00:36:16 --> Undefined variable: session
#0 C:\xampp\htdocs\ProyectoX\app\Controllers\panel_controller.php(10): CodeIgniter\Debug\Exceptions->errorHandler(8, 'Undefined varia...', 'C:\\xampp\\htdocs...', 10, Array)
#1 C:\xampp\htdocs\ProyectoX\system\CodeIgniter.php(832): App\Controllers\panel_controller->index()
#2 C:\xampp\htdocs\ProyectoX\system\CodeIgniter.php(419): CodeIgniter\CodeIgniter->runController(Object(App\Controllers\panel_controller))
#3 C:\xampp\htdocs\ProyectoX\system\CodeIgniter.php(326): CodeIgniter\CodeIgniter->handleRequest(NULL, Object(Config\Cache), false)
#4 C:\xampp\htdocs\ProyectoX\index.php(37): CodeIgniter\CodeIgniter->run()
#5 {main}
CRITICAL - 2022-05-18 01:47:32 --> Undefined variable: session
#0 C:\xampp\htdocs\ProyectoX\app\Controllers\Home.php(14): CodeIgniter\Debug\Exceptions->errorHandler(8, 'Undefined varia...', 'C:\\xampp\\htdocs...', 14, Array)
#1 C:\xampp\htdocs\ProyectoX\system\CodeIgniter.php(832): App\Controllers\Home->index()
#2 C:\xampp\htdocs\ProyectoX\system\CodeIgniter.php(419): CodeIgniter\CodeIgniter->runController(Object(App\Controllers\Home))
#3 C:\xampp\htdocs\ProyectoX\system\CodeIgniter.php(326): CodeIgniter\CodeIgniter->handleRequest(NULL, Object(Config\Cache), false)
#4 C:\xampp\htdocs\ProyectoX\index.php(37): CodeIgniter\CodeIgniter->run()
#5 {main}
CRITICAL - 2022-05-18 01:48:08 --> Undefined variable: data
#0 C:\xampp\htdocs\ProyectoX\app\Controllers\Home.php(16): CodeIgniter\Debug\Exceptions->errorHandler(8, 'Undefined varia...', 'C:\\xampp\\htdocs...', 16, Array)
#1 C:\xampp\htdocs\ProyectoX\system\CodeIgniter.php(832): App\Controllers\Home->index()
#2 C:\xampp\htdocs\ProyectoX\system\CodeIgniter.php(419): CodeIgniter\CodeIgniter->runController(Object(App\Controllers\Home))
#3 C:\xampp\htdocs\ProyectoX\system\CodeIgniter.php(326): CodeIgniter\CodeIgniter->handleRequest(NULL, Object(Config\Cache), false)
#4 C:\xampp\htdocs\ProyectoX\index.php(37): CodeIgniter\CodeIgniter->run()
#5 {main}
CRITICAL - 2022-05-18 01:48:09 --> Undefined variable: data
#0 C:\xampp\htdocs\ProyectoX\app\Controllers\Home.php(16): CodeIgniter\Debug\Exceptions->errorHandler(8, 'Undefined varia...', 'C:\\xampp\\htdocs...', 16, Array)
#1 C:\xampp\htdocs\ProyectoX\system\CodeIgniter.php(832): App\Controllers\Home->index()
#2 C:\xampp\htdocs\ProyectoX\system\CodeIgniter.php(419): CodeIgniter\CodeIgniter->runController(Object(App\Controllers\Home))
#3 C:\xampp\htdocs\ProyectoX\system\CodeIgniter.php(326): CodeIgniter\CodeIgniter->handleRequest(NULL, Object(Config\Cache), false)
#4 C:\xampp\htdocs\ProyectoX\index.php(37): CodeIgniter\CodeIgniter->run()
#5 {main}
CRITICAL - 2022-05-18 01:48:10 --> Undefined variable: data
#0 C:\xampp\htdocs\ProyectoX\app\Controllers\Home.php(16): CodeIgniter\Debug\Exceptions->errorHandler(8, 'Undefined varia...', 'C:\\xampp\\htdocs...', 16, Array)
#1 C:\xampp\htdocs\ProyectoX\system\CodeIgniter.php(832): App\Controllers\Home->index()
#2 C:\xampp\htdocs\ProyectoX\system\CodeIgniter.php(419): CodeIgniter\CodeIgniter->runController(Object(App\Controllers\Home))
#3 C:\xampp\htdocs\ProyectoX\system\CodeIgniter.php(326): CodeIgniter\CodeIgniter->handleRequest(NULL, Object(Config\Cache), false)
#4 C:\xampp\htdocs\ProyectoX\index.php(37): CodeIgniter\CodeIgniter->run()
#5 {main}
CRITICAL - 2022-05-18 01:48:11 --> Undefined variable: data
#0 C:\xampp\htdocs\ProyectoX\app\Controllers\Home.php(16): CodeIgniter\Debug\Exceptions->errorHandler(8, 'Undefined varia...', 'C:\\xampp\\htdocs...', 16, Array)
#1 C:\xampp\htdocs\ProyectoX\system\CodeIgniter.php(832): App\Controllers\Home->index()
#2 C:\xampp\htdocs\ProyectoX\system\CodeIgniter.php(419): CodeIgniter\CodeIgniter->runController(Object(App\Controllers\Home))
#3 C:\xampp\htdocs\ProyectoX\system\CodeIgniter.php(326): CodeIgniter\CodeIgniter->handleRequest(NULL, Object(Config\Cache), false)
#4 C:\xampp\htdocs\ProyectoX\index.php(37): CodeIgniter\CodeIgniter->run()
#5 {main}
CRITICAL - 2022-05-18 01:48:12 --> Undefined variable: data
#0 C:\xampp\htdocs\ProyectoX\app\Controllers\Home.php(16): CodeIgniter\Debug\Exceptions->errorHandler(8, 'Undefined varia...', 'C:\\xampp\\htdocs...', 16, Array)
#1 C:\xampp\htdocs\ProyectoX\system\CodeIgniter.php(832): App\Controllers\Home->index()
#2 C:\xampp\htdocs\ProyectoX\system\CodeIgniter.php(419): CodeIgniter\CodeIgniter->runController(Object(App\Controllers\Home))
#3 C:\xampp\htdocs\ProyectoX\system\CodeIgniter.php(326): CodeIgniter\CodeIgniter->handleRequest(NULL, Object(Config\Cache), false)
#4 C:\xampp\htdocs\ProyectoX\index.php(37): CodeIgniter\CodeIgniter->run()
#5 {main}
CRITICAL - 2022-05-18 03:16:36 --> Auth filter must have a matching alias defined.
#0 C:\xampp\htdocs\ProyectoX\system\Filters\Filters.php(493): CodeIgniter\Filters\Exceptions\FilterException::forNoAlias('Auth')
#1 C:\xampp\htdocs\ProyectoX\system\Filters\Filters.php(243): CodeIgniter\Filters\Filters->processAliasesToClass('before')
#2 C:\xampp\htdocs\ProyectoX\system\Filters\Filters.php(163): CodeIgniter\Filters\Filters->initialize('panel')
#3 C:\xampp\htdocs\ProyectoX\system\CodeIgniter.php(393): CodeIgniter\Filters\Filters->run('panel', 'before')
#4 C:\xampp\htdocs\ProyectoX\system\CodeIgniter.php(326): CodeIgniter\CodeIgniter->handleRequest(NULL, Object(Config\Cache), false)
#5 C:\xampp\htdocs\ProyectoX\index.php(37): CodeIgniter\CodeIgniter->run()
#6 {main}
CRITICAL - 2022-05-18 03:18:33 --> Auth filter must have a matching alias defined.
#0 C:\xampp\htdocs\ProyectoX\system\Filters\Filters.php(493): CodeIgniter\Filters\Exceptions\FilterException::forNoAlias('Auth')
#1 C:\xampp\htdocs\ProyectoX\system\Filters\Filters.php(243): CodeIgniter\Filters\Filters->processAliasesToClass('before')
#2 C:\xampp\htdocs\ProyectoX\system\Filters\Filters.php(163): CodeIgniter\Filters\Filters->initialize('panel')
#3 C:\xampp\htdocs\ProyectoX\system\CodeIgniter.php(393): CodeIgniter\Filters\Filters->run('panel', 'before')
#4 C:\xampp\htdocs\ProyectoX\system\CodeIgniter.php(326): CodeIgniter\CodeIgniter->handleRequest(NULL, Object(Config\Cache), false)
#5 C:\xampp\htdocs\ProyectoX\index.php(37): CodeIgniter\CodeIgniter->run()
#6 {main}
CRITICAL - 2022-05-18 03:31:45 --> Undefined variable: nombre_user
#0 C:\xampp\htdocs\ProyectoX\app\Views\back\usuarios\panel.php(25): CodeIgniter\Debug\Exceptions->errorHandler(8, 'Undefined varia...', 'C:\\xampp\\htdocs...', 25, Array)
#1 C:\xampp\htdocs\ProyectoX\system\View\View.php(210): include('C:\\xampp\\htdocs...')
#2 C:\xampp\htdocs\ProyectoX\system\View\View.php(213): CodeIgniter\View\View->CodeIgniter\View\{closure}()
#3 C:\xampp\htdocs\ProyectoX\system\Common.php(1089): CodeIgniter\View\View->render('/back/usuarios/...', Array, true)
#4 C:\xampp\htdocs\ProyectoX\app\Controllers\Home.php(17): view('/back/usuarios/...', Array)
#5 C:\xampp\htdocs\ProyectoX\system\CodeIgniter.php(832): App\Controllers\Home->index()
#6 C:\xampp\htdocs\ProyectoX\system\CodeIgniter.php(419): CodeIgniter\CodeIgniter->runController(Object(App\Controllers\Home))
#7 C:\xampp\htdocs\ProyectoX\system\CodeIgniter.php(326): CodeIgniter\CodeIgniter->handleRequest(NULL, Object(Config\Cache), false)
#8 C:\xampp\htdocs\ProyectoX\index.php(37): CodeIgniter\CodeIgniter->run()
#9 {main}
CRITICAL - 2022-05-18 03:32:49 --> Undefined variable: session
#0 C:\xampp\htdocs\ProyectoX\app\Controllers\Home.php(16): CodeIgniter\Debug\Exceptions->errorHandler(8, 'Undefined varia...', 'C:\\xampp\\htdocs...', 16, Array)
#1 C:\xampp\htdocs\ProyectoX\system\CodeIgniter.php(832): App\Controllers\Home->index()
#2 C:\xampp\htdocs\ProyectoX\system\CodeIgniter.php(419): CodeIgniter\CodeIgniter->runController(Object(App\Controllers\Home))
#3 C:\xampp\htdocs\ProyectoX\system\CodeIgniter.php(326): CodeIgniter\CodeIgniter->handleRequest(NULL, Object(Config\Cache), false)
#4 C:\xampp\htdocs\ProyectoX\index.php(37): CodeIgniter\CodeIgniter->run()
#5 {main}
CRITICAL - 2022-05-18 03:32:56 --> Undefined variable: session
#0 C:\xampp\htdocs\ProyectoX\app\Controllers\Home.php(16): CodeIgniter\Debug\Exceptions->errorHandler(8, 'Undefined varia...', 'C:\\xampp\\htdocs...', 16, Array)
#1 C:\xampp\htdocs\ProyectoX\system\CodeIgniter.php(832): App\Controllers\Home->index()
#2 C:\xampp\htdocs\ProyectoX\system\CodeIgniter.php(419): CodeIgniter\CodeIgniter->runController(Object(App\Controllers\Home))
#3 C:\xampp\htdocs\ProyectoX\system\CodeIgniter.php(326): CodeIgniter\CodeIgniter->handleRequest(NULL, Object(Config\Cache), false)
#4 C:\xampp\htdocs\ProyectoX\index.php(37): CodeIgniter\CodeIgniter->run()
#5 {main}
CRITICAL - 2022-05-18 03:32:58 --> Undefined variable: session
#0 C:\xampp\htdocs\ProyectoX\app\Controllers\Home.php(16): CodeIgniter\Debug\Exceptions->errorHandler(8, 'Undefined varia...', 'C:\\xampp\\htdocs...', 16, Array)
#1 C:\xampp\htdocs\ProyectoX\system\CodeIgniter.php(832): App\Controllers\Home->index()
#2 C:\xampp\htdocs\ProyectoX\system\CodeIgniter.php(419): CodeIgniter\CodeIgniter->runController(Object(App\Controllers\Home))
#3 C:\xampp\htdocs\ProyectoX\system\CodeIgniter.php(326): CodeIgniter\CodeIgniter->handleRequest(NULL, Object(Config\Cache), false)
#4 C:\xampp\htdocs\ProyectoX\index.php(37): CodeIgniter\CodeIgniter->run()
#5 {main}
CRITICAL - 2022-05-18 03:33:13 --> Undefined variable: session
#0 C:\xampp\htdocs\ProyectoX\app\Controllers\Home.php(16): CodeIgniter\Debug\Exceptions->errorHandler(8, 'Undefined varia...', 'C:\\xampp\\htdocs...', 16, Array)
#1 C:\xampp\htdocs\ProyectoX\system\CodeIgniter.php(832): App\Controllers\Home->index()
#2 C:\xampp\htdocs\ProyectoX\system\CodeIgniter.php(419): CodeIgniter\CodeIgniter->runController(Object(App\Controllers\Home))
#3 C:\xampp\htdocs\ProyectoX\system\CodeIgniter.php(326): CodeIgniter\CodeIgniter->handleRequest(NULL, Object(Config\Cache), false)
#4 C:\xampp\htdocs\ProyectoX\index.php(37): CodeIgniter\CodeIgniter->run()
#5 {main}
CRITICAL - 2022-05-18 03:33:14 --> Undefined variable: session
#0 C:\xampp\htdocs\ProyectoX\app\Controllers\Home.php(16): CodeIgniter\Debug\Exceptions->errorHandler(8, 'Undefined varia...', 'C:\\xampp\\htdocs...', 16, Array)
#1 C:\xampp\htdocs\ProyectoX\system\CodeIgniter.php(832): App\Controllers\Home->index()
#2 C:\xampp\htdocs\ProyectoX\system\CodeIgniter.php(419): CodeIgniter\CodeIgniter->runController(Object(App\Controllers\Home))
#3 C:\xampp\htdocs\ProyectoX\system\CodeIgniter.php(326): CodeIgniter\CodeIgniter->handleRequest(NULL, Object(Config\Cache), false)
#4 C:\xampp\htdocs\ProyectoX\index.php(37): CodeIgniter\CodeIgniter->run()
#5 {main}
CRITICAL - 2022-05-18 03:33:16 --> Undefined variable: session
#0 C:\xampp\htdocs\ProyectoX\app\Controllers\Home.php(16): CodeIgniter\Debug\Exceptions->errorHandler(8, 'Undefined varia...', 'C:\\xampp\\htdocs...', 16, Array)
#1 C:\xampp\htdocs\ProyectoX\system\CodeIgniter.php(832): App\Controllers\Home->index()
#2 C:\xampp\htdocs\ProyectoX\system\CodeIgniter.php(419): CodeIgniter\CodeIgniter->runController(Object(App\Controllers\Home))
#3 C:\xampp\htdocs\ProyectoX\system\CodeIgniter.php(326): CodeIgniter\CodeIgniter->handleRequest(NULL, Object(Config\Cache), false)
#4 C:\xampp\htdocs\ProyectoX\index.php(37): CodeIgniter\CodeIgniter->run()
#5 {main}
