CRITICAL - 2022-05-25 00:04:50 --> min is not a valid rule.
#0 C:\xampp\htdocs\ProyectoX\system\Validation\Validation.php(300): CodeIgniter\Validation\Exceptions\ValidationException::forRuleNotFound('min')
#1 C:\xampp\htdocs\ProyectoX\system\Validation\Validation.php(157): CodeIgniter\Validation\Validation->processRules('perfil_id', 'perfil_id', '3', Array, Array)
#2 C:\xampp\htdocs\ProyectoX\system\Controller.php(160): CodeIgniter\Validation\Validation->run()
#3 C:\xampp\htdocs\ProyectoX\app\Controllers\crud_controller.php(34): CodeIgniter\Controller->validate(Array)
#4 C:\xampp\htdocs\ProyectoX\system\CodeIgniter.php(832): App\Controllers\crud_controller->formValidation()
#5 C:\xampp\htdocs\ProyectoX\system\CodeIgniter.php(419): CodeIgniter\CodeIgniter->runController(Object(App\Controllers\crud_controller))
#6 C:\xampp\htdocs\ProyectoX\system\CodeIgniter.php(326): CodeIgniter\CodeIgniter->handleRequest(NULL, Object(Config\Cache), false)
#7 C:\xampp\htdocs\ProyectoX\index.php(37): CodeIgniter\CodeIgniter->run()
#8 {main}
CRITICAL - 2022-05-25 00:16:39 --> Undefined variable: validation
#0 C:\xampp\htdocs\ProyectoX\app\Views\back\CRUD\crearUsuario.php(8): CodeIgniter\Debug\Exceptions->errorHandler(8, 'Undefined varia...', 'C:\\xampp\\htdocs...', 8, Array)
#1 C:\xampp\htdocs\ProyectoX\system\View\View.php(210): include('C:\\xampp\\htdocs...')
#2 C:\xampp\htdocs\ProyectoX\system\View\View.php(213): CodeIgniter\View\View->CodeIgniter\View\{closure}()
#3 C:\xampp\htdocs\ProyectoX\system\Common.php(1089): CodeIgniter\View\View->render('back/CRUD/crear...', Array, true)
#4 C:\xampp\htdocs\ProyectoX\app\Controllers\crud_controller.php(21): view('back/CRUD/crear...')
#5 C:\xampp\htdocs\ProyectoX\system\CodeIgniter.php(832): App\Controllers\crud_controller->crear()
#6 C:\xampp\htdocs\ProyectoX\system\CodeIgniter.php(419): CodeIgniter\CodeIgniter->runController(Object(App\Controllers\crud_controller))
#7 C:\xampp\htdocs\ProyectoX\system\CodeIgniter.php(326): CodeIgniter\CodeIgniter->handleRequest(NULL, Object(Config\Cache), false)
#8 C:\xampp\htdocs\ProyectoX\index.php(37): CodeIgniter\CodeIgniter->run()
#9 {main}
CRITICAL - 2022-05-25 02:00:21 --> min_range is not a valid rule.
#0 C:\xampp\htdocs\ProyectoX\system\Validation\Validation.php(300): CodeIgniter\Validation\Exceptions\ValidationException::forRuleNotFound('min_range')
#1 C:\xampp\htdocs\ProyectoX\system\Validation\Validation.php(157): CodeIgniter\Validation\Validation->processRules('perfil_id', 'perfil_id', '1', Array, Array)
#2 C:\xampp\htdocs\ProyectoX\system\Controller.php(160): CodeIgniter\Validation\Validation->run()
#3 C:\xampp\htdocs\ProyectoX\app\Controllers\crud_controller.php(34): CodeIgniter\Controller->validate(Array)
#4 C:\xampp\htdocs\ProyectoX\system\CodeIgniter.php(832): App\Controllers\crud_controller->formValidation()
#5 C:\xampp\htdocs\ProyectoX\system\CodeIgniter.php(419): CodeIgniter\CodeIgniter->runController(Object(App\Controllers\crud_controller))
#6 C:\xampp\htdocs\ProyectoX\system\CodeIgniter.php(326): CodeIgniter\CodeIgniter->handleRequest(NULL, Object(Config\Cache), false)
#7 C:\xampp\htdocs\ProyectoX\index.php(37): CodeIgniter\CodeIgniter->run()
#8 {main}
