CRITICAL - 2022-04-26 06:27:05 --> Use of undefined constant home - assumed 'home' (this will throw an Error in a future version of PHP)
#0 C:\xampp\htdocs\ProyectoX\app\Views\front\faq.php(28): CodeIgniter\Debug\Exceptions->errorHandler(2, 'Use of undefine...', 'C:\\xampp\\htdocs...', 28, Array)
#1 C:\xampp\htdocs\ProyectoX\system\View\View.php(210): include('C:\\xampp\\htdocs...')
#2 C:\xampp\htdocs\ProyectoX\system\View\View.php(213): CodeIgniter\View\View->CodeIgniter\View\{closure}()
#3 C:\xampp\htdocs\ProyectoX\system\Common.php(1089): CodeIgniter\View\View->render('/front/faq', Array, true)
#4 C:\xampp\htdocs\ProyectoX\app\Controllers\Home.php(30): view('/front/faq')
#5 C:\xampp\htdocs\ProyectoX\system\CodeIgniter.php(832): App\Controllers\Home->comercializacion()
#6 C:\xampp\htdocs\ProyectoX\system\CodeIgniter.php(419): CodeIgniter\CodeIgniter->runController(Object(App\Controllers\Home))
#7 C:\xampp\htdocs\ProyectoX\system\CodeIgniter.php(326): CodeIgniter\CodeIgniter->handleRequest(NULL, Object(Config\Cache), false)
#8 C:\xampp\htdocs\ProyectoX\index.php(37): CodeIgniter\CodeIgniter->run()
#9 {main}
CRITICAL - 2022-04-26 06:27:08 --> Use of undefined constant home - assumed 'home' (this will throw an Error in a future version of PHP)
#0 C:\xampp\htdocs\ProyectoX\app\Views\front\faq.php(28): CodeIgniter\Debug\Exceptions->errorHandler(2, 'Use of undefine...', 'C:\\xampp\\htdocs...', 28, Array)
#1 C:\xampp\htdocs\ProyectoX\system\View\View.php(210): include('C:\\xampp\\htdocs...')
#2 C:\xampp\htdocs\ProyectoX\system\View\View.php(213): CodeIgniter\View\View->CodeIgniter\View\{closure}()
#3 C:\xampp\htdocs\ProyectoX\system\Common.php(1089): CodeIgniter\View\View->render('/front/faq', Array, true)
#4 C:\xampp\htdocs\ProyectoX\app\Controllers\Home.php(30): view('/front/faq')
#5 C:\xampp\htdocs\ProyectoX\system\CodeIgniter.php(832): App\Controllers\Home->comercializacion()
#6 C:\xampp\htdocs\ProyectoX\system\CodeIgniter.php(419): CodeIgniter\CodeIgniter->runController(Object(App\Controllers\Home))
#7 C:\xampp\htdocs\ProyectoX\system\CodeIgniter.php(326): CodeIgniter\CodeIgniter->handleRequest(NULL, Object(Config\Cache), false)
#8 C:\xampp\htdocs\ProyectoX\index.php(37): CodeIgniter\CodeIgniter->run()
#9 {main}
CRITICAL - 2022-04-26 06:28:04 --> Use of undefined constant contacto - assumed 'contacto' (this will throw an Error in a future version of PHP)
#0 C:\xampp\htdocs\ProyectoX\app\Views\front\faq.php(28): CodeIgniter\Debug\Exceptions->errorHandler(2, 'Use of undefine...', 'C:\\xampp\\htdocs...', 28, Array)
#1 C:\xampp\htdocs\ProyectoX\system\View\View.php(210): include('C:\\xampp\\htdocs...')
#2 C:\xampp\htdocs\ProyectoX\system\View\View.php(213): CodeIgniter\View\View->CodeIgniter\View\{closure}()
#3 C:\xampp\htdocs\ProyectoX\system\Common.php(1089): CodeIgniter\View\View->render('/front/faq', Array, true)
#4 C:\xampp\htdocs\ProyectoX\app\Controllers\Home.php(30): view('/front/faq')
#5 C:\xampp\htdocs\ProyectoX\system\CodeIgniter.php(832): App\Controllers\Home->comercializacion()
#6 C:\xampp\htdocs\ProyectoX\system\CodeIgniter.php(419): CodeIgniter\CodeIgniter->runController(Object(App\Controllers\Home))
#7 C:\xampp\htdocs\ProyectoX\system\CodeIgniter.php(326): CodeIgniter\CodeIgniter->handleRequest(NULL, Object(Config\Cache), false)
#8 C:\xampp\htdocs\ProyectoX\index.php(37): CodeIgniter\CodeIgniter->run()
#9 {main}
CRITICAL - 2022-04-26 06:28:05 --> Use of undefined constant contacto - assumed 'contacto' (this will throw an Error in a future version of PHP)
#0 C:\xampp\htdocs\ProyectoX\app\Views\front\faq.php(28): CodeIgniter\Debug\Exceptions->errorHandler(2, 'Use of undefine...', 'C:\\xampp\\htdocs...', 28, Array)
#1 C:\xampp\htdocs\ProyectoX\system\View\View.php(210): include('C:\\xampp\\htdocs...')
#2 C:\xampp\htdocs\ProyectoX\system\View\View.php(213): CodeIgniter\View\View->CodeIgniter\View\{closure}()
#3 C:\xampp\htdocs\ProyectoX\system\Common.php(1089): CodeIgniter\View\View->render('/front/faq', Array, true)
#4 C:\xampp\htdocs\ProyectoX\app\Controllers\Home.php(30): view('/front/faq')
#5 C:\xampp\htdocs\ProyectoX\system\CodeIgniter.php(832): App\Controllers\Home->comercializacion()
#6 C:\xampp\htdocs\ProyectoX\system\CodeIgniter.php(419): CodeIgniter\CodeIgniter->runController(Object(App\Controllers\Home))
#7 C:\xampp\htdocs\ProyectoX\system\CodeIgniter.php(326): CodeIgniter\CodeIgniter->handleRequest(NULL, Object(Config\Cache), false)
#8 C:\xampp\htdocs\ProyectoX\index.php(37): CodeIgniter\CodeIgniter->run()
#9 {main}
CRITICAL - 2022-04-26 06:44:24 --> Use of undefined constant home - assumed 'home' (this will throw an Error in a future version of PHP)
#0 C:\xampp\htdocs\ProyectoX\app\Views\front\nav.php(44): CodeIgniter\Debug\Exceptions->errorHandler(2, 'Use of undefine...', 'C:\\xampp\\htdocs...', 44, Array)
#1 C:\xampp\htdocs\ProyectoX\system\View\View.php(210): include('C:\\xampp\\htdocs...')
#2 C:\xampp\htdocs\ProyectoX\system\View\View.php(213): CodeIgniter\View\View->CodeIgniter\View\{closure}()
#3 C:\xampp\htdocs\ProyectoX\system\Common.php(1089): CodeIgniter\View\View->render('/front/nav', Array, true)
#4 C:\xampp\htdocs\ProyectoX\app\Controllers\Home.php(15): view('/front/nav')
#5 C:\xampp\htdocs\ProyectoX\system\CodeIgniter.php(832): App\Controllers\Home->index()
#6 C:\xampp\htdocs\ProyectoX\system\CodeIgniter.php(419): CodeIgniter\CodeIgniter->runController(Object(App\Controllers\Home))
#7 C:\xampp\htdocs\ProyectoX\system\CodeIgniter.php(326): CodeIgniter\CodeIgniter->handleRequest(NULL, Object(Config\Cache), false)
#8 C:\xampp\htdocs\ProyectoX\index.php(37): CodeIgniter\CodeIgniter->run()
#9 {main}
CRITICAL - 2022-04-26 06:44:26 --> Use of undefined constant home - assumed 'home' (this will throw an Error in a future version of PHP)
#0 C:\xampp\htdocs\ProyectoX\app\Views\front\nav.php(44): CodeIgniter\Debug\Exceptions->errorHandler(2, 'Use of undefine...', 'C:\\xampp\\htdocs...', 44, Array)
#1 C:\xampp\htdocs\ProyectoX\system\View\View.php(210): include('C:\\xampp\\htdocs...')
#2 C:\xampp\htdocs\ProyectoX\system\View\View.php(213): CodeIgniter\View\View->CodeIgniter\View\{closure}()
#3 C:\xampp\htdocs\ProyectoX\system\Common.php(1089): CodeIgniter\View\View->render('/front/nav', Array, true)
#4 C:\xampp\htdocs\ProyectoX\app\Controllers\Home.php(15): view('/front/nav')
#5 C:\xampp\htdocs\ProyectoX\system\CodeIgniter.php(832): App\Controllers\Home->index()
#6 C:\xampp\htdocs\ProyectoX\system\CodeIgniter.php(419): CodeIgniter\CodeIgniter->runController(Object(App\Controllers\Home))
#7 C:\xampp\htdocs\ProyectoX\system\CodeIgniter.php(326): CodeIgniter\CodeIgniter->handleRequest(NULL, Object(Config\Cache), false)
#8 C:\xampp\htdocs\ProyectoX\index.php(37): CodeIgniter\CodeIgniter->run()
#9 {main}
CRITICAL - 2022-04-26 06:44:53 --> Use of undefined constant home - assumed 'home' (this will throw an Error in a future version of PHP)
#0 C:\xampp\htdocs\ProyectoX\app\Views\front\nav.php(44): CodeIgniter\Debug\Exceptions->errorHandler(2, 'Use of undefine...', 'C:\\xampp\\htdocs...', 44, Array)
#1 C:\xampp\htdocs\ProyectoX\system\View\View.php(210): include('C:\\xampp\\htdocs...')
#2 C:\xampp\htdocs\ProyectoX\system\View\View.php(213): CodeIgniter\View\View->CodeIgniter\View\{closure}()
#3 C:\xampp\htdocs\ProyectoX\system\Common.php(1089): CodeIgniter\View\View->render('/front/nav', Array, true)
#4 C:\xampp\htdocs\ProyectoX\app\Controllers\Home.php(25): view('/front/nav')
#5 C:\xampp\htdocs\ProyectoX\system\CodeIgniter.php(832): App\Controllers\Home->nosotros()
#6 C:\xampp\htdocs\ProyectoX\system\CodeIgniter.php(419): CodeIgniter\CodeIgniter->runController(Object(App\Controllers\Home))
#7 C:\xampp\htdocs\ProyectoX\system\CodeIgniter.php(326): CodeIgniter\CodeIgniter->handleRequest(NULL, Object(Config\Cache), false)
#8 C:\xampp\htdocs\ProyectoX\index.php(37): CodeIgniter\CodeIgniter->run()
#9 {main}
CRITICAL - 2022-04-26 06:45:20 --> Use of undefined constant home - assumed 'home' (this will throw an Error in a future version of PHP)
#0 C:\xampp\htdocs\ProyectoX\app\Views\front\nav.php(44): CodeIgniter\Debug\Exceptions->errorHandler(2, 'Use of undefine...', 'C:\\xampp\\htdocs...', 44, Array)
#1 C:\xampp\htdocs\ProyectoX\system\View\View.php(210): include('C:\\xampp\\htdocs...')
#2 C:\xampp\htdocs\ProyectoX\system\View\View.php(213): CodeIgniter\View\View->CodeIgniter\View\{closure}()
#3 C:\xampp\htdocs\ProyectoX\system\Common.php(1089): CodeIgniter\View\View->render('/front/nav', Array, true)
#4 C:\xampp\htdocs\ProyectoX\app\Controllers\Home.php(25): view('/front/nav')
#5 C:\xampp\htdocs\ProyectoX\system\CodeIgniter.php(832): App\Controllers\Home->nosotros()
#6 C:\xampp\htdocs\ProyectoX\system\CodeIgniter.php(419): CodeIgniter\CodeIgniter->runController(Object(App\Controllers\Home))
#7 C:\xampp\htdocs\ProyectoX\system\CodeIgniter.php(326): CodeIgniter\CodeIgniter->handleRequest(NULL, Object(Config\Cache), false)
#8 C:\xampp\htdocs\ProyectoX\index.php(37): CodeIgniter\CodeIgniter->run()
#9 {main}
CRITICAL - 2022-04-26 06:45:21 --> Use of undefined constant home - assumed 'home' (this will throw an Error in a future version of PHP)
#0 C:\xampp\htdocs\ProyectoX\app\Views\front\nav.php(44): CodeIgniter\Debug\Exceptions->errorHandler(2, 'Use of undefine...', 'C:\\xampp\\htdocs...', 44, Array)
#1 C:\xampp\htdocs\ProyectoX\system\View\View.php(210): include('C:\\xampp\\htdocs...')
#2 C:\xampp\htdocs\ProyectoX\system\View\View.php(213): CodeIgniter\View\View->CodeIgniter\View\{closure}()
#3 C:\xampp\htdocs\ProyectoX\system\Common.php(1089): CodeIgniter\View\View->render('/front/nav', Array, true)
#4 C:\xampp\htdocs\ProyectoX\app\Controllers\Home.php(25): view('/front/nav')
#5 C:\xampp\htdocs\ProyectoX\system\CodeIgniter.php(832): App\Controllers\Home->nosotros()
#6 C:\xampp\htdocs\ProyectoX\system\CodeIgniter.php(419): CodeIgniter\CodeIgniter->runController(Object(App\Controllers\Home))
#7 C:\xampp\htdocs\ProyectoX\system\CodeIgniter.php(326): CodeIgniter\CodeIgniter->handleRequest(NULL, Object(Config\Cache), false)
#8 C:\xampp\htdocs\ProyectoX\index.php(37): CodeIgniter\CodeIgniter->run()
#9 {main}
CRITICAL - 2022-04-26 06:45:23 --> Use of undefined constant home - assumed 'home' (this will throw an Error in a future version of PHP)
#0 C:\xampp\htdocs\ProyectoX\app\Views\front\nav.php(44): CodeIgniter\Debug\Exceptions->errorHandler(2, 'Use of undefine...', 'C:\\xampp\\htdocs...', 44, Array)
#1 C:\xampp\htdocs\ProyectoX\system\View\View.php(210): include('C:\\xampp\\htdocs...')
#2 C:\xampp\htdocs\ProyectoX\system\View\View.php(213): CodeIgniter\View\View->CodeIgniter\View\{closure}()
#3 C:\xampp\htdocs\ProyectoX\system\Common.php(1089): CodeIgniter\View\View->render('/front/nav', Array, true)
#4 C:\xampp\htdocs\ProyectoX\app\Controllers\Home.php(25): view('/front/nav')
#5 C:\xampp\htdocs\ProyectoX\system\CodeIgniter.php(832): App\Controllers\Home->nosotros()
#6 C:\xampp\htdocs\ProyectoX\system\CodeIgniter.php(419): CodeIgniter\CodeIgniter->runController(Object(App\Controllers\Home))
#7 C:\xampp\htdocs\ProyectoX\system\CodeIgniter.php(326): CodeIgniter\CodeIgniter->handleRequest(NULL, Object(Config\Cache), false)
#8 C:\xampp\htdocs\ProyectoX\index.php(37): CodeIgniter\CodeIgniter->run()
#9 {main}
CRITICAL - 2022-04-26 06:45:38 --> Use of undefined constant home - assumed 'home' (this will throw an Error in a future version of PHP)
#0 C:\xampp\htdocs\ProyectoX\app\Views\front\nav.php(44): CodeIgniter\Debug\Exceptions->errorHandler(2, 'Use of undefine...', 'C:\\xampp\\htdocs...', 44, Array)
#1 C:\xampp\htdocs\ProyectoX\system\View\View.php(210): include('C:\\xampp\\htdocs...')
#2 C:\xampp\htdocs\ProyectoX\system\View\View.php(213): CodeIgniter\View\View->CodeIgniter\View\{closure}()
#3 C:\xampp\htdocs\ProyectoX\system\Common.php(1089): CodeIgniter\View\View->render('/front/nav', Array, true)
#4 C:\xampp\htdocs\ProyectoX\app\Controllers\Home.php(15): view('/front/nav')
#5 C:\xampp\htdocs\ProyectoX\system\CodeIgniter.php(832): App\Controllers\Home->index()
#6 C:\xampp\htdocs\ProyectoX\system\CodeIgniter.php(419): CodeIgniter\CodeIgniter->runController(Object(App\Controllers\Home))
#7 C:\xampp\htdocs\ProyectoX\system\CodeIgniter.php(326): CodeIgniter\CodeIgniter->handleRequest(NULL, Object(Config\Cache), false)
#8 C:\xampp\htdocs\ProyectoX\index.php(37): CodeIgniter\CodeIgniter->run()
#9 {main}
CRITICAL - 2022-04-26 06:45:51 --> Use of undefined constant home - assumed 'home' (this will throw an Error in a future version of PHP)
#0 C:\xampp\htdocs\ProyectoX\app\Views\front\nav.php(46): CodeIgniter\Debug\Exceptions->errorHandler(2, 'Use of undefine...', 'C:\\xampp\\htdocs...', 46, Array)
#1 C:\xampp\htdocs\ProyectoX\system\View\View.php(210): include('C:\\xampp\\htdocs...')
#2 C:\xampp\htdocs\ProyectoX\system\View\View.php(213): CodeIgniter\View\View->CodeIgniter\View\{closure}()
#3 C:\xampp\htdocs\ProyectoX\system\Common.php(1089): CodeIgniter\View\View->render('/front/nav', Array, true)
#4 C:\xampp\htdocs\ProyectoX\app\Controllers\Home.php(15): view('/front/nav')
#5 C:\xampp\htdocs\ProyectoX\system\CodeIgniter.php(832): App\Controllers\Home->index()
#6 C:\xampp\htdocs\ProyectoX\system\CodeIgniter.php(419): CodeIgniter\CodeIgniter->runController(Object(App\Controllers\Home))
#7 C:\xampp\htdocs\ProyectoX\system\CodeIgniter.php(326): CodeIgniter\CodeIgniter->handleRequest(NULL, Object(Config\Cache), false)
#8 C:\xampp\htdocs\ProyectoX\index.php(37): CodeIgniter\CodeIgniter->run()
#9 {main}
