CRITICAL - 2022-04-24 17:24:04 --> Undefined variable: title
#0 C:\xampp\htdocs\ProyectoX\app\Views\holaMundo.php(11): CodeIgniter\Debug\Exceptions->errorHandler(8, 'Undefined varia...', 'C:\\xampp\\htdocs...', 11, Array)
#1 C:\xampp\htdocs\ProyectoX\system\View\View.php(210): include('C:\\xampp\\htdocs...')
#2 C:\xampp\htdocs\ProyectoX\system\View\View.php(213): CodeIgniter\View\View->CodeIgniter\View\{closure}()
#3 C:\xampp\htdocs\ProyectoX\system\Common.php(1089): CodeIgniter\View\View->render('holaMundo', Array, true)
#4 C:\xampp\htdocs\ProyectoX\app\Controllers\miControlador.php(9): view('holaMundo')
#5 C:\xampp\htdocs\ProyectoX\system\CodeIgniter.php(832): App\Controllers\miControlador->index()
#6 C:\xampp\htdocs\ProyectoX\system\CodeIgniter.php(419): CodeIgniter\CodeIgniter->runController(Object(App\Controllers\miControlador))
#7 C:\xampp\htdocs\ProyectoX\system\CodeIgniter.php(326): CodeIgniter\CodeIgniter->handleRequest(NULL, Object(Config\Cache), false)
#8 C:\xampp\htdocs\ProyectoX\index.php(37): CodeIgniter\CodeIgniter->run()
#9 {main}
CRITICAL - 2022-04-24 17:41:34 --> Undefined variable: title
#0 C:\xampp\htdocs\ProyectoX\app\Views\holaMundo.php(11): CodeIgniter\Debug\Exceptions->errorHandler(8, 'Undefined varia...', 'C:\\xampp\\htdocs...', 11, Array)
#1 C:\xampp\htdocs\ProyectoX\system\View\View.php(210): include('C:\\xampp\\htdocs...')
#2 C:\xampp\htdocs\ProyectoX\system\View\View.php(213): CodeIgniter\View\View->CodeIgniter\View\{closure}()
#3 C:\xampp\htdocs\ProyectoX\system\Common.php(1089): CodeIgniter\View\View->render('holaMundo', Array, true)
#4 C:\xampp\htdocs\ProyectoX\app\Controllers\miControlador.php(9): view('holaMundo')
#5 C:\xampp\htdocs\ProyectoX\system\CodeIgniter.php(832): App\Controllers\miControlador->index()
#6 C:\xampp\htdocs\ProyectoX\system\CodeIgniter.php(419): CodeIgniter\CodeIgniter->runController(Object(App\Controllers\miControlador))
#7 C:\xampp\htdocs\ProyectoX\system\CodeIgniter.php(326): CodeIgniter\CodeIgniter->handleRequest(NULL, Object(Config\Cache), false)
#8 C:\xampp\htdocs\ProyectoX\index.php(37): CodeIgniter\CodeIgniter->run()
#9 {main}
CRITICAL - 2022-04-24 18:15:35 --> Undefined variable: title
#0 C:\xampp\htdocs\ProyectoX\app\Views\holaMundo.php(11): CodeIgniter\Debug\Exceptions->errorHandler(8, 'Undefined varia...', 'C:\\xampp\\htdocs...', 11, Array)
#1 C:\xampp\htdocs\ProyectoX\system\View\View.php(210): include('C:\\xampp\\htdocs...')
#2 C:\xampp\htdocs\ProyectoX\system\View\View.php(213): CodeIgniter\View\View->CodeIgniter\View\{closure}()
#3 C:\xampp\htdocs\ProyectoX\system\Common.php(1089): CodeIgniter\View\View->render('holaMundo', Array, true)
#4 C:\xampp\htdocs\ProyectoX\app\Controllers\miControlador.php(9): view('holaMundo')
#5 C:\xampp\htdocs\ProyectoX\system\CodeIgniter.php(832): App\Controllers\miControlador->index()
#6 C:\xampp\htdocs\ProyectoX\system\CodeIgniter.php(419): CodeIgniter\CodeIgniter->runController(Object(App\Controllers\miControlador))
#7 C:\xampp\htdocs\ProyectoX\system\CodeIgniter.php(326): CodeIgniter\CodeIgniter->handleRequest(NULL, Object(Config\Cache), false)
#8 C:\xampp\htdocs\ProyectoX\index.php(37): CodeIgniter\CodeIgniter->run()
#9 {main}
CRITICAL - 2022-04-24 18:15:36 --> Undefined variable: title
#0 C:\xampp\htdocs\ProyectoX\app\Views\holaMundo.php(11): CodeIgniter\Debug\Exceptions->errorHandler(8, 'Undefined varia...', 'C:\\xampp\\htdocs...', 11, Array)
#1 C:\xampp\htdocs\ProyectoX\system\View\View.php(210): include('C:\\xampp\\htdocs...')
#2 C:\xampp\htdocs\ProyectoX\system\View\View.php(213): CodeIgniter\View\View->CodeIgniter\View\{closure}()
#3 C:\xampp\htdocs\ProyectoX\system\Common.php(1089): CodeIgniter\View\View->render('holaMundo', Array, true)
#4 C:\xampp\htdocs\ProyectoX\app\Controllers\miControlador.php(9): view('holaMundo')
#5 C:\xampp\htdocs\ProyectoX\system\CodeIgniter.php(832): App\Controllers\miControlador->index()
#6 C:\xampp\htdocs\ProyectoX\system\CodeIgniter.php(419): CodeIgniter\CodeIgniter->runController(Object(App\Controllers\miControlador))
#7 C:\xampp\htdocs\ProyectoX\system\CodeIgniter.php(326): CodeIgniter\CodeIgniter->handleRequest(NULL, Object(Config\Cache), false)
#8 C:\xampp\htdocs\ProyectoX\index.php(37): CodeIgniter\CodeIgniter->run()
#9 {main}
CRITICAL - 2022-04-24 18:17:49 --> require(Home.php): failed to open stream: No such file or directory
#0 C:\xampp\htdocs\ProyectoX\app\Views\holaMundo.php(11): CodeIgniter\Debug\Exceptions->errorHandler(2, 'require(Home.ph...', 'C:\\xampp\\htdocs...', 11, Array)
#1 C:\xampp\htdocs\ProyectoX\app\Views\holaMundo.php(11): require()
#2 C:\xampp\htdocs\ProyectoX\system\View\View.php(210): include('C:\\xampp\\htdocs...')
#3 C:\xampp\htdocs\ProyectoX\system\View\View.php(213): CodeIgniter\View\View->CodeIgniter\View\{closure}()
#4 C:\xampp\htdocs\ProyectoX\system\Common.php(1089): CodeIgniter\View\View->render('holaMundo', Array, true)
#5 C:\xampp\htdocs\ProyectoX\app\Controllers\miControlador.php(9): view('holaMundo')
#6 C:\xampp\htdocs\ProyectoX\system\CodeIgniter.php(832): App\Controllers\miControlador->index()
#7 C:\xampp\htdocs\ProyectoX\system\CodeIgniter.php(419): CodeIgniter\CodeIgniter->runController(Object(App\Controllers\miControlador))
#8 C:\xampp\htdocs\ProyectoX\system\CodeIgniter.php(326): CodeIgniter\CodeIgniter->handleRequest(NULL, Object(Config\Cache), false)
#9 C:\xampp\htdocs\ProyectoX\index.php(37): CodeIgniter\CodeIgniter->run()
#10 {main}
CRITICAL - 2022-04-24 18:19:36 --> include(Home.php): failed to open stream: No such file or directory
#0 C:\xampp\htdocs\ProyectoX\app\Views\holaMundo.php(11): CodeIgniter\Debug\Exceptions->errorHandler(2, 'include(Home.ph...', 'C:\\xampp\\htdocs...', 11, Array)
#1 C:\xampp\htdocs\ProyectoX\app\Views\holaMundo.php(11): include()
#2 C:\xampp\htdocs\ProyectoX\system\View\View.php(210): include('C:\\xampp\\htdocs...')
#3 C:\xampp\htdocs\ProyectoX\system\View\View.php(213): CodeIgniter\View\View->CodeIgniter\View\{closure}()
#4 C:\xampp\htdocs\ProyectoX\system\Common.php(1089): CodeIgniter\View\View->render('holaMundo', Array, true)
#5 C:\xampp\htdocs\ProyectoX\app\Controllers\miControlador.php(9): view('holaMundo')
#6 C:\xampp\htdocs\ProyectoX\system\CodeIgniter.php(832): App\Controllers\miControlador->index()
#7 C:\xampp\htdocs\ProyectoX\system\CodeIgniter.php(419): CodeIgniter\CodeIgniter->runController(Object(App\Controllers\miControlador))
#8 C:\xampp\htdocs\ProyectoX\system\CodeIgniter.php(326): CodeIgniter\CodeIgniter->handleRequest(NULL, Object(Config\Cache), false)
#9 C:\xampp\htdocs\ProyectoX\index.php(37): CodeIgniter\CodeIgniter->run()
#10 {main}
CRITICAL - 2022-04-24 18:19:36 --> include(Home.php): failed to open stream: No such file or directory
#0 C:\xampp\htdocs\ProyectoX\app\Views\holaMundo.php(11): CodeIgniter\Debug\Exceptions->errorHandler(2, 'include(Home.ph...', 'C:\\xampp\\htdocs...', 11, Array)
#1 C:\xampp\htdocs\ProyectoX\app\Views\holaMundo.php(11): include()
#2 C:\xampp\htdocs\ProyectoX\system\View\View.php(210): include('C:\\xampp\\htdocs...')
#3 C:\xampp\htdocs\ProyectoX\system\View\View.php(213): CodeIgniter\View\View->CodeIgniter\View\{closure}()
#4 C:\xampp\htdocs\ProyectoX\system\Common.php(1089): CodeIgniter\View\View->render('holaMundo', Array, true)
#5 C:\xampp\htdocs\ProyectoX\app\Controllers\miControlador.php(9): view('holaMundo')
#6 C:\xampp\htdocs\ProyectoX\system\CodeIgniter.php(832): App\Controllers\miControlador->index()
#7 C:\xampp\htdocs\ProyectoX\system\CodeIgniter.php(419): CodeIgniter\CodeIgniter->runController(Object(App\Controllers\miControlador))
#8 C:\xampp\htdocs\ProyectoX\system\CodeIgniter.php(326): CodeIgniter\CodeIgniter->handleRequest(NULL, Object(Config\Cache), false)
#9 C:\xampp\htdocs\ProyectoX\index.php(37): CodeIgniter\CodeIgniter->run()
#10 {main}
CRITICAL - 2022-04-24 18:19:46 --> include(home.php): failed to open stream: No such file or directory
#0 C:\xampp\htdocs\ProyectoX\app\Views\holaMundo.php(11): CodeIgniter\Debug\Exceptions->errorHandler(2, 'include(home.ph...', 'C:\\xampp\\htdocs...', 11, Array)
#1 C:\xampp\htdocs\ProyectoX\app\Views\holaMundo.php(11): include()
#2 C:\xampp\htdocs\ProyectoX\system\View\View.php(210): include('C:\\xampp\\htdocs...')
#3 C:\xampp\htdocs\ProyectoX\system\View\View.php(213): CodeIgniter\View\View->CodeIgniter\View\{closure}()
#4 C:\xampp\htdocs\ProyectoX\system\Common.php(1089): CodeIgniter\View\View->render('holaMundo', Array, true)
#5 C:\xampp\htdocs\ProyectoX\app\Controllers\miControlador.php(9): view('holaMundo')
#6 C:\xampp\htdocs\ProyectoX\system\CodeIgniter.php(832): App\Controllers\miControlador->index()
#7 C:\xampp\htdocs\ProyectoX\system\CodeIgniter.php(419): CodeIgniter\CodeIgniter->runController(Object(App\Controllers\miControlador))
#8 C:\xampp\htdocs\ProyectoX\system\CodeIgniter.php(326): CodeIgniter\CodeIgniter->handleRequest(NULL, Object(Config\Cache), false)
#9 C:\xampp\htdocs\ProyectoX\index.php(37): CodeIgniter\CodeIgniter->run()
#10 {main}
CRITICAL - 2022-04-24 18:19:46 --> include(home.php): failed to open stream: No such file or directory
#0 C:\xampp\htdocs\ProyectoX\app\Views\holaMundo.php(11): CodeIgniter\Debug\Exceptions->errorHandler(2, 'include(home.ph...', 'C:\\xampp\\htdocs...', 11, Array)
#1 C:\xampp\htdocs\ProyectoX\app\Views\holaMundo.php(11): include()
#2 C:\xampp\htdocs\ProyectoX\system\View\View.php(210): include('C:\\xampp\\htdocs...')
#3 C:\xampp\htdocs\ProyectoX\system\View\View.php(213): CodeIgniter\View\View->CodeIgniter\View\{closure}()
#4 C:\xampp\htdocs\ProyectoX\system\Common.php(1089): CodeIgniter\View\View->render('holaMundo', Array, true)
#5 C:\xampp\htdocs\ProyectoX\app\Controllers\miControlador.php(9): view('holaMundo')
#6 C:\xampp\htdocs\ProyectoX\system\CodeIgniter.php(832): App\Controllers\miControlador->index()
#7 C:\xampp\htdocs\ProyectoX\system\CodeIgniter.php(419): CodeIgniter\CodeIgniter->runController(Object(App\Controllers\miControlador))
#8 C:\xampp\htdocs\ProyectoX\system\CodeIgniter.php(326): CodeIgniter\CodeIgniter->handleRequest(NULL, Object(Config\Cache), false)
#9 C:\xampp\htdocs\ProyectoX\index.php(37): CodeIgniter\CodeIgniter->run()
#10 {main}
CRITICAL - 2022-04-24 18:19:46 --> include(home.php): failed to open stream: No such file or directory
#0 C:\xampp\htdocs\ProyectoX\app\Views\holaMundo.php(11): CodeIgniter\Debug\Exceptions->errorHandler(2, 'include(home.ph...', 'C:\\xampp\\htdocs...', 11, Array)
#1 C:\xampp\htdocs\ProyectoX\app\Views\holaMundo.php(11): include()
#2 C:\xampp\htdocs\ProyectoX\system\View\View.php(210): include('C:\\xampp\\htdocs...')
#3 C:\xampp\htdocs\ProyectoX\system\View\View.php(213): CodeIgniter\View\View->CodeIgniter\View\{closure}()
#4 C:\xampp\htdocs\ProyectoX\system\Common.php(1089): CodeIgniter\View\View->render('holaMundo', Array, true)
#5 C:\xampp\htdocs\ProyectoX\app\Controllers\miControlador.php(9): view('holaMundo')
#6 C:\xampp\htdocs\ProyectoX\system\CodeIgniter.php(832): App\Controllers\miControlador->index()
#7 C:\xampp\htdocs\ProyectoX\system\CodeIgniter.php(419): CodeIgniter\CodeIgniter->runController(Object(App\Controllers\miControlador))
#8 C:\xampp\htdocs\ProyectoX\system\CodeIgniter.php(326): CodeIgniter\CodeIgniter->handleRequest(NULL, Object(Config\Cache), false)
#9 C:\xampp\htdocs\ProyectoX\index.php(37): CodeIgniter\CodeIgniter->run()
#10 {main}
CRITICAL - 2022-04-24 18:19:47 --> include(home.php): failed to open stream: No such file or directory
#0 C:\xampp\htdocs\ProyectoX\app\Views\holaMundo.php(11): CodeIgniter\Debug\Exceptions->errorHandler(2, 'include(home.ph...', 'C:\\xampp\\htdocs...', 11, Array)
#1 C:\xampp\htdocs\ProyectoX\app\Views\holaMundo.php(11): include()
#2 C:\xampp\htdocs\ProyectoX\system\View\View.php(210): include('C:\\xampp\\htdocs...')
#3 C:\xampp\htdocs\ProyectoX\system\View\View.php(213): CodeIgniter\View\View->CodeIgniter\View\{closure}()
#4 C:\xampp\htdocs\ProyectoX\system\Common.php(1089): CodeIgniter\View\View->render('holaMundo', Array, true)
#5 C:\xampp\htdocs\ProyectoX\app\Controllers\miControlador.php(9): view('holaMundo')
#6 C:\xampp\htdocs\ProyectoX\system\CodeIgniter.php(832): App\Controllers\miControlador->index()
#7 C:\xampp\htdocs\ProyectoX\system\CodeIgniter.php(419): CodeIgniter\CodeIgniter->runController(Object(App\Controllers\miControlador))
#8 C:\xampp\htdocs\ProyectoX\system\CodeIgniter.php(326): CodeIgniter\CodeIgniter->handleRequest(NULL, Object(Config\Cache), false)
#9 C:\xampp\htdocs\ProyectoX\index.php(37): CodeIgniter\CodeIgniter->run()
#10 {main}
CRITICAL - 2022-04-24 18:51:39 --> Invalid file: header.php
#0 C:\xampp\htdocs\ProyectoX\system\View\View.php(198): CodeIgniter\Exceptions\FrameworkException::forInvalidFile('header.php')
#1 C:\xampp\htdocs\ProyectoX\system\Common.php(1089): CodeIgniter\View\View->render('header', Array, true)
#2 C:\xampp\htdocs\ProyectoX\app\Controllers\Home.php(14): view('header')
#3 C:\xampp\htdocs\ProyectoX\system\CodeIgniter.php(832): App\Controllers\Home->index()
#4 C:\xampp\htdocs\ProyectoX\system\CodeIgniter.php(419): CodeIgniter\CodeIgniter->runController(Object(App\Controllers\Home))
#5 C:\xampp\htdocs\ProyectoX\system\CodeIgniter.php(326): CodeIgniter\CodeIgniter->handleRequest(NULL, Object(Config\Cache), false)
#6 C:\xampp\htdocs\ProyectoX\index.php(37): CodeIgniter\CodeIgniter->run()
#7 {main}
CRITICAL - 2022-04-24 18:54:13 --> Invalid file: header.php
#0 C:\xampp\htdocs\ProyectoX\system\View\View.php(198): CodeIgniter\Exceptions\FrameworkException::forInvalidFile('header.php')
#1 C:\xampp\htdocs\ProyectoX\system\Common.php(1089): CodeIgniter\View\View->render('header', Array, true)
#2 C:\xampp\htdocs\ProyectoX\app\Controllers\Home.php(14): view('header')
#3 C:\xampp\htdocs\ProyectoX\system\CodeIgniter.php(832): App\Controllers\Home->index()
#4 C:\xampp\htdocs\ProyectoX\system\CodeIgniter.php(419): CodeIgniter\CodeIgniter->runController(Object(App\Controllers\Home))
#5 C:\xampp\htdocs\ProyectoX\system\CodeIgniter.php(326): CodeIgniter\CodeIgniter->handleRequest(NULL, Object(Config\Cache), false)
#6 C:\xampp\htdocs\ProyectoX\index.php(37): CodeIgniter\CodeIgniter->run()
#7 {main}
CRITICAL - 2022-04-24 19:00:53 --> syntax error, unexpected '' (T_ENCAPSED_AND_WHITESPACE), expecting '-' or identifier (T_STRING) or variable (T_VARIABLE) or number (T_NUM_STRING)
#0 C:\xampp\htdocs\ProyectoX\system\View\View.php(213): CodeIgniter\View\View->CodeIgniter\View\{closure}()
#1 C:\xampp\htdocs\ProyectoX\system\Common.php(1089): CodeIgniter\View\View->render('/front/header', Array, true)
#2 C:\xampp\htdocs\ProyectoX\app\Controllers\Home.php(15): view('/front/header')
#3 C:\xampp\htdocs\ProyectoX\system\CodeIgniter.php(832): App\Controllers\Home->index()
#4 C:\xampp\htdocs\ProyectoX\system\CodeIgniter.php(419): CodeIgniter\CodeIgniter->runController(Object(App\Controllers\Home))
#5 C:\xampp\htdocs\ProyectoX\system\CodeIgniter.php(326): CodeIgniter\CodeIgniter->handleRequest(NULL, Object(Config\Cache), false)
#6 C:\xampp\htdocs\ProyectoX\index.php(37): CodeIgniter\CodeIgniter->run()
#7 {main}
CRITICAL - 2022-04-24 19:22:40 --> Argument 2 passed to view() must be of the type array, string given, called in C:\xampp\htdocs\ProyectoX\app\Controllers\Home.php on line 15
#0 C:\xampp\htdocs\ProyectoX\app\Controllers\Home.php(15): view('/front/header', 'GG')
#1 C:\xampp\htdocs\ProyectoX\system\CodeIgniter.php(832): App\Controllers\Home->index()
#2 C:\xampp\htdocs\ProyectoX\system\CodeIgniter.php(419): CodeIgniter\CodeIgniter->runController(Object(App\Controllers\Home))
#3 C:\xampp\htdocs\ProyectoX\system\CodeIgniter.php(326): CodeIgniter\CodeIgniter->handleRequest(NULL, Object(Config\Cache), false)
#4 C:\xampp\htdocs\ProyectoX\index.php(37): CodeIgniter\CodeIgniter->run()
#5 {main}
